2023-11-24_22:04:45 Peer 1006 makes a connection to Peer 1001
2023-11-24_22:04:45 Peer 1006 received a 'not interested' message from 1001
2023-11-24_22:04:46 Peer 1006 is choked by 1001
2023-11-24_22:04:46 Peer 1006 makes a connection to Peer 1002
2023-11-24_22:04:46 Peer 1006 received a 'not interested' message from 1002
2023-11-24_22:04:47 Peer 1006 is choked by 1002
2023-11-24_22:04:47 Peer 1006 makes a connection to Peer 1003
2023-11-24_22:04:47 Peer 1006 received a 'interested' message from 1003
2023-11-24_22:04:48 Peer 1006 makes a connection to Peer 1004
2023-11-24_22:04:48 Peer 1006 received a 'interested' message from 1004
2023-11-24_22:04:48 Peer 1006 received a 'have' message from 1004 for the piece 956
2023-11-24_22:04:48 Peer 1006 received a 'have' message from 1004 for the piece 652
2023-11-24_22:04:48 Peer 1006 received a 'have' message from 1004 for the piece 1339
2023-11-24_22:04:48 Peer 1006 received a 'have' message from 1004 for the piece 874
2023-11-24_22:04:48 Peer 1006 received a 'have' message from 1004 for the piece 511
2023-11-24_22:04:49 Peer 1006 received a 'have' message from 1004 for the piece 112
2023-11-24_22:04:49 Peer 1006 received a 'have' message from 1004 for the piece 1015
2023-11-24_22:04:49 Peer 1006 received a 'have' message from 1004 for the piece 401
2023-11-24_22:04:49 Peer 1006 received a 'have' message from 1004 for the piece 619
2023-11-24_22:04:49 Peer 1006 makes a connection to Peer 1005
2023-11-24_22:04:49 Peer 1006 received a 'interested' message from 1005
2023-11-24_22:04:49 Peer 1006 received a 'have' message from 1004 for the piece 763
2023-11-24_22:04:49 Peer 1006 received a 'have' message from 1005 for the piece 3
2023-11-24_22:04:49 Peer 1006 received a 'have' message from 1004 for the piece 417
2023-11-24_22:04:49 Peer 1006 received a 'have' message from 1005 for the piece 796
2023-11-24_22:04:49 Peer 1006 received a 'have' message from 1004 for the piece 434
2023-11-24_22:04:49 Peer 1006 is choked by 1003
2023-11-24_22:04:49 Peer 1006 received a 'have' message from 1005 for the piece 919
2023-11-24_22:04:50 Peer 1006 received a 'have' message from 1004 for the piece 236
2023-11-24_22:04:50 Peer 1006 received a 'have' message from 1005 for the piece 896
2023-11-24_22:04:50 Peer 1006 received a 'have' message from 1004 for the piece 43
2023-11-24_22:04:50 Peer 1006 received a 'have' message from 1005 for the piece 1146
2023-11-24_22:04:50 Peer 1006 received a 'have' message from 1005 for the piece 312
2023-11-24_22:04:50 Peer 1006 received a 'have' message from 1004 for the piece 364
2023-11-24_22:04:50 Peer 1006 is unchoked by 1003
2023-11-24_22:04:50 Peer 1006 received a 'have' message from 1005 for the piece 495
2023-11-24_22:04:50 Peer 1006 is unchoked by 1004
2023-11-24_22:04:50 Peer 1006 is unchoked by 1005
2023-11-24_22:04:50 Peer 1006 has the preferred neighbors.
1003 , 1004 , 1005 , 
2023-11-24_22:04:50 Peer 1006 received a 'have' message from 1004 for the piece 864
2023-11-24_22:04:50 Peer 1006 received a 'have' message from 1004 for the piece 1147
2023-11-24_22:04:50 Peer 1006 received a 'have' message from 1004 for the piece 505
2023-11-24_22:04:50 Peer 1006 received a 'have' message from 1004 for the piece 657
2023-11-24_22:04:50 Peer 1006 received a 'have' message from 1004 for the piece 376
2023-11-24_22:04:50 Peer 1006 received a 'have' message from 1004 for the piece 1223
2023-11-24_22:04:50 Peer 1006 received a 'have' message from 1005 for the piece 832
2023-11-24_22:04:50 Peer 1006 received a 'have' message from 1005 for the piece 768
2023-11-24_22:04:50 Peer 1006 received a 'have' message from 1004 for the piece 1254
2023-11-24_22:04:50 Peer 1006 received a 'have' message from 1004 for the piece 999
2023-11-24_22:04:50 Peer 1006 received a 'have' message from 1005 for the piece 845
2023-11-24_22:04:50 Peer 1006 received a 'have' message from 1005 for the piece 900
2023-11-24_22:04:50 Peer 1006 received a 'have' message from 1005 for the piece 301
2023-11-24_22:04:50 Peer 1006 received a 'have' message from 1004 for the piece 385
2023-11-24_22:04:50 Peer 1006 received a 'have' message from 1004 for the piece 1086
2023-11-24_22:04:51 Peer 1006 received a 'have' message from 1005 for the piece 1106
2023-11-24_22:04:51 Peer 1006 is choked by 1001
2023-11-24_22:04:51 Peer 1006 received a 'have' message from 1004 for the piece 1429
2023-11-24_22:04:51 Peer 1006 received a 'have' message from 1004 for the piece 1253
2023-11-24_22:04:51 Peer 1006 received a 'have' message from 1005 for the piece 586
2023-11-24_22:04:51 Peer 1006 received a 'have' message from 1005 for the piece 152
2023-11-24_22:04:51 Peer 1006 received a 'have' message from 1005 for the piece 725
2023-11-24_22:04:51 Peer 1006 received a 'have' message from 1005 for the piece 1052
2023-11-24_22:04:51 Peer 1006 received a 'have' message from 1005 for the piece 878
2023-11-24_22:04:51 Peer 1006 received a 'have' message from 1005 for the piece 662
2023-11-24_22:04:51 Peer 1006 received a 'have' message from 1005 for the piece 651
2023-11-24_22:04:51 Peer 1006 received a 'have' message from 1005 for the piece 266
2023-11-24_22:04:51 Peer 1006 received a 'have' message from 1005 for the piece 330
2023-11-24_22:04:51 Peer 1006 received a 'have' message from 1005 for the piece 643
2023-11-24_22:04:51 Peer 1006 received a 'have' message from 1005 for the piece 307
2023-11-24_22:04:51 Peer 1006 received a 'have' message from 1005 for the piece 1283
2023-11-24_22:04:51 Peer 1006 received a 'have' message from 1005 for the piece 1000
2023-11-24_22:04:51 Peer 1006 received a 'have' message from 1005 for the piece 1007
2023-11-24_22:04:51 Peer 1006 received a 'have' message from 1005 for the piece 22
2023-11-24_22:04:51 Peer 1006 received a 'have' message from 1004 for the piece 498
2023-11-24_22:04:51 Peer 1006 received a 'have' message from 1004 for the piece 246
2023-11-24_22:04:51 Peer 1006 received a 'have' message from 1005 for the piece 549
2023-11-24_22:04:51 Peer 1006 received a 'have' message from 1004 for the piece 398
2023-11-24_22:04:51 Peer 1006 received a 'have' message from 1005 for the piece 1457
2023-11-24_22:04:51 Peer 1006 received a 'have' message from 1005 for the piece 1430
2023-11-24_22:04:51 Peer 1006 received a 'have' message from 1004 for the piece 19
2023-11-24_22:04:51 Peer 1006 received a 'have' message from 1004 for the piece 250
2023-11-24_22:04:51 Peer 1006 received a 'have' message from 1004 for the piece 1423
2023-11-24_22:04:51 Peer 1006 received a 'have' message from 1005 for the piece 1399
2023-11-24_22:04:51 Peer 1006 received a 'have' message from 1005 for the piece 519
2023-11-24_22:04:51 Peer 1006 received a 'have' message from 1004 for the piece 804
2023-11-24_22:04:51 Peer 1006 received a 'have' message from 1004 for the piece 433
2023-11-24_22:04:51 Peer 1006 received a 'have' message from 1004 for the piece 73
2023-11-24_22:04:51 Peer 1006 received a 'have' message from 1004 for the piece 1286
2023-11-24_22:04:51 Peer 1006 received a 'have' message from 1004 for the piece 1126
2023-11-24_22:04:51 Peer 1006 received a 'have' message from 1004 for the piece 1162
2023-11-24_22:04:51 Peer 1006 received a 'have' message from 1005 for the piece 1307
2023-11-24_22:04:51 Peer 1006 received a 'have' message from 1005 for the piece 1194
2023-11-24_22:04:51 Peer 1006 received a 'have' message from 1005 for the piece 473
2023-11-24_22:04:51 Peer 1006 received a 'have' message from 1005 for the piece 76
2023-11-24_22:04:51 Peer 1006 received a 'have' message from 1005 for the piece 539
2023-11-24_22:04:51 Peer 1006 received a 'have' message from 1005 for the piece 1343
2023-11-24_22:04:51 Peer 1006 received a 'have' message from 1004 for the piece 199
2023-11-24_22:04:51 Peer 1006 received a 'have' message from 1004 for the piece 548
2023-11-24_22:04:51 Peer 1006 received a 'have' message from 1005 for the piece 800
2023-11-24_22:04:51 Peer 1006 received a 'have' message from 1005 for the piece 364
2023-11-24_22:04:51 Peer 1006 received a 'have' message from 1005 for the piece 414
2023-11-24_22:04:51 Peer 1006 received a 'have' message from 1005 for the piece 33
2023-11-24_22:04:52 Peer 1006 received a 'have' message from 1004 for the piece 1154
2023-11-24_22:04:52 Peer 1006 received a 'have' message from 1004 for the piece 1245
2023-11-24_22:04:52 Peer 1006 received a 'have' message from 1005 for the piece 883
2023-11-24_22:04:52 Peer 1006 received a 'have' message from 1005 for the piece 1320
2023-11-24_22:04:52 Peer 1006 received a 'have' message from 1005 for the piece 341
2023-11-24_22:04:52 Peer 1006 received a 'have' message from 1004 for the piece 1072
2023-11-24_22:04:52 Peer 1006 received a 'have' message from 1004 for the piece 1401
2023-11-24_22:04:52 Peer 1006 received a 'have' message from 1004 for the piece 265
2023-11-24_22:04:52 Peer 1006 received a 'have' message from 1005 for the piece 1467
2023-11-24_22:04:52 Peer 1006 received a 'have' message from 1004 for the piece 752
2023-11-24_22:04:52 Peer 1006 received a 'have' message from 1005 for the piece 246
2023-11-24_22:04:52 Peer 1006 is choked by 1002
2023-11-24_22:04:52 Peer 1006 received a 'have' message from 1004 for the piece 1360
2023-11-24_22:04:52 Peer 1006 received a 'have' message from 1004 for the piece 1377
2023-11-24_22:04:52 Peer 1006 received a 'have' message from 1004 for the piece 1350
2023-11-24_22:04:52 Peer 1006 received a 'have' message from 1005 for the piece 221
2023-11-24_22:04:52 Peer 1006 received a 'have' message from 1005 for the piece 335
2023-11-24_22:04:52 Peer 1006 received a 'have' message from 1005 for the piece 1301
2023-11-24_22:04:52 Peer 1006 received a 'have' message from 1004 for the piece 291
2023-11-24_22:04:52 Peer 1006 received a 'have' message from 1004 for the piece 71
2023-11-24_22:04:52 Peer 1006 received a 'have' message from 1004 for the piece 38
2023-11-24_22:04:52 Peer 1006 received a 'have' message from 1004 for the piece 1263
2023-11-24_22:04:52 Peer 1006 received a 'have' message from 1005 for the piece 804
2023-11-24_22:04:52 Peer 1006 received a 'have' message from 1005 for the piece 196
2023-11-24_22:04:52 Peer 1006 received a 'have' message from 1005 for the piece 1382
2023-11-24_22:04:52 Peer 1006 received a 'have' message from 1004 for the piece 96
2023-11-24_22:04:52 Peer 1006 received a 'have' message from 1004 for the piece 1284
2023-11-24_22:04:52 Peer 1006 received a 'have' message from 1004 for the piece 537
2023-11-24_22:04:52 Peer 1006 received a 'have' message from 1004 for the piece 1216
2023-11-24_22:04:52 Peer 1006 received a 'have' message from 1004 for the piece 26
2023-11-24_22:04:52 Peer 1006 is choked by 1004
2023-11-24_22:04:52 Peer 1006 received a 'have' message from 1004 for the piece 916
2023-11-24_22:04:53 Peer 1006 received a 'have' message from 1004 for the piece 368
2023-11-24_22:04:53 Peer 1006 received a 'have' message from 1004 for the piece 722
2023-11-24_22:04:53 Peer 1006 received a 'have' message from 1004 for the piece 1233
2023-11-24_22:04:53 Peer 1006 received a 'have' message from 1004 for the piece 1053
2023-11-24_22:04:53 Peer 1006 received a 'have' message from 1004 for the piece 1000
2023-11-24_22:04:53 Peer 1006 received a 'have' message from 1004 for the piece 1481
2023-11-24_22:04:53 Peer 1006 received a 'have' message from 1004 for the piece 801
2023-11-24_22:04:53 Peer 1006 received a 'have' message from 1004 for the piece 522
2023-11-24_22:04:53 Peer 1006 received a 'have' message from 1004 for the piece 613
2023-11-24_22:04:53 Peer 1006 received a 'have' message from 1004 for the piece 709
2023-11-24_22:04:53 Peer 1006 received a 'have' message from 1004 for the piece 1455
2023-11-24_22:04:53 Peer 1006 received a 'have' message from 1004 for the piece 797
2023-11-24_22:04:54 Peer 1006 is choked by 1003
2023-11-24_22:04:55 Peer 1006 has the preferred neighbors.
1003 , 1004 , 1005 , 
2023-11-24_22:04:56 Peer 1006 is choked by 1001
2023-11-24_22:04:57 Peer 1006 is choked by 1002
2023-11-24_22:04:59 Peer 1006 is choked by 1003
2023-11-24_22:05:00 Peer 1006 has the preferred neighbors.
1003 , 1004 , 1005 , 
2023-11-24_22:05:01 Peer 1006 is choked by 1001
2023-11-24_22:05:02 Peer 1006 is choked by 1002
2023-11-24_22:05:04 Peer 1006 is choked by 1003
2023-11-24_22:05:05 Peer 1006 has the preferred neighbors.
1003 , 1004 , 1005 , 
2023-11-24_22:05:06 Peer 1006 is choked by 1001
2023-11-24_22:05:07 Peer 1006 is choked by 1002
2023-11-24_22:05:09 Peer 1006 is choked by 1003
2023-11-24_22:05:10 Peer 1006 has the preferred neighbors.
1003 , 1004 , 1005 , 
2023-11-24_22:05:11 Peer 1006 is choked by 1001
2023-11-24_22:05:12 Peer 1006 is choked by 1002
2023-11-24_22:05:14 Peer 1006 is choked by 1003
2023-11-24_22:05:15 Peer 1006 has the preferred neighbors.
1003 , 1004 , 1005 , 
2023-11-24_22:05:16 Peer 1006 is choked by 1001
2023-11-24_22:05:17 Peer 1006 is choked by 1002
2023-11-24_22:05:19 Peer 1006 is choked by 1003
2023-11-24_22:05:20 Peer 1006 has the preferred neighbors.
1003 , 1004 , 1005 , 
2023-11-24_22:05:21 Peer 1006 is choked by 1001
2023-11-24_22:05:22 Peer 1006 is choked by 1002
2023-11-24_22:05:24 Peer 1006 is choked by 1003
2023-11-24_22:05:25 Peer 1006 has the preferred neighbors.
1003 , 1004 , 1005 , 
2023-11-24_22:05:26 Peer 1006 is choked by 1001
2023-11-24_22:05:27 Peer 1006 is choked by 1002
2023-11-24_22:05:30 Peer 1006 is choked by 1003
2023-11-24_22:05:30 Peer 1006 has the preferred neighbors.
1003 , 1004 , 1005 , 
2023-11-24_22:05:31 Peer 1006 is choked by 1001
2023-11-24_22:05:32 Peer 1006 is choked by 1002
2023-11-24_22:05:34 Peer 1006 is choked by 1003
2023-11-24_22:05:35 Peer 1006 has the preferred neighbors.
1003 , 1004 , 1005 , 
2023-11-24_22:05:36 Peer 1006 is choked by 1001
2023-11-24_22:05:37 Peer 1006 is choked by 1002
2023-11-24_22:05:40 Peer 1006 is choked by 1003
2023-11-24_22:05:40 Peer 1006 has the preferred neighbors.
1003 , 1004 , 1005 , 
2023-11-24_22:05:41 Peer 1006 is choked by 1001
2023-11-24_22:05:42 Peer 1006 is choked by 1002
2023-11-24_22:05:45 Peer 1006 is choked by 1003
2023-11-24_22:05:45 Peer 1006 has the preferred neighbors.
1003 , 1004 , 1005 , 
2023-11-24_22:05:46 Peer 1006 is choked by 1001
2023-11-24_22:05:47 Peer 1006 is choked by 1002
2023-11-24_22:05:50 Peer 1006 is choked by 1003
2023-11-24_22:05:50 Peer 1006 has the preferred neighbors.
1003 , 1004 , 1005 , 
2023-11-24_22:05:51 Peer 1006 is choked by 1001
2023-11-24_22:05:52 Peer 1006 is choked by 1002
2023-11-24_22:05:55 Peer 1006 is choked by 1003
2023-11-24_22:05:55 Peer 1006 has the preferred neighbors.
1003 , 1004 , 1005 , 
2023-11-24_22:05:56 Peer 1006 is choked by 1001
2023-11-24_22:05:57 Peer 1006 is choked by 1002
2023-11-24_22:06:00 Peer 1006 is choked by 1003
2023-11-24_22:06:01 Peer 1006 has the preferred neighbors.
1003 , 1004 , 1005 , 
2023-11-24_22:06:01 Peer 1006 is choked by 1001
2023-11-24_22:06:02 Peer 1006 is choked by 1002
2023-11-24_22:06:05 Peer 1006 is choked by 1003
2023-11-24_22:06:06 Peer 1006 has the preferred neighbors.
1003 , 1004 , 1005 , 
2023-11-24_22:06:06 Peer 1006 is choked by 1001
2023-11-24_22:06:07 Peer 1006 is choked by 1002
2023-11-24_22:06:10 Peer 1006 is choked by 1003
2023-11-24_22:06:11 Peer 1006 has the preferred neighbors.
1003 , 1004 , 1005 , 
2023-11-24_22:06:12 Peer 1006 is choked by 1001
2023-11-24_22:06:12 Peer 1006 is choked by 1002
2023-11-24_22:06:15 Peer 1006 is choked by 1003
2023-11-24_22:06:16 Peer 1006 has the preferred neighbors.
1003 , 1004 , 1005 , 
2023-11-24_22:06:17 Peer 1006 is choked by 1001
2023-11-24_22:06:17 Peer 1006 is choked by 1002
2023-11-24_22:06:20 Peer 1006 is choked by 1003
2023-11-24_22:06:21 Peer 1006 has the preferred neighbors.
1003 , 1004 , 1005 , 
2023-11-24_22:06:22 Peer 1006 is choked by 1001
2023-11-24_22:06:22 Peer 1006 is choked by 1002
2023-11-24_22:06:25 Peer 1006 is choked by 1003
2023-11-24_22:06:26 Peer 1006 has the preferred neighbors.
1003 , 1004 , 1005 , 
2023-11-24_22:06:27 Peer 1006 is choked by 1001
2023-11-24_22:06:27 Peer 1006 is choked by 1002
2023-11-24_22:06:30 Peer 1006 is choked by 1003
2023-11-24_22:06:31 Peer 1006 has the preferred neighbors.
1003 , 1004 , 1005 , 
2023-11-24_22:06:32 Peer 1006 is choked by 1001
2023-11-24_22:06:32 Peer 1006 is choked by 1002
2023-11-24_22:06:35 Peer 1006 is choked by 1003
2023-11-24_22:06:36 Peer 1006 has the preferred neighbors.
1003 , 1004 , 1005 , 
2023-11-24_22:06:37 Peer 1006 is choked by 1001
2023-11-24_22:06:38 Peer 1006 is choked by 1002
2023-11-24_22:06:40 Peer 1006 is choked by 1003
2023-11-24_22:06:41 Peer 1006 has the preferred neighbors.
1003 , 1004 , 1005 , 
2023-11-24_22:06:42 Peer 1006 is choked by 1001
2023-11-24_22:06:43 Peer 1006 is choked by 1002
2023-11-24_22:06:45 Peer 1006 is choked by 1003
2023-11-24_22:06:46 Peer 1006 has the preferred neighbors.
1003 , 1004 , 1005 , 
2023-11-24_22:06:47 Peer 1006 is choked by 1001
2023-11-24_22:06:48 Peer 1006 is choked by 1002
2023-11-24_22:06:50 Peer 1006 is choked by 1003
2023-11-24_22:06:51 Peer 1006 has the preferred neighbors.
1003 , 1004 , 1005 , 
2023-11-24_22:06:52 Peer 1006 is choked by 1001
2023-11-24_22:06:53 Peer 1006 is choked by 1002
2023-11-24_22:06:55 Peer 1006 is choked by 1003
2023-11-24_22:06:56 Peer 1006 has the preferred neighbors.
1003 , 1004 , 1005 , 
2023-11-24_22:06:57 Peer 1006 is choked by 1001
2023-11-24_22:06:58 Peer 1006 is choked by 1002
2023-11-24_22:07:00 Peer 1006 is choked by 1003
2023-11-24_22:07:01 Peer 1006 has the preferred neighbors.
1003 , 1004 , 1005 , 
2023-11-24_22:07:02 Peer 1006 is choked by 1001
2023-11-24_22:07:03 Peer 1006 is choked by 1002
2023-11-24_22:07:05 Peer 1006 is choked by 1003
2023-11-24_22:07:06 Peer 1006 has the preferred neighbors.
1003 , 1004 , 1005 , 
2023-11-24_22:07:07 Peer 1006 is choked by 1001
2023-11-24_22:07:08 Peer 1006 is choked by 1002
2023-11-24_22:07:10 Peer 1006 is choked by 1003
2023-11-24_22:07:11 Peer 1006 has the preferred neighbors.
1003 , 1004 , 1005 , 
2023-11-24_22:07:12 Peer 1006 is choked by 1001
2023-11-24_22:07:13 Peer 1006 is choked by 1002
2023-11-24_22:07:15 Peer 1006 is choked by 1003
2023-11-24_22:07:16 Peer 1006 has the preferred neighbors.
1003 , 1004 , 1005 , 
2023-11-24_22:07:17 Peer 1006 is choked by 1001
2023-11-24_22:07:18 Peer 1006 is choked by 1002
2023-11-24_22:07:20 Peer 1006 is choked by 1003
2023-11-24_22:07:21 Peer 1006 has the preferred neighbors.
1003 , 1004 , 1005 , 
2023-11-24_22:07:22 Peer 1006 is choked by 1001
2023-11-24_22:07:23 Peer 1006 is choked by 1002
2023-11-24_22:07:25 Peer 1006 is choked by 1003
2023-11-24_22:07:26 Peer 1006 has the preferred neighbors.
1003 , 1004 , 1005 , 
2023-11-24_22:07:27 Peer 1006 is choked by 1001
2023-11-24_22:07:28 Peer 1006 is choked by 1002
2023-11-24_22:07:30 Peer 1006 is choked by 1003
2023-11-24_22:07:31 Peer 1006 has the preferred neighbors.
1003 , 1004 , 1005 , 
2023-11-24_22:07:32 Peer 1006 is choked by 1001
2023-11-24_22:07:33 Peer 1006 is choked by 1002
2023-11-24_22:07:35 Peer 1006 is choked by 1003
2023-11-24_22:07:36 Peer 1006 has the preferred neighbors.
1003 , 1004 , 1005 , 
2023-11-24_22:07:37 Peer 1006 is choked by 1001
2023-11-24_22:07:38 Peer 1006 is choked by 1002
2023-11-24_22:07:40 Peer 1006 is choked by 1003
2023-11-24_22:07:41 Peer 1006 has the preferred neighbors.
1003 , 1004 , 1005 , 
2023-11-24_22:07:42 Peer 1006 is choked by 1001
2023-11-24_22:07:43 Peer 1006 is choked by 1002
2023-11-24_22:07:45 Peer 1006 is choked by 1003
2023-11-24_22:07:46 Peer 1006 has the preferred neighbors.
1003 , 1004 , 1005 , 
2023-11-24_22:07:47 Peer 1006 is choked by 1001
2023-11-24_22:07:48 Peer 1006 is choked by 1002
2023-11-24_22:07:50 Peer 1006 is choked by 1003
2023-11-24_22:07:51 Peer 1006 has the preferred neighbors.
1003 , 1004 , 1005 , 
2023-11-24_22:07:52 Peer 1006 is choked by 1001
2023-11-24_22:07:53 Peer 1006 is choked by 1002
2023-11-24_22:07:55 Peer 1006 is choked by 1003
2023-11-24_22:07:56 Peer 1006 has the preferred neighbors.
1003 , 1004 , 1005 , 
2023-11-24_22:07:57 Peer 1006 is choked by 1001
2023-11-24_22:07:58 Peer 1006 is choked by 1002
2023-11-24_22:08:00 Peer 1006 is choked by 1003
2023-11-24_22:08:02 Peer 1006 has the preferred neighbors.
1003 , 1004 , 1005 , 
2023-11-24_22:08:02 Peer 1006 is choked by 1001
2023-11-24_22:08:03 Peer 1006 is choked by 1002
2023-11-24_22:08:05 Peer 1006 is choked by 1003
2023-11-24_22:08:07 Peer 1006 has the preferred neighbors.
1003 , 1004 , 1005 , 
2023-11-24_22:08:07 Peer 1006 is choked by 1001
2023-11-24_22:08:08 Peer 1006 is choked by 1002
2023-11-24_22:08:10 Peer 1006 is choked by 1003
2023-11-24_22:08:12 Peer 1006 has the preferred neighbors.
1003 , 1004 , 1005 , 
2023-11-24_22:08:12 Peer 1006 is choked by 1001
2023-11-24_22:08:13 Peer 1006 is choked by 1002
2023-11-24_22:08:15 Peer 1006 is choked by 1003
2023-11-24_22:08:17 Peer 1006 has the preferred neighbors.
1003 , 1004 , 1005 , 
2023-11-24_22:08:17 Peer 1006 is choked by 1001
2023-11-24_22:08:18 Peer 1006 is choked by 1002
2023-11-24_22:08:20 Peer 1006 is choked by 1003
2023-11-24_22:08:22 Peer 1006 has the preferred neighbors.
1003 , 1004 , 1005 , 
2023-11-24_22:08:22 Peer 1006 is choked by 1001
2023-11-24_22:08:23 Peer 1006 is choked by 1002
2023-11-24_22:08:25 Peer 1006 is choked by 1003
2023-11-24_22:08:27 Peer 1006 has the preferred neighbors.
1003 , 1004 , 1005 , 
2023-11-24_22:08:27 Peer 1006 is choked by 1001
2023-11-24_22:08:28 Peer 1006 is choked by 1002
2023-11-24_22:08:30 Peer 1006 is choked by 1003
2023-11-24_22:08:32 Peer 1006 has the preferred neighbors.
1003 , 1004 , 1005 , 
2023-11-24_22:08:32 Peer 1006 is choked by 1001
2023-11-24_22:08:33 Peer 1006 is choked by 1002
2023-11-24_22:08:35 Peer 1006 is choked by 1003
2023-11-24_22:08:37 Peer 1006 has the preferred neighbors.
1003 , 1004 , 1005 , 
2023-11-24_22:08:37 Peer 1006 is choked by 1001
2023-11-24_22:08:38 Peer 1006 is choked by 1002
2023-11-24_22:08:40 Peer 1006 is choked by 1003
2023-11-24_22:08:42 Peer 1006 has the preferred neighbors.
1003 , 1004 , 1005 , 
2023-11-24_22:08:43 Peer 1006 is choked by 1001
2023-11-24_22:08:44 Peer 1006 is choked by 1002
2023-11-24_22:08:45 Peer 1006 is choked by 1003
2023-11-24_22:08:47 Peer 1006 has the preferred neighbors.
1003 , 1004 , 1005 , 
2023-11-24_22:08:48 Peer 1006 is choked by 1001
2023-11-24_22:08:49 Peer 1006 is choked by 1002
2023-11-24_22:08:50 Peer 1006 is choked by 1003
2023-11-24_22:08:52 Peer 1006 has the preferred neighbors.
1003 , 1004 , 1005 , 
2023-11-24_22:08:53 Peer 1006 is choked by 1001
2023-11-24_22:08:54 Peer 1006 is choked by 1002
2023-11-24_22:08:55 Peer 1006 is choked by 1003
2023-11-24_22:08:57 Peer 1006 has the preferred neighbors.
1003 , 1004 , 1005 , 
2023-11-24_22:08:58 Peer 1006 is choked by 1001
2023-11-24_22:08:59 Peer 1006 is choked by 1002
2023-11-24_22:09:00 Peer 1006 is choked by 1003
2023-11-24_22:09:02 Peer 1006 has the preferred neighbors.
1003 , 1004 , 1005 , 
2023-11-24_22:09:03 Peer 1006 is choked by 1001
2023-11-24_22:09:04 Peer 1006 is choked by 1002
2023-11-24_22:09:06 Peer 1006 is choked by 1003
2023-11-24_22:09:07 Peer 1006 has the preferred neighbors.
1003 , 1004 , 1005 , 
2023-11-24_22:09:08 Peer 1006 is choked by 1001
2023-11-24_22:09:09 Peer 1006 is choked by 1002
2023-11-24_22:09:11 Peer 1006 is choked by 1003
2023-11-24_22:09:12 Peer 1006 has the preferred neighbors.
1003 , 1004 , 1005 , 
2023-11-24_22:09:13 Peer 1006 is choked by 1001
2023-11-24_22:09:14 Peer 1006 is choked by 1002
2023-11-24_22:09:16 Peer 1006 is choked by 1003
2023-11-24_22:09:17 Peer 1006 has the preferred neighbors.
1003 , 1004 , 1005 , 
2023-11-24_22:09:18 Peer 1006 is choked by 1001
2023-11-24_22:09:19 Peer 1006 is choked by 1002
2023-11-24_22:09:21 Peer 1006 is choked by 1003
2023-11-24_22:09:22 Peer 1006 has the preferred neighbors.
1003 , 1004 , 1005 , 
2023-11-24_22:09:23 Peer 1006 is choked by 1001
2023-11-24_22:09:24 Peer 1006 is choked by 1002
2023-11-24_22:09:26 Peer 1006 is choked by 1003
2023-11-24_22:09:28 Peer 1006 has the preferred neighbors.
1003 , 1004 , 1005 , 
2023-11-24_22:09:28 Peer 1006 is choked by 1001
2023-11-24_22:09:29 Peer 1006 is choked by 1002
2023-11-24_22:09:31 Peer 1006 is choked by 1003
2023-11-24_22:09:33 Peer 1006 has the preferred neighbors.
1003 , 1004 , 1005 , 
2023-11-24_22:09:33 Peer 1006 is choked by 1001
2023-11-24_22:09:34 Peer 1006 is choked by 1002
2023-11-24_22:09:36 Peer 1006 is choked by 1003
2023-11-24_22:09:38 Peer 1006 has the preferred neighbors.
1003 , 1004 , 1005 , 
2023-11-24_22:09:38 Peer 1006 is choked by 1001
2023-11-24_22:09:39 Peer 1006 is choked by 1002
2023-11-24_22:09:41 Peer 1006 is choked by 1003
2023-11-24_22:09:43 Peer 1006 has the preferred neighbors.
1003 , 1004 , 1005 , 
2023-11-24_22:09:43 Peer 1006 is choked by 1001
2023-11-24_22:09:44 Peer 1006 is choked by 1002
2023-11-24_22:09:46 Peer 1006 is choked by 1003
2023-11-24_22:09:48 Peer 1006 has the preferred neighbors.
1003 , 1004 , 1005 , 
2023-11-24_22:09:48 Peer 1006 is choked by 1001
2023-11-24_22:09:49 Peer 1006 is choked by 1002
2023-11-24_22:09:51 Peer 1006 is choked by 1003
2023-11-24_22:09:53 Peer 1006 has the preferred neighbors.
1003 , 1004 , 1005 , 
2023-11-24_22:09:53 Peer 1006 is choked by 1001
2023-11-24_22:09:54 Peer 1006 is choked by 1002
2023-11-24_22:09:56 Peer 1006 is choked by 1003
2023-11-24_22:09:58 Peer 1006 has the preferred neighbors.
1003 , 1004 , 1005 , 
2023-11-24_22:09:58 Peer 1006 is choked by 1001
2023-11-24_22:09:59 Peer 1006 is choked by 1002
2023-11-24_22:10:01 Peer 1006 is choked by 1003
2023-11-24_22:10:03 Peer 1006 has the preferred neighbors.
1003 , 1004 , 1005 , 
2023-11-24_22:10:03 Peer 1006 is choked by 1001
2023-11-24_22:10:04 Peer 1006 is choked by 1002
2023-11-24_22:10:06 Peer 1006 is choked by 1003
2023-11-24_22:10:08 Peer 1006 has the preferred neighbors.
1003 , 1004 , 1005 , 
2023-11-24_22:10:09 Peer 1006 is choked by 1001
2023-11-24_22:10:09 Peer 1006 is choked by 1002
2023-11-24_22:10:11 Peer 1006 is choked by 1003
2023-11-24_22:10:13 Peer 1006 has the preferred neighbors.
1003 , 1004 , 1005 , 
2023-11-24_22:10:14 Peer 1006 is choked by 1001
2023-11-24_22:10:14 Peer 1006 is choked by 1002
2023-11-24_22:10:16 Peer 1006 is choked by 1003
2023-11-24_22:10:18 Peer 1006 has the preferred neighbors.
1003 , 1004 , 1005 , 
2023-11-24_22:10:19 Peer 1006 is choked by 1001
2023-11-24_22:10:19 Peer 1006 is choked by 1002
2023-11-24_22:10:21 Peer 1006 is choked by 1003
2023-11-24_22:10:23 Peer 1006 has the preferred neighbors.
1003 , 1004 , 1005 , 
2023-11-24_22:10:24 Peer 1006 is choked by 1001
2023-11-24_22:10:24 Peer 1006 is choked by 1002
2023-11-24_22:10:26 Peer 1006 is choked by 1003
2023-11-24_22:10:28 Peer 1006 has the preferred neighbors.
1003 , 1004 , 1005 , 
2023-11-24_22:10:29 Peer 1006 is choked by 1001
2023-11-24_22:10:29 Peer 1006 is choked by 1002
2023-11-24_22:10:31 Peer 1006 is choked by 1003
2023-11-24_22:10:33 Peer 1006 has the preferred neighbors.
1003 , 1004 , 1005 , 
2023-11-24_22:10:34 Peer 1006 is choked by 1001
2023-11-24_22:10:35 Peer 1006 is choked by 1002
2023-11-24_22:10:36 Peer 1006 is choked by 1003
2023-11-24_22:10:38 Peer 1006 has the preferred neighbors.
1003 , 1004 , 1005 , 
2023-11-24_22:10:39 Peer 1006 is choked by 1001
2023-11-24_22:10:40 Peer 1006 is choked by 1002
2023-11-24_22:10:41 Peer 1006 is choked by 1003
2023-11-24_22:10:43 Peer 1006 has the preferred neighbors.
1003 , 1004 , 1005 , 
2023-11-24_22:10:44 Peer 1006 is choked by 1001
2023-11-24_22:10:45 Peer 1006 is choked by 1002
2023-11-24_22:10:46 Peer 1006 is choked by 1003
2023-11-24_22:10:48 Peer 1006 has the preferred neighbors.
1003 , 1004 , 1005 , 
2023-11-24_22:10:49 Peer 1006 is choked by 1001
2023-11-24_22:10:50 Peer 1006 is choked by 1002
2023-11-24_22:10:51 Peer 1006 is choked by 1003
2023-11-24_22:10:54 Peer 1006 has the preferred neighbors.
1003 , 1004 , 1005 , 
2023-11-24_22:10:54 Peer 1006 is choked by 1001
2023-11-24_22:10:55 Peer 1006 is choked by 1002
2023-11-24_22:10:56 Peer 1006 is choked by 1003
2023-11-24_22:10:59 Peer 1006 has the preferred neighbors.
1003 , 1004 , 1005 , 
2023-11-24_22:10:59 Peer 1006 is choked by 1001
2023-11-24_22:11:00 Peer 1006 is choked by 1002
2023-11-24_22:11:01 Peer 1006 is choked by 1003
2023-11-24_22:11:04 Peer 1006 has the preferred neighbors.
1003 , 1004 , 1005 , 
2023-11-24_22:11:04 Peer 1006 is choked by 1001
2023-11-24_22:11:05 Peer 1006 is choked by 1002
2023-11-24_22:11:06 Peer 1006 is choked by 1003
2023-11-24_22:11:09 Peer 1006 has the preferred neighbors.
1003 , 1004 , 1005 , 
2023-11-24_22:11:09 Peer 1006 is choked by 1001
2023-11-24_22:11:10 Peer 1006 is choked by 1002
2023-11-24_22:11:11 Peer 1006 is choked by 1003
2023-11-24_22:11:14 Peer 1006 has the preferred neighbors.
1003 , 1004 , 1005 , 
2023-11-24_22:11:14 Peer 1006 is choked by 1001
2023-11-24_22:11:15 Peer 1006 is choked by 1002
2023-11-24_22:11:16 Peer 1006 is choked by 1003
2023-11-24_22:11:19 Peer 1006 has the preferred neighbors.
1003 , 1004 , 1005 , 
2023-11-24_22:11:19 Peer 1006 is choked by 1001
2023-11-24_22:11:20 Peer 1006 is choked by 1002
2023-11-24_22:11:22 Peer 1006 is choked by 1003
2023-11-24_22:11:24 Peer 1006 has the preferred neighbors.
1003 , 1004 , 1005 , 
2023-11-24_22:11:24 Peer 1006 is choked by 1001
2023-11-24_22:11:25 Peer 1006 is choked by 1002
2023-11-24_22:11:27 Peer 1006 is choked by 1003
2023-11-24_22:11:29 Peer 1006 has the preferred neighbors.
1003 , 1004 , 1005 , 
2023-11-24_22:11:30 Peer 1006 is choked by 1001
2023-11-24_22:11:30 Peer 1006 is choked by 1002
2023-11-24_22:11:32 Peer 1006 is choked by 1003
2023-11-24_22:11:34 Peer 1006 has the preferred neighbors.
1003 , 1004 , 1005 , 
2023-11-24_22:11:35 Peer 1006 is choked by 1001
2023-11-24_22:11:35 Peer 1006 is choked by 1002
2023-11-24_22:11:37 Peer 1006 is choked by 1003
2023-11-24_22:11:39 Peer 1006 has the preferred neighbors.
1003 , 1004 , 1005 , 
2023-11-24_22:11:40 Peer 1006 is choked by 1001
2023-11-24_22:11:40 Peer 1006 is choked by 1002
2023-11-24_22:11:42 Peer 1006 is choked by 1003
2023-11-24_22:11:44 Peer 1006 has the preferred neighbors.
1003 , 1004 , 1005 , 
2023-11-24_22:11:45 Peer 1006 is choked by 1001
2023-11-24_22:11:45 Peer 1006 is choked by 1002
2023-11-24_22:11:47 Peer 1006 is choked by 1003
2023-11-24_22:11:49 Peer 1006 has the preferred neighbors.
1003 , 1004 , 1005 , 
2023-11-24_22:11:50 Peer 1006 is choked by 1001
2023-11-24_22:11:50 Peer 1006 is choked by 1002
2023-11-24_22:11:52 Peer 1006 is choked by 1003
2023-11-24_22:11:54 Peer 1006 has the preferred neighbors.
1003 , 1004 , 1005 , 
2023-11-24_22:11:55 Peer 1006 is choked by 1001
2023-11-24_22:11:55 Peer 1006 is choked by 1002
2023-11-24_22:11:57 Peer 1006 is choked by 1003
2023-11-24_22:11:59 Peer 1006 has the preferred neighbors.
1003 , 1004 , 1005 , 
2023-11-24_22:12:00 Peer 1006 is choked by 1001
2023-11-24_22:12:00 Peer 1006 is choked by 1002
2023-11-24_22:12:02 Peer 1006 is choked by 1003
2023-11-24_22:12:04 Peer 1006 has the preferred neighbors.
1003 , 1004 , 1005 , 
2023-11-24_22:12:05 Peer 1006 is choked by 1001
2023-11-24_22:12:05 Peer 1006 is choked by 1002
2023-11-24_22:12:07 Peer 1006 is choked by 1003
2023-11-24_22:12:09 Peer 1006 has the preferred neighbors.
1003 , 1004 , 1005 , 
2023-11-24_22:12:10 Peer 1006 is choked by 1001
2023-11-24_22:12:10 Peer 1006 is choked by 1002
2023-11-24_22:12:12 Peer 1006 is choked by 1003
2023-11-24_22:12:14 Peer 1006 has the preferred neighbors.
1003 , 1004 , 1005 , 
2023-11-24_22:12:15 Peer 1006 is choked by 1001
2023-11-24_22:12:15 Peer 1006 is choked by 1002
2023-11-24_22:12:17 Peer 1006 is choked by 1003
2023-11-24_22:12:20 Peer 1006 has the preferred neighbors.
1003 , 1004 , 1005 , 
2023-11-24_22:12:20 Peer 1006 is choked by 1001
2023-11-24_22:12:20 Peer 1006 is choked by 1002
2023-11-24_22:12:22 Peer 1006 is choked by 1003
2023-11-24_22:12:25 Peer 1006 has the preferred neighbors.
1003 , 1004 , 1005 , 
2023-11-24_22:12:25 Peer 1006 is choked by 1001
2023-11-24_22:12:25 Peer 1006 is choked by 1002
2023-11-24_22:12:27 Peer 1006 is choked by 1003
2023-11-24_22:12:30 Peer 1006 has the preferred neighbors.
1003 , 1004 , 1005 , 
2023-11-24_22:12:30 Peer 1006 is choked by 1001
2023-11-24_22:12:30 Peer 1006 is choked by 1002
2023-11-24_22:12:32 Peer 1006 is choked by 1003
2023-11-24_22:12:35 Peer 1006 has the preferred neighbors.
1003 , 1004 , 1005 , 
2023-11-24_22:12:35 Peer 1006 is choked by 1001
2023-11-24_22:12:35 Peer 1006 is choked by 1002
2023-11-24_22:12:37 Peer 1006 is choked by 1003
