2023-11-24_22:18:56 Peer 1005 makes a connection to Peer 1001
2023-11-24_22:18:56 Peer 1005 has downloaded the piece 840 from 1001.
Now the number of pieces it has is 1
2023-11-24_22:18:56 Peer 1005 has downloaded the piece 768 from 1001.
Now the number of pieces it has is 2
2023-11-24_22:18:56 Peer 1005 has downloaded the piece 761 from 1001.
Now the number of pieces it has is 3
2023-11-24_22:18:56 Peer 1005 has downloaded the piece 541 from 1001.
Now the number of pieces it has is 4
2023-11-24_22:18:56 Peer 1005 has downloaded the piece 300 from 1001.
Now the number of pieces it has is 5
2023-11-24_22:18:56 Peer 1005 has downloaded the piece 414 from 1001.
Now the number of pieces it has is 6
2023-11-24_22:18:56 Peer 1005 has downloaded the piece 177 from 1001.
Now the number of pieces it has is 7
2023-11-24_22:18:56 Peer 1005 has downloaded the piece 1023 from 1001.
Now the number of pieces it has is 8
2023-11-24_22:18:56 Peer 1005 has downloaded the piece 554 from 1001.
Now the number of pieces it has is 9
2023-11-24_22:18:56 Peer 1005 has downloaded the piece 183 from 1001.
Now the number of pieces it has is 10
2023-11-24_22:18:56 Peer 1005 has downloaded the piece 1059 from 1001.
Now the number of pieces it has is 11
2023-11-24_22:18:56 Peer 1005 has downloaded the piece 944 from 1001.
Now the number of pieces it has is 12
2023-11-24_22:18:56 Peer 1005 has downloaded the piece 1391 from 1001.
Now the number of pieces it has is 13
2023-11-24_22:18:56 Peer 1005 has downloaded the piece 475 from 1001.
Now the number of pieces it has is 14
2023-11-24_22:18:56 Peer 1005 has downloaded the piece 845 from 1001.
Now the number of pieces it has is 15
2023-11-24_22:18:56 Peer 1005 has downloaded the piece 1458 from 1001.
Now the number of pieces it has is 16
2023-11-24_22:18:56 Peer 1005 has downloaded the piece 676 from 1001.
Now the number of pieces it has is 17
2023-11-24_22:18:56 Peer 1005 has downloaded the piece 650 from 1001.
Now the number of pieces it has is 18
2023-11-24_22:18:56 Peer 1005 has downloaded the piece 607 from 1001.
Now the number of pieces it has is 19
2023-11-24_22:18:56 Peer 1005 has downloaded the piece 270 from 1001.
Now the number of pieces it has is 20
2023-11-24_22:18:56 Peer 1005 has downloaded the piece 969 from 1001.
Now the number of pieces it has is 21
2023-11-24_22:18:56 Peer 1005 has downloaded the piece 292 from 1001.
Now the number of pieces it has is 22
2023-11-24_22:18:56 Peer 1005 has downloaded the piece 1272 from 1001.
Now the number of pieces it has is 23
2023-11-24_22:18:56 Peer 1005 has downloaded the piece 1457 from 1001.
Now the number of pieces it has is 24
2023-11-24_22:18:56 Peer 1005 makes a connection to Peer 1002
2023-11-24_22:18:57 Peer 1005 has downloaded the piece 1437 from 1001.
Now the number of pieces it has is 25
2023-11-24_22:18:57 Peer 1005 has downloaded the piece 770 from 1001.
Now the number of pieces it has is 26
2023-11-24_22:18:57 Peer 1005 has downloaded the piece 1216 from 1001.
Now the number of pieces it has is 27
2023-11-24_22:18:57 Peer 1005 has downloaded the piece 1320 from 1001.
Now the number of pieces it has is 28
2023-11-24_22:18:57 Peer 1005 has downloaded the piece 466 from 1001.
Now the number of pieces it has is 29
2023-11-24_22:18:57 Peer 1005 has downloaded the piece 1449 from 1001.
Now the number of pieces it has is 30
2023-11-24_22:18:57 Peer 1005 has downloaded the piece 669 from 1001.
Now the number of pieces it has is 31
2023-11-24_22:18:57 Peer 1005 has downloaded the piece 1162 from 1001.
Now the number of pieces it has is 32
2023-11-24_22:18:57 Peer 1005 has downloaded the piece 1450 from 1001.
Now the number of pieces it has is 33
2023-11-24_22:18:57 Peer 1005 has downloaded the piece 654 from 1001.
Now the number of pieces it has is 34
2023-11-24_22:18:57 Peer 1005 has downloaded the piece 1071 from 1001.
Now the number of pieces it has is 35
2023-11-24_22:18:57 Peer 1005 has downloaded the piece 1289 from 1001.
Now the number of pieces it has is 36
2023-11-24_22:18:57 Peer 1005 has downloaded the piece 862 from 1001.
Now the number of pieces it has is 37
2023-11-24_22:18:57 Peer 1005 has downloaded the piece 560 from 1001.
Now the number of pieces it has is 38
2023-11-24_22:18:57 Peer 1005 has downloaded the piece 107 from 1001.
Now the number of pieces it has is 39
2023-11-24_22:18:57 Peer 1005 has downloaded the piece 217 from 1001.
Now the number of pieces it has is 40
2023-11-24_22:18:57 Peer 1005 has downloaded the piece 1029 from 1001.
Now the number of pieces it has is 41
2023-11-24_22:18:57 Peer 1005 has downloaded the piece 971 from 1001.
Now the number of pieces it has is 42
2023-11-24_22:18:57 Peer 1005 has downloaded the piece 1251 from 1001.
Now the number of pieces it has is 43
2023-11-24_22:18:57 Peer 1005 has downloaded the piece 1390 from 1001.
Now the number of pieces it has is 44
2023-11-24_22:18:57 Peer 1005 has downloaded the piece 961 from 1001.
Now the number of pieces it has is 45
2023-11-24_22:18:57 Peer 1005 has downloaded the piece 296 from 1001.
Now the number of pieces it has is 46
2023-11-24_22:18:57 Peer 1005 has downloaded the piece 415 from 1001.
Now the number of pieces it has is 47
2023-11-24_22:18:57 Peer 1005 has downloaded the piece 512 from 1001.
Now the number of pieces it has is 48
2023-11-24_22:18:57 Peer 1005 has downloaded the piece 1102 from 1001.
Now the number of pieces it has is 49
2023-11-24_22:18:57 Peer 1005 has downloaded the piece 547 from 1001.
Now the number of pieces it has is 50
2023-11-24_22:18:57 Peer 1005 has downloaded the piece 1257 from 1001.
Now the number of pieces it has is 51
2023-11-24_22:18:57 Peer 1005 has downloaded the piece 609 from 1001.
Now the number of pieces it has is 52
2023-11-24_22:18:57 Peer 1005 has downloaded the piece 203 from 1001.
Now the number of pieces it has is 53
2023-11-24_22:18:57 Peer 1005 has downloaded the piece 55 from 1001.
Now the number of pieces it has is 54
2023-11-24_22:18:57 Peer 1005 has downloaded the piece 516 from 1001.
Now the number of pieces it has is 55
2023-11-24_22:18:57 Peer 1005 has downloaded the piece 1232 from 1001.
Now the number of pieces it has is 56
2023-11-24_22:18:57 Peer 1005 has downloaded the piece 548 from 1001.
Now the number of pieces it has is 57
2023-11-24_22:18:57 Peer 1005 has downloaded the piece 438 from 1001.
Now the number of pieces it has is 58
2023-11-24_22:18:57 Peer 1005 has downloaded the piece 786 from 1001.
Now the number of pieces it has is 59
2023-11-24_22:18:57 Peer 1005 has downloaded the piece 1090 from 1001.
Now the number of pieces it has is 60
2023-11-24_22:18:57 Peer 1005 has downloaded the piece 1261 from 1001.
Now the number of pieces it has is 61
2023-11-24_22:18:57 Peer 1005 has downloaded the piece 569 from 1001.
Now the number of pieces it has is 62
2023-11-24_22:18:57 Peer 1005 has downloaded the piece 994 from 1001.
Now the number of pieces it has is 63
2023-11-24_22:18:57 Peer 1005 has downloaded the piece 472 from 1001.
Now the number of pieces it has is 64
2023-11-24_22:18:57 Peer 1005 has downloaded the piece 241 from 1001.
Now the number of pieces it has is 65
2023-11-24_22:18:57 Peer 1005 has downloaded the piece 1202 from 1001.
Now the number of pieces it has is 66
2023-11-24_22:18:57 Peer 1005 has downloaded the piece 702 from 1001.
Now the number of pieces it has is 67
2023-11-24_22:18:57 Peer 1005 has downloaded the piece 1160 from 1001.
Now the number of pieces it has is 68
2023-11-24_22:18:57 Peer 1005 has downloaded the piece 1175 from 1001.
Now the number of pieces it has is 69
2023-11-24_22:18:57 Peer 1005 has downloaded the piece 1472 from 1001.
Now the number of pieces it has is 70
2023-11-24_22:18:57 Peer 1005 has downloaded the piece 601 from 1001.
Now the number of pieces it has is 71
2023-11-24_22:18:57 Peer 1005 has downloaded the piece 396 from 1001.
Now the number of pieces it has is 72
2023-11-24_22:18:57 Peer 1005 has downloaded the piece 164 from 1001.
Now the number of pieces it has is 73
2023-11-24_22:18:57 Peer 1005 has downloaded the piece 1158 from 1001.
Now the number of pieces it has is 74
2023-11-24_22:18:57 Peer 1005 has downloaded the piece 457 from 1001.
Now the number of pieces it has is 75
2023-11-24_22:18:57 Peer 1005 makes a connection to Peer 1003
2023-11-24_22:18:57 Peer 1005 has downloaded the piece 1382 from 1001.
Now the number of pieces it has is 76
2023-11-24_22:18:57 Peer 1005 has downloaded the piece 508 from 1001.
Now the number of pieces it has is 77
2023-11-24_22:18:57 Peer 1005 has downloaded the piece 1016 from 1001.
Now the number of pieces it has is 78
2023-11-24_22:18:57 Peer 1005 has downloaded the piece 76 from 1001.
Now the number of pieces it has is 79
2023-11-24_22:18:57 Peer 1005 has downloaded the piece 556 from 1001.
Now the number of pieces it has is 80
2023-11-24_22:18:58 Peer 1005 has downloaded the piece 376 from 1001.
Now the number of pieces it has is 81
2023-11-24_22:18:58 Peer 1005 has downloaded the piece 1124 from 1001.
Now the number of pieces it has is 82
2023-11-24_22:18:58 Peer 1005 has downloaded the piece 1226 from 1001.
Now the number of pieces it has is 83
2023-11-24_22:18:58 Peer 1005 has downloaded the piece 484 from 1001.
Now the number of pieces it has is 84
2023-11-24_22:18:58 Peer 1005 has downloaded the piece 518 from 1001.
Now the number of pieces it has is 85
2023-11-24_22:18:58 Peer 1005 has downloaded the piece 1398 from 1001.
Now the number of pieces it has is 86
2023-11-24_22:18:58 Peer 1005 has downloaded the piece 158 from 1001.
Now the number of pieces it has is 87
2023-11-24_22:18:58 Peer 1005 has downloaded the piece 1027 from 1001.
Now the number of pieces it has is 88
2023-11-24_22:18:58 Peer 1005 has downloaded the piece 1155 from 1001.
Now the number of pieces it has is 89
2023-11-24_22:18:58 Peer 1005 has downloaded the piece 416 from 1001.
Now the number of pieces it has is 90
2023-11-24_22:18:58 Peer 1005 has downloaded the piece 385 from 1001.
Now the number of pieces it has is 91
2023-11-24_22:18:58 Peer 1005 makes a connection to Peer 1004
2023-11-24_22:18:58 Peer 1005 received a 'interested' message from 1004
2023-11-24_22:18:59 Peer 1005 has downloaded the piece 1268 from 1001.
Now the number of pieces it has is 92
2023-11-24_22:18:59 Peer 1005 received a 'interested' message from 1004
2023-11-24_22:18:59 Peer 1005 received a 'have' message from 1004 for the piece 1398
2023-11-24_22:18:59 Peer 1005 has downloaded the piece 1223 from 1001.
Now the number of pieces it has is 93
2023-11-24_22:18:59 Peer 1005 received a 'have' message from 1004 for the piece 950
2023-11-24_22:18:59 Peer 1005 has downloaded the piece 261 from 1001.
Now the number of pieces it has is 94
2023-11-24_22:18:59 Peer 1005 received a 'have' message from 1004 for the piece 337
2023-11-24_22:18:59 Peer 1005 received a 'interested' message from 1004
2023-11-24_22:18:59 Peer 1005 has downloaded the piece 428 from 1001.
Now the number of pieces it has is 95
2023-11-24_22:18:59 Peer 1005 has downloaded the piece 1246 from 1001.
Now the number of pieces it has is 96
2023-11-24_22:18:59 Peer 1005 received a 'have' message from 1004 for the piece 1279
2023-11-24_22:18:59 Peer 1005 received a 'have' message from 1004 for the piece 931
2023-11-24_22:18:59 Peer 1005 is choked by 1004
2023-11-24_22:18:59 Peer 1005 is choked by 1004
2023-11-24_22:18:59 Peer 1005 has downloaded the piece 1362 from 1001.
Now the number of pieces it has is 97
2023-11-24_22:18:59 Peer 1005 is unchoked by 1004
2023-11-24_22:18:59 Peer 1005 has the preferred neighbors.
1004 , 1004 , 1004 , 
2023-11-24_22:18:59 Peer 1005 has downloaded the piece 1063 from 1001.
Now the number of pieces it has is 98
2023-11-24_22:19:00 Peer 1005 has downloaded the piece 731 from 1001.
Now the number of pieces it has is 99
2023-11-24_22:19:00 Peer 1005 has downloaded the piece 497 from 1001.
Now the number of pieces it has is 100
2023-11-24_22:19:00 Peer 1005 has downloaded the piece 153 from 1001.
Now the number of pieces it has is 101
2023-11-24_22:19:00 Peer 1005 has downloaded the piece 1057 from 1001.
Now the number of pieces it has is 102
2023-11-24_22:19:00 Peer 1005 has downloaded the piece 409 from 1001.
Now the number of pieces it has is 103
2023-11-24_22:19:00 Peer 1005 has downloaded the piece 1075 from 1001.
Now the number of pieces it has is 104
2023-11-24_22:19:00 Peer 1005 has downloaded the piece 932 from 1001.
Now the number of pieces it has is 105
2023-11-24_22:19:00 Peer 1005 has downloaded the piece 267 from 1001.
Now the number of pieces it has is 106
2023-11-24_22:19:00 Peer 1005 has downloaded the piece 45 from 1001.
Now the number of pieces it has is 107
2023-11-24_22:19:00 Peer 1005 has downloaded the piece 851 from 1001.
Now the number of pieces it has is 108
2023-11-24_22:19:00 Peer 1005 has downloaded the piece 420 from 1001.
Now the number of pieces it has is 109
2023-11-24_22:19:01 Peer 1005 has downloaded the piece 1025 from 1001.
Now the number of pieces it has is 110
2023-11-24_22:19:01 Peer 1005 has the preferred neighbors.
1004 , 1004 , 1004 , 
2023-11-24_22:19:01 Peer 1005 has downloaded the piece 1252 from 1001.
Now the number of pieces it has is 111
2023-11-24_22:19:02 Peer 1005 has the preferred neighbors.
1004 , 1004 , 1004 , 
2023-11-24_22:19:03 Peer 1005 has the preferred neighbors.
1004 , 1004 , 1004 , 
2023-11-24_22:19:04 Peer 1005 has the preferred neighbors.
1004 , 1004 , 1004 , 
2023-11-24_22:19:05 Peer 1005 has the preferred neighbors.
1004 , 1004 , 1004 , 
2023-11-24_22:19:06 Peer 1005 has the preferred neighbors.
1004 , 1004 , 1004 , 
2023-11-24_22:19:07 Peer 1005 has the preferred neighbors.
1004 , 1004 , 1004 , 
2023-11-24_22:19:07 Peer 1005 is connected from Peer 1006
2023-11-24_22:19:08 Peer 1005 has the preferred neighbors.
1004 , 1004 , 1004 , 
2023-11-24_22:19:08 Peer 1005 has downloaded the piece 26 from 1006.
Now the number of pieces it has is 112
2023-11-24_22:19:08 Peer 1005 has downloaded the piece 444 from 1006.
Now the number of pieces it has is 113
2023-11-24_22:19:08 Peer 1005 has downloaded the piece 603 from 1006.
Now the number of pieces it has is 114
2023-11-24_22:19:08 Peer 1005 has downloaded the piece 719 from 1006.
Now the number of pieces it has is 115
2023-11-24_22:19:08 Peer 1005 has downloaded the piece 848 from 1006.
Now the number of pieces it has is 116
2023-11-24_22:19:08 Peer 1005 has downloaded the piece 1049 from 1006.
Now the number of pieces it has is 117
2023-11-24_22:19:08 Peer 1005 has downloaded the piece 1058 from 1006.
Now the number of pieces it has is 118
2023-11-24_22:19:08 Peer 1005 has downloaded the piece 423 from 1006.
Now the number of pieces it has is 119
2023-11-24_22:19:08 Peer 1005 has downloaded the piece 370 from 1006.
Now the number of pieces it has is 120
2023-11-24_22:19:09 Peer 1005 has downloaded the piece 747 from 1006.
Now the number of pieces it has is 121
2023-11-24_22:19:09 Peer 1005 has downloaded the piece 1408 from 1006.
Now the number of pieces it has is 122
2023-11-24_22:19:09 Peer 1005 has downloaded the piece 249 from 1006.
Now the number of pieces it has is 123
2023-11-24_22:19:09 Peer 1005 has downloaded the piece 333 from 1006.
Now the number of pieces it has is 124
2023-11-24_22:19:09 Peer 1005 has the preferred neighbors.
1004 , 1004 , 1004 , 
2023-11-24_22:19:10 Peer 1005 has the preferred neighbors.
1004 , 1004 , 1004 , 
2023-11-24_22:19:10 Peer 1005 is choked by 1006
2023-11-24_22:19:11 Peer 1005 has the preferred neighbors.
1004 , 1004 , 1004 , 
2023-11-24_22:19:11 Peer 1005 is choked by 1006
2023-11-24_22:19:12 Peer 1005 has the preferred neighbors.
1004 , 1004 , 1004 , 
2023-11-24_22:19:12 Peer 1005 is choked by 1006
2023-11-24_22:19:13 Peer 1005 has the preferred neighbors.
1004 , 1004 , 1004 , 
2023-11-24_22:19:13 Peer 1005 is choked by 1006
2023-11-24_22:19:14 Peer 1005 has the preferred neighbors.
1004 , 1004 , 1004 , 
2023-11-24_22:19:14 Peer 1005 is choked by 1006
2023-11-24_22:19:15 Peer 1005 has the preferred neighbors.
1004 , 1004 , 1004 , 
2023-11-24_22:19:15 Peer 1005 is choked by 1006
2023-11-24_22:19:16 Peer 1005 has the preferred neighbors.
1004 , 1004 , 1004 , 
2023-11-24_22:19:16 Peer 1005 is choked by 1006
2023-11-24_22:19:17 Peer 1005 has the preferred neighbors.
1004 , 1004 , 1004 , 
2023-11-24_22:19:17 Peer 1005 is choked by 1006
2023-11-24_22:19:18 Peer 1005 has the preferred neighbors.
1004 , 1004 , 1004 , 
2023-11-24_22:19:18 Peer 1005 is choked by 1006
2023-11-24_22:19:19 Peer 1005 has the preferred neighbors.
1004 , 1004 , 1004 , 
2023-11-24_22:19:20 Peer 1005 is choked by 1006
2023-11-24_22:19:20 Peer 1005 has the preferred neighbors.
1004 , 1004 , 1004 , 
2023-11-24_22:19:21 Peer 1005 is choked by 1006
2023-11-24_22:19:21 Peer 1005 has the preferred neighbors.
1004 , 1004 , 1004 , 
2023-11-24_22:19:22 Peer 1005 is choked by 1006
2023-11-24_22:19:22 Peer 1005 has the preferred neighbors.
1004 , 1004 , 1004 , 
2023-11-24_22:19:23 Peer 1005 is choked by 1006
2023-11-24_22:19:23 Peer 1005 has the preferred neighbors.
1004 , 1004 , 1004 , 
2023-11-24_22:19:24 Peer 1005 is choked by 1006
2023-11-24_22:19:24 Peer 1005 has the preferred neighbors.
1004 , 1004 , 1004 , 
2023-11-24_22:19:25 Peer 1005 is choked by 1006
2023-11-24_22:19:26 Peer 1005 has the preferred neighbors.
1004 , 1004 , 1004 , 
2023-11-24_22:19:26 Peer 1005 is choked by 1006
2023-11-24_22:19:27 Peer 1005 has the preferred neighbors.
1004 , 1004 , 1004 , 
2023-11-24_22:19:27 Peer 1005 is choked by 1006
2023-11-24_22:19:28 Peer 1005 has the preferred neighbors.
1004 , 1004 , 1004 , 
2023-11-24_22:19:28 Peer 1005 is choked by 1006
2023-11-24_22:19:29 Peer 1005 has the preferred neighbors.
1004 , 1004 , 1004 , 
2023-11-24_22:19:29 Peer 1005 is choked by 1006
2023-11-24_22:19:30 Peer 1005 has the preferred neighbors.
1004 , 1004 , 1004 , 
2023-11-24_22:19:30 Peer 1005 is choked by 1006
2023-11-24_22:19:31 Peer 1005 has the preferred neighbors.
1004 , 1004 , 1004 , 
2023-11-24_22:19:31 Peer 1005 is choked by 1006
2023-11-24_22:19:32 Peer 1005 has the preferred neighbors.
1004 , 1004 , 1004 , 
2023-11-24_22:19:32 Peer 1005 is choked by 1006
2023-11-24_22:19:33 Peer 1005 has the preferred neighbors.
1004 , 1004 , 1004 , 
2023-11-24_22:19:33 Peer 1005 is choked by 1006
2023-11-24_22:19:34 Peer 1005 has the preferred neighbors.
1004 , 1004 , 1004 , 
2023-11-24_22:19:34 Peer 1005 is choked by 1006
2023-11-24_22:19:35 Peer 1005 has the preferred neighbors.
1004 , 1004 , 1004 , 
2023-11-24_22:19:35 Peer 1005 is choked by 1006
2023-11-24_22:19:36 Peer 1005 is choked by 1006
2023-11-24_22:19:36 Peer 1005 has the preferred neighbors.
1004 , 1004 , 1004 , 
2023-11-24_22:19:37 Peer 1005 has the preferred neighbors.
1004 , 1004 , 1004 , 
2023-11-24_22:19:38 Peer 1005 is choked by 1006
2023-11-24_22:19:39 Peer 1005 has the preferred neighbors.
1004 , 1004 , 1004 , 
2023-11-24_22:19:39 Peer 1005 is choked by 1006
2023-11-24_22:19:40 Peer 1005 has the preferred neighbors.
1004 , 1004 , 1004 , 
2023-11-24_22:19:40 Peer 1005 is choked by 1006
2023-11-24_22:19:41 Peer 1005 has the preferred neighbors.
1004 , 1004 , 1004 , 
2023-11-24_22:19:41 Peer 1005 is choked by 1006
2023-11-24_22:19:42 Peer 1005 has the preferred neighbors.
1004 , 1004 , 1004 , 
2023-11-24_22:19:42 Peer 1005 is choked by 1006
2023-11-24_22:19:43 Peer 1005 has the preferred neighbors.
1004 , 1004 , 1004 , 
2023-11-24_22:19:43 Peer 1005 is choked by 1006
2023-11-24_22:19:44 Peer 1005 has the preferred neighbors.
1004 , 1004 , 1004 , 
2023-11-24_22:19:44 Peer 1005 is choked by 1006
2023-11-24_22:19:45 Peer 1005 has the preferred neighbors.
1004 , 1004 , 1004 , 
2023-11-24_22:19:45 Peer 1005 is choked by 1006
2023-11-24_22:19:46 Peer 1005 has the preferred neighbors.
1004 , 1004 , 1004 , 
2023-11-24_22:19:46 Peer 1005 is choked by 1006
2023-11-24_22:19:47 Peer 1005 has the preferred neighbors.
1004 , 1004 , 1004 , 
2023-11-24_22:19:47 Peer 1005 is choked by 1006
2023-11-24_22:19:48 Peer 1005 is choked by 1006
2023-11-24_22:19:48 Peer 1005 has the preferred neighbors.
1004 , 1004 , 1004 , 
2023-11-24_22:19:49 Peer 1005 is choked by 1006
2023-11-24_22:19:49 Peer 1005 has the preferred neighbors.
1004 , 1004 , 1004 , 
2023-11-24_22:19:50 Peer 1005 is choked by 1006
2023-11-24_22:19:50 Peer 1005 has the preferred neighbors.
1004 , 1004 , 1004 , 
2023-11-24_22:19:51 Peer 1005 is choked by 1006
2023-11-24_22:19:51 Peer 1005 has the preferred neighbors.
1004 , 1004 , 1004 , 
2023-11-24_22:19:52 Peer 1005 is choked by 1006
2023-11-24_22:19:52 Peer 1005 has the preferred neighbors.
1004 , 1004 , 1004 , 
2023-11-24_22:19:53 Peer 1005 is choked by 1006
2023-11-24_22:19:53 Peer 1005 has the preferred neighbors.
1004 , 1004 , 1004 , 
2023-11-24_22:19:54 Peer 1005 is choked by 1006
2023-11-24_22:19:54 Peer 1005 has the preferred neighbors.
1004 , 1004 , 1004 , 
2023-11-24_22:19:55 Peer 1005 is choked by 1006
2023-11-24_22:19:55 Peer 1005 has the preferred neighbors.
1004 , 1004 , 1004 , 
2023-11-24_22:19:56 Peer 1005 is choked by 1006
2023-11-24_22:19:56 Peer 1005 has the preferred neighbors.
1004 , 1004 , 1004 , 
2023-11-24_22:19:57 Peer 1005 is choked by 1006
2023-11-24_22:19:57 Peer 1005 has the preferred neighbors.
1004 , 1004 , 1004 , 
2023-11-24_22:19:58 Peer 1005 is choked by 1006
2023-11-24_22:19:58 Peer 1005 has the preferred neighbors.
1004 , 1004 , 1004 , 
2023-11-24_22:19:59 Peer 1005 is choked by 1006
2023-11-24_22:20:00 Peer 1005 has the preferred neighbors.
1004 , 1004 , 1004 , 
2023-11-24_22:20:00 Peer 1005 is choked by 1006
2023-11-24_22:20:01 Peer 1005 has the preferred neighbors.
1004 , 1004 , 1004 , 
2023-11-24_22:20:02 Peer 1005 is choked by 1006
2023-11-24_22:20:02 Peer 1005 has the preferred neighbors.
1004 , 1004 , 1004 , 
2023-11-24_22:20:03 Peer 1005 is choked by 1006
2023-11-24_22:20:03 Peer 1005 has the preferred neighbors.
1004 , 1004 , 1004 , 
2023-11-24_22:20:04 Peer 1005 is choked by 1006
2023-11-24_22:20:04 Peer 1005 has the preferred neighbors.
1004 , 1004 , 1004 , 
2023-11-24_22:20:05 Peer 1005 is choked by 1006
2023-11-24_22:20:05 Peer 1005 has the preferred neighbors.
1004 , 1004 , 1004 , 
2023-11-24_22:20:06 Peer 1005 is choked by 1006
2023-11-24_22:20:06 Peer 1005 has the preferred neighbors.
1004 , 1004 , 1004 , 
2023-11-24_22:20:07 Peer 1005 is choked by 1006
2023-11-24_22:20:07 Peer 1005 has the preferred neighbors.
1004 , 1004 , 1004 , 
2023-11-24_22:20:08 Peer 1005 has the preferred neighbors.
1004 , 1004 , 1004 , 
2023-11-24_22:20:08 Peer 1005 is choked by 1006
2023-11-24_22:20:09 Peer 1005 has the preferred neighbors.
1004 , 1004 , 1004 , 
2023-11-24_22:20:09 Peer 1005 is choked by 1006
2023-11-24_22:20:10 Peer 1005 has the preferred neighbors.
1004 , 1004 , 1004 , 
2023-11-24_22:20:10 Peer 1005 is choked by 1006
2023-11-24_22:20:11 Peer 1005 is choked by 1006
2023-11-24_22:20:11 Peer 1005 has the preferred neighbors.
1004 , 1004 , 1004 , 
2023-11-24_22:20:12 Peer 1005 is choked by 1006
2023-11-24_22:20:12 Peer 1005 has the preferred neighbors.
1004 , 1004 , 1004 , 
2023-11-24_22:20:13 Peer 1005 has the preferred neighbors.
1004 , 1004 , 1004 , 
2023-11-24_22:20:13 Peer 1005 is choked by 1006
2023-11-24_22:20:14 Peer 1005 is choked by 1006
2023-11-24_22:20:14 Peer 1005 has the preferred neighbors.
1004 , 1004 , 1004 , 
2023-11-24_22:20:15 Peer 1005 has the preferred neighbors.
1004 , 1004 , 1004 , 
2023-11-24_22:20:15 Peer 1005 is choked by 1006
2023-11-24_22:20:16 Peer 1005 has the preferred neighbors.
1004 , 1004 , 1004 , 
2023-11-24_22:20:16 Peer 1005 is choked by 1006
2023-11-24_22:20:17 Peer 1005 has the preferred neighbors.
1004 , 1004 , 1004 , 
2023-11-24_22:20:17 Peer 1005 is choked by 1006
2023-11-24_22:20:18 Peer 1005 has the preferred neighbors.
1004 , 1004 , 1004 , 
2023-11-24_22:20:18 Peer 1005 is choked by 1006
2023-11-24_22:20:19 Peer 1005 has the preferred neighbors.
1004 , 1004 , 1004 , 
2023-11-24_22:20:20 Peer 1005 is choked by 1006
2023-11-24_22:20:21 Peer 1005 has the preferred neighbors.
1004 , 1004 , 1004 , 
2023-11-24_22:20:21 Peer 1005 is choked by 1006
2023-11-24_22:20:22 Peer 1005 is choked by 1006
2023-11-24_22:20:22 Peer 1005 has the preferred neighbors.
1004 , 1004 , 1004 , 
2023-11-24_22:20:23 Peer 1005 is choked by 1006
2023-11-24_22:20:23 Peer 1005 has the preferred neighbors.
1004 , 1004 , 1004 , 
2023-11-24_22:20:24 Peer 1005 is choked by 1006
2023-11-24_22:20:24 Peer 1005 has the preferred neighbors.
1004 , 1004 , 1004 , 
2023-11-24_22:20:25 Peer 1005 is choked by 1006
2023-11-24_22:20:25 Peer 1005 has the preferred neighbors.
1004 , 1004 , 1004 , 
2023-11-24_22:20:26 Peer 1005 is choked by 1006
2023-11-24_22:20:26 Peer 1005 has the preferred neighbors.
1004 , 1004 , 1004 , 
2023-11-24_22:20:27 Peer 1005 is choked by 1006
2023-11-24_22:20:27 Peer 1005 has the preferred neighbors.
1004 , 1004 , 1004 , 
2023-11-24_22:20:28 Peer 1005 is choked by 1006
2023-11-24_22:20:28 Peer 1005 has the preferred neighbors.
1004 , 1004 , 1004 , 
2023-11-24_22:20:29 Peer 1005 is choked by 1006
2023-11-24_22:20:29 Peer 1005 has the preferred neighbors.
1004 , 1004 , 1004 , 
2023-11-24_22:20:30 Peer 1005 is choked by 1006
2023-11-24_22:20:30 Peer 1005 has the preferred neighbors.
1004 , 1004 , 1004 , 
2023-11-24_22:20:31 Peer 1005 is choked by 1006
2023-11-24_22:20:31 Peer 1005 has the preferred neighbors.
1004 , 1004 , 1004 , 
2023-11-24_22:20:32 Peer 1005 is choked by 1006
2023-11-24_22:20:32 Peer 1005 has the preferred neighbors.
1004 , 1004 , 1004 , 
2023-11-24_22:20:33 Peer 1005 is choked by 1006
2023-11-24_22:20:33 Peer 1005 has the preferred neighbors.
1004 , 1004 , 1004 , 
2023-11-24_22:20:34 Peer 1005 is choked by 1006
2023-11-24_22:20:34 Peer 1005 has the preferred neighbors.
1004 , 1004 , 1004 , 
2023-11-24_22:20:35 Peer 1005 is choked by 1006
2023-11-24_22:20:35 Peer 1005 has the preferred neighbors.
1004 , 1004 , 1004 , 
2023-11-24_22:20:36 Peer 1005 is choked by 1006
2023-11-24_22:20:37 Peer 1005 has the preferred neighbors.
1004 , 1004 , 1004 , 
2023-11-24_22:20:37 Peer 1005 is choked by 1006
2023-11-24_22:20:38 Peer 1005 has the preferred neighbors.
1004 , 1004 , 1004 , 
2023-11-24_22:20:38 Peer 1005 is choked by 1006
2023-11-24_22:20:39 Peer 1005 has the preferred neighbors.
1004 , 1004 , 1004 , 
2023-11-24_22:20:39 Peer 1005 is choked by 1006
2023-11-24_22:20:40 Peer 1005 has the preferred neighbors.
1004 , 1004 , 1004 , 
2023-11-24_22:20:40 Peer 1005 is choked by 1006
2023-11-24_22:20:41 Peer 1005 has the preferred neighbors.
1004 , 1004 , 1004 , 
2023-11-24_22:20:41 Peer 1005 is choked by 1006
2023-11-24_22:20:42 Peer 1005 has the preferred neighbors.
1004 , 1004 , 1004 , 
2023-11-24_22:20:42 Peer 1005 is choked by 1006
2023-11-24_22:20:43 Peer 1005 has the preferred neighbors.
1004 , 1004 , 1004 , 
2023-11-24_22:20:43 Peer 1005 is choked by 1006
2023-11-24_22:20:44 Peer 1005 has the preferred neighbors.
1004 , 1004 , 1004 , 
2023-11-24_22:20:45 Peer 1005 is choked by 1006
2023-11-24_22:20:45 Peer 1005 has the preferred neighbors.
1004 , 1004 , 1004 , 
2023-11-24_22:20:46 Peer 1005 is choked by 1006
2023-11-24_22:20:46 Peer 1005 has the preferred neighbors.
1004 , 1004 , 1004 , 
2023-11-24_22:20:47 Peer 1005 is choked by 1006
2023-11-24_22:20:47 Peer 1005 has the preferred neighbors.
1004 , 1004 , 1004 , 
2023-11-24_22:20:48 Peer 1005 is choked by 1006
2023-11-24_22:20:48 Peer 1005 has the preferred neighbors.
1004 , 1004 , 1004 , 
2023-11-24_22:20:49 Peer 1005 is choked by 1006
2023-11-24_22:20:49 Peer 1005 has the preferred neighbors.
1004 , 1004 , 1004 , 
2023-11-24_22:20:50 Peer 1005 is choked by 1006
2023-11-24_22:20:50 Peer 1005 has the preferred neighbors.
1004 , 1004 , 1004 , 
2023-11-24_22:20:51 Peer 1005 is choked by 1006
2023-11-24_22:20:51 Peer 1005 has the preferred neighbors.
1004 , 1004 , 1004 , 
2023-11-24_22:20:52 Peer 1005 is choked by 1006
2023-11-24_22:20:53 Peer 1005 has the preferred neighbors.
1004 , 1004 , 1004 , 
2023-11-24_22:20:53 Peer 1005 is choked by 1006
2023-11-24_22:20:54 Peer 1005 has the preferred neighbors.
1004 , 1004 , 1004 , 
2023-11-24_22:20:54 Peer 1005 is choked by 1006
2023-11-24_22:20:55 Peer 1005 has the preferred neighbors.
1004 , 1004 , 1004 , 
2023-11-24_22:20:55 Peer 1005 is choked by 1006
2023-11-24_22:20:56 Peer 1005 has the preferred neighbors.
1004 , 1004 , 1004 , 
2023-11-24_22:20:56 Peer 1005 is choked by 1006
2023-11-24_22:20:57 Peer 1005 has the preferred neighbors.
1004 , 1004 , 1004 , 
2023-11-24_22:20:57 Peer 1005 is choked by 1006
2023-11-24_22:20:58 Peer 1005 has the preferred neighbors.
1004 , 1004 , 1004 , 
2023-11-24_22:20:58 Peer 1005 is choked by 1006
2023-11-24_22:20:59 Peer 1005 has the preferred neighbors.
1004 , 1004 , 1004 , 
2023-11-24_22:20:59 Peer 1005 is choked by 1006
2023-11-24_22:21:00 Peer 1005 has the preferred neighbors.
1004 , 1004 , 1004 , 
2023-11-24_22:21:00 Peer 1005 is choked by 1006
2023-11-24_22:21:01 Peer 1005 has the preferred neighbors.
1004 , 1004 , 1004 , 
2023-11-24_22:21:01 Peer 1005 is choked by 1006
2023-11-24_22:21:02 Peer 1005 has the preferred neighbors.
1004 , 1004 , 1004 , 
2023-11-24_22:21:02 Peer 1005 is choked by 1006
2023-11-24_22:21:03 Peer 1005 has the preferred neighbors.
1004 , 1004 , 1004 , 
2023-11-24_22:21:03 Peer 1005 is choked by 1006
2023-11-24_22:21:04 Peer 1005 has the preferred neighbors.
1004 , 1004 , 1004 , 
2023-11-24_22:21:04 Peer 1005 is choked by 1006
2023-11-24_22:21:05 Peer 1005 has the preferred neighbors.
1004 , 1004 , 1004 , 
2023-11-24_22:21:05 Peer 1005 is choked by 1006
2023-11-24_22:21:06 Peer 1005 has the preferred neighbors.
1004 , 1004 , 1004 , 
2023-11-24_22:21:06 Peer 1005 is choked by 1006
2023-11-24_22:21:07 Peer 1005 has the preferred neighbors.
1004 , 1004 , 1004 , 
2023-11-24_22:21:08 Peer 1005 is choked by 1006
2023-11-24_22:21:08 Peer 1005 has the preferred neighbors.
1004 , 1004 , 1004 , 
2023-11-24_22:21:09 Peer 1005 is choked by 1006
2023-11-24_22:21:09 Peer 1005 has the preferred neighbors.
1004 , 1004 , 1004 , 
2023-11-24_22:21:10 Peer 1005 is choked by 1006
2023-11-24_22:21:10 Peer 1005 has the preferred neighbors.
1004 , 1004 , 1004 , 
2023-11-24_22:21:11 Peer 1005 is choked by 1006
2023-11-24_22:21:11 Peer 1005 has the preferred neighbors.
1004 , 1004 , 1004 , 
2023-11-24_22:21:12 Peer 1005 is choked by 1006
2023-11-24_22:21:12 Peer 1005 has the preferred neighbors.
1004 , 1004 , 1004 , 
2023-11-24_22:21:13 Peer 1005 is choked by 1006
2023-11-24_22:21:13 Peer 1005 has the preferred neighbors.
1004 , 1004 , 1004 , 
2023-11-24_22:21:14 Peer 1005 is choked by 1006
2023-11-24_22:21:15 Peer 1005 has the preferred neighbors.
1004 , 1004 , 1004 , 
2023-11-24_22:21:15 Peer 1005 is choked by 1006
2023-11-24_22:21:16 Peer 1005 has the preferred neighbors.
1004 , 1004 , 1004 , 
2023-11-24_22:21:16 Peer 1005 is choked by 1006
2023-11-24_22:21:17 Peer 1005 has the preferred neighbors.
1004 , 1004 , 1004 , 
2023-11-24_22:21:17 Peer 1005 is choked by 1006
2023-11-24_22:21:18 Peer 1005 has the preferred neighbors.
1004 , 1004 , 1004 , 
2023-11-24_22:21:18 Peer 1005 is choked by 1006
2023-11-24_22:21:19 Peer 1005 has the preferred neighbors.
1004 , 1004 , 1004 , 
2023-11-24_22:21:19 Peer 1005 is choked by 1006
2023-11-24_22:21:20 Peer 1005 has the preferred neighbors.
1004 , 1004 , 1004 , 
2023-11-24_22:21:20 Peer 1005 is choked by 1006
2023-11-24_22:21:21 Peer 1005 has the preferred neighbors.
1004 , 1004 , 1004 , 
2023-11-24_22:21:21 Peer 1005 is choked by 1006
2023-11-24_22:21:22 Peer 1005 has the preferred neighbors.
1004 , 1004 , 1004 , 
2023-11-24_22:21:22 Peer 1005 is choked by 1006
2023-11-24_22:21:23 Peer 1005 has the preferred neighbors.
1004 , 1004 , 1004 , 
2023-11-24_22:21:23 Peer 1005 is choked by 1006
2023-11-24_22:21:24 Peer 1005 has the preferred neighbors.
1004 , 1004 , 1004 , 
2023-11-24_22:21:24 Peer 1005 is choked by 1006
2023-11-24_22:21:25 Peer 1005 has the preferred neighbors.
1004 , 1004 , 1004 , 
2023-11-24_22:21:25 Peer 1005 is choked by 1006
2023-11-24_22:21:26 Peer 1005 has the preferred neighbors.
1004 , 1004 , 1004 , 
2023-11-24_22:21:26 Peer 1005 is choked by 1006
2023-11-24_22:21:27 Peer 1005 has the preferred neighbors.
1004 , 1004 , 1004 , 
2023-11-24_22:21:27 Peer 1005 is choked by 1006
2023-11-24_22:21:28 Peer 1005 has the preferred neighbors.
1004 , 1004 , 1004 , 
2023-11-24_22:21:28 Peer 1005 is choked by 1006
2023-11-24_22:21:29 Peer 1005 has the preferred neighbors.
1004 , 1004 , 1004 , 
2023-11-24_22:21:29 Peer 1005 is choked by 1006
2023-11-24_22:21:30 Peer 1005 has the preferred neighbors.
1004 , 1004 , 1004 , 
2023-11-24_22:21:30 Peer 1005 is choked by 1006
2023-11-24_22:21:31 Peer 1005 is choked by 1006
2023-11-24_22:21:31 Peer 1005 has the preferred neighbors.
1004 , 1004 , 1004 , 
2023-11-24_22:21:32 Peer 1005 is choked by 1006
2023-11-24_22:21:32 Peer 1005 has the preferred neighbors.
1004 , 1004 , 1004 , 
2023-11-24_22:21:34 Peer 1005 has the preferred neighbors.
1004 , 1004 , 1004 , 
2023-11-24_22:21:34 Peer 1005 is choked by 1006
2023-11-24_22:21:35 Peer 1005 is choked by 1006
2023-11-24_22:21:35 Peer 1005 has the preferred neighbors.
1004 , 1004 , 1004 , 
2023-11-24_22:21:36 Peer 1005 is choked by 1006
2023-11-24_22:21:36 Peer 1005 has the preferred neighbors.
1004 , 1004 , 1004 , 
2023-11-24_22:21:37 Peer 1005 has the preferred neighbors.
1004 , 1004 , 1004 , 
2023-11-24_22:21:37 Peer 1005 is choked by 1006
2023-11-24_22:21:38 Peer 1005 is choked by 1006
2023-11-24_22:21:38 Peer 1005 has the preferred neighbors.
1004 , 1004 , 1004 , 
2023-11-24_22:21:39 Peer 1005 has the preferred neighbors.
1004 , 1004 , 1004 , 
2023-11-24_22:21:39 Peer 1005 is choked by 1006
2023-11-24_22:21:40 Peer 1005 is choked by 1006
2023-11-24_22:21:40 Peer 1005 has the preferred neighbors.
1004 , 1004 , 1004 , 
2023-11-24_22:21:41 Peer 1005 is choked by 1006
2023-11-24_22:21:41 Peer 1005 has the preferred neighbors.
1004 , 1004 , 1004 , 
2023-11-24_22:21:42 Peer 1005 is choked by 1006
2023-11-24_22:21:42 Peer 1005 has the preferred neighbors.
1004 , 1004 , 1004 , 
2023-11-24_22:21:43 Peer 1005 is choked by 1006
2023-11-24_22:21:43 Peer 1005 has the preferred neighbors.
1004 , 1004 , 1004 , 
2023-11-24_22:21:44 Peer 1005 is choked by 1006
2023-11-24_22:21:44 Peer 1005 has the preferred neighbors.
1004 , 1004 , 1004 , 
2023-11-24_22:21:45 Peer 1005 is choked by 1006
2023-11-24_22:21:45 Peer 1005 has the preferred neighbors.
1004 , 1004 , 1004 , 
2023-11-24_22:21:46 Peer 1005 is choked by 1006
2023-11-24_22:21:46 Peer 1005 has the preferred neighbors.
1004 , 1004 , 1004 , 
2023-11-24_22:21:47 Peer 1005 is choked by 1006
2023-11-24_22:21:47 Peer 1005 has the preferred neighbors.
1004 , 1004 , 1004 , 
2023-11-24_22:21:48 Peer 1005 is choked by 1006
2023-11-24_22:21:48 Peer 1005 has the preferred neighbors.
1004 , 1004 , 1004 , 
2023-11-24_22:21:49 Peer 1005 is choked by 1006
2023-11-24_22:21:49 Peer 1005 has the preferred neighbors.
1004 , 1004 , 1004 , 
2023-11-24_22:21:50 Peer 1005 is choked by 1006
2023-11-24_22:21:51 Peer 1005 has the preferred neighbors.
1004 , 1004 , 1004 , 
2023-11-24_22:21:51 Peer 1005 is choked by 1006
2023-11-24_22:21:52 Peer 1005 has the preferred neighbors.
1004 , 1004 , 1004 , 
2023-11-24_22:21:52 Peer 1005 is choked by 1006
2023-11-24_22:21:53 Peer 1005 has the preferred neighbors.
1004 , 1004 , 1004 , 
2023-11-24_22:21:53 Peer 1005 is choked by 1006
2023-11-24_22:21:54 Peer 1005 has the preferred neighbors.
1004 , 1004 , 1004 , 
2023-11-24_22:21:54 Peer 1005 is choked by 1006
2023-11-24_22:21:55 Peer 1005 has the preferred neighbors.
1004 , 1004 , 1004 , 
2023-11-24_22:21:56 Peer 1005 is choked by 1006
2023-11-24_22:21:56 Peer 1005 has the preferred neighbors.
1004 , 1004 , 1004 , 
2023-11-24_22:21:57 Peer 1005 is choked by 1006
2023-11-24_22:21:57 Peer 1005 has the preferred neighbors.
1004 , 1004 , 1004 , 
2023-11-24_22:21:58 Peer 1005 is choked by 1006
2023-11-24_22:21:58 Peer 1005 has the preferred neighbors.
1004 , 1004 , 1004 , 
2023-11-24_22:21:59 Peer 1005 is choked by 1006
2023-11-24_22:21:59 Peer 1005 has the preferred neighbors.
1004 , 1004 , 1004 , 
2023-11-24_22:22:00 Peer 1005 is choked by 1006
2023-11-24_22:22:00 Peer 1005 has the preferred neighbors.
1004 , 1004 , 1004 , 
2023-11-24_22:22:01 Peer 1005 is choked by 1006
2023-11-24_22:22:01 Peer 1005 has the preferred neighbors.
1004 , 1004 , 1004 , 
2023-11-24_22:22:02 Peer 1005 is choked by 1006
2023-11-24_22:22:02 Peer 1005 has the preferred neighbors.
1004 , 1004 , 1004 , 
2023-11-24_22:22:03 Peer 1005 is choked by 1006
2023-11-24_22:22:03 Peer 1005 has the preferred neighbors.
1004 , 1004 , 1004 , 
2023-11-24_22:22:04 Peer 1005 is choked by 1006
2023-11-24_22:22:04 Peer 1005 has the preferred neighbors.
1004 , 1004 , 1004 , 
2023-11-24_22:22:05 Peer 1005 is choked by 1006
2023-11-24_22:22:05 Peer 1005 has the preferred neighbors.
1004 , 1004 , 1004 , 
2023-11-24_22:22:06 Peer 1005 is choked by 1006
2023-11-24_22:22:06 Peer 1005 has the preferred neighbors.
1004 , 1004 , 1004 , 
2023-11-24_22:22:07 Peer 1005 is choked by 1006
2023-11-24_22:22:07 Peer 1005 has the preferred neighbors.
1004 , 1004 , 1004 , 
2023-11-24_22:22:08 Peer 1005 is choked by 1006
2023-11-24_22:22:08 Peer 1005 has the preferred neighbors.
1004 , 1004 , 1004 , 
2023-11-24_22:22:09 Peer 1005 is choked by 1006
2023-11-24_22:22:10 Peer 1005 has the preferred neighbors.
1004 , 1004 , 1004 , 
2023-11-24_22:22:10 Peer 1005 is choked by 1006
2023-11-24_22:22:11 Peer 1005 has the preferred neighbors.
1004 , 1004 , 1004 , 
2023-11-24_22:22:11 Peer 1005 is choked by 1006
2023-11-24_22:22:12 Peer 1005 has the preferred neighbors.
1004 , 1004 , 1004 , 
2023-11-24_22:22:12 Peer 1005 is choked by 1006
2023-11-24_22:22:13 Peer 1005 has the preferred neighbors.
1004 , 1004 , 1004 , 
2023-11-24_22:22:13 Peer 1005 is choked by 1006
2023-11-24_22:22:14 Peer 1005 has the preferred neighbors.
1004 , 1004 , 1004 , 
2023-11-24_22:22:14 Peer 1005 is choked by 1006
2023-11-24_22:22:15 Peer 1005 has the preferred neighbors.
1004 , 1004 , 1004 , 
2023-11-24_22:22:15 Peer 1005 is choked by 1006
2023-11-24_22:22:16 Peer 1005 has the preferred neighbors.
1004 , 1004 , 1004 , 
2023-11-24_22:22:16 Peer 1005 is choked by 1006
2023-11-24_22:22:17 Peer 1005 has the preferred neighbors.
1004 , 1004 , 1004 , 
2023-11-24_22:22:17 Peer 1005 is choked by 1006
2023-11-24_22:22:18 Peer 1005 has the preferred neighbors.
1004 , 1004 , 1004 , 
2023-11-24_22:22:19 Peer 1005 is choked by 1006
2023-11-24_22:22:19 Peer 1005 has the preferred neighbors.
1004 , 1004 , 1004 , 
2023-11-24_22:22:20 Peer 1005 is choked by 1006
2023-11-24_22:22:20 Peer 1005 has the preferred neighbors.
1004 , 1004 , 1004 , 
2023-11-24_22:22:21 Peer 1005 is choked by 1006
2023-11-24_22:22:21 Peer 1005 has the preferred neighbors.
1004 , 1004 , 1004 , 
2023-11-24_22:22:22 Peer 1005 is choked by 1006
2023-11-24_22:22:22 Peer 1005 has the preferred neighbors.
1004 , 1004 , 1004 , 
2023-11-24_22:22:23 Peer 1005 is choked by 1006
2023-11-24_22:22:23 Peer 1005 has the preferred neighbors.
1004 , 1004 , 1004 , 
2023-11-24_22:22:24 Peer 1005 is choked by 1006
2023-11-24_22:22:24 Peer 1005 has the preferred neighbors.
1004 , 1004 , 1004 , 
2023-11-24_22:22:25 Peer 1005 is choked by 1006
2023-11-24_22:22:25 Peer 1005 has the preferred neighbors.
1004 , 1004 , 1004 , 
2023-11-24_22:22:26 Peer 1005 is choked by 1006
2023-11-24_22:22:26 Peer 1005 has the preferred neighbors.
1004 , 1004 , 1004 , 
2023-11-24_22:22:27 Peer 1005 is choked by 1006
2023-11-24_22:22:27 Peer 1005 has the preferred neighbors.
1004 , 1004 , 1004 , 
2023-11-24_22:22:28 Peer 1005 is choked by 1006
2023-11-24_22:22:28 Peer 1005 has the preferred neighbors.
1004 , 1004 , 1004 , 
2023-11-24_22:22:29 Peer 1005 is choked by 1006
2023-11-24_22:22:29 Peer 1005 has the preferred neighbors.
1004 , 1004 , 1004 , 
2023-11-24_22:22:30 Peer 1005 is choked by 1006
2023-11-24_22:22:31 Peer 1005 has the preferred neighbors.
1004 , 1004 , 1004 , 
2023-11-24_22:22:31 Peer 1005 is choked by 1006
2023-11-24_22:22:32 Peer 1005 has the preferred neighbors.
1004 , 1004 , 1004 , 
2023-11-24_22:22:32 Peer 1005 is choked by 1006
2023-11-24_22:22:33 Peer 1005 has the preferred neighbors.
1004 , 1004 , 1004 , 
2023-11-24_22:22:33 Peer 1005 is choked by 1006
2023-11-24_22:22:34 Peer 1005 has the preferred neighbors.
1004 , 1004 , 1004 , 
2023-11-24_22:22:35 Peer 1005 is choked by 1006
2023-11-24_22:22:35 Peer 1005 has the preferred neighbors.
1004 , 1004 , 1004 , 
2023-11-24_22:22:36 Peer 1005 is choked by 1006
2023-11-24_22:22:36 Peer 1005 has the preferred neighbors.
1004 , 1004 , 1004 , 
2023-11-24_22:22:37 Peer 1005 is choked by 1006
2023-11-24_22:22:37 Peer 1005 has the preferred neighbors.
1004 , 1004 , 1004 , 
2023-11-24_22:22:38 Peer 1005 is choked by 1006
2023-11-24_22:22:38 Peer 1005 has the preferred neighbors.
1004 , 1004 , 1004 , 
2023-11-24_22:22:39 Peer 1005 is choked by 1006
2023-11-24_22:22:39 Peer 1005 has the preferred neighbors.
1004 , 1004 , 1004 , 
2023-11-24_22:22:40 Peer 1005 has the preferred neighbors.
1004 , 1004 , 1004 , 
2023-11-24_22:22:40 Peer 1005 is choked by 1006
2023-11-24_22:22:41 Peer 1005 has the preferred neighbors.
1004 , 1004 , 1004 , 
2023-11-24_22:22:41 Peer 1005 is choked by 1006
2023-11-24_22:22:42 Peer 1005 has the preferred neighbors.
1004 , 1004 , 1004 , 
2023-11-24_22:22:42 Peer 1005 is choked by 1006
2023-11-24_22:22:43 Peer 1005 has the preferred neighbors.
1004 , 1004 , 1004 , 
2023-11-24_22:22:43 Peer 1005 is choked by 1006
2023-11-24_22:22:44 Peer 1005 has the preferred neighbors.
1004 , 1004 , 1004 , 
2023-11-24_22:22:44 Peer 1005 is choked by 1006
2023-11-24_22:22:45 Peer 1005 has the preferred neighbors.
1004 , 1004 , 1004 , 
2023-11-24_22:22:45 Peer 1005 is choked by 1006
2023-11-24_22:22:46 Peer 1005 is choked by 1006
2023-11-24_22:22:46 Peer 1005 has the preferred neighbors.
1004 , 1004 , 1004 , 
2023-11-24_22:22:47 Peer 1005 has the preferred neighbors.
1004 , 1004 , 1004 , 
2023-11-24_22:22:47 Peer 1005 is choked by 1006
2023-11-24_22:22:48 Peer 1005 has the preferred neighbors.
1004 , 1004 , 1004 , 
2023-11-24_22:22:48 Peer 1005 is choked by 1006
2023-11-24_22:22:50 Peer 1005 has the preferred neighbors.
1004 , 1004 , 1004 , 
2023-11-24_22:22:50 Peer 1005 is choked by 1006
2023-11-24_22:22:51 Peer 1005 has the preferred neighbors.
1004 , 1004 , 1004 , 
2023-11-24_22:22:51 Peer 1005 is choked by 1006
2023-11-24_22:22:52 Peer 1005 has the preferred neighbors.
1004 , 1004 , 1004 , 
2023-11-24_22:22:52 Peer 1005 is choked by 1006
2023-11-24_22:22:53 Peer 1005 has the preferred neighbors.
1004 , 1004 , 1004 , 
2023-11-24_22:22:53 Peer 1005 is choked by 1006
2023-11-24_22:22:54 Peer 1005 has the preferred neighbors.
1004 , 1004 , 1004 , 
2023-11-24_22:22:54 Peer 1005 is choked by 1006
2023-11-24_22:22:55 Peer 1005 has the preferred neighbors.
1004 , 1004 , 1004 , 
2023-11-24_22:22:55 Peer 1005 is choked by 1006
2023-11-24_22:22:56 Peer 1005 has the preferred neighbors.
1004 , 1004 , 1004 , 
2023-11-24_22:22:56 Peer 1005 is choked by 1006
2023-11-24_22:22:57 Peer 1005 has the preferred neighbors.
1004 , 1004 , 1004 , 
2023-11-24_22:22:57 Peer 1005 is choked by 1006
2023-11-24_22:22:58 Peer 1005 has the preferred neighbors.
1004 , 1004 , 1004 , 
2023-11-24_22:22:58 Peer 1005 is choked by 1006
2023-11-24_22:22:59 Peer 1005 has the preferred neighbors.
1004 , 1004 , 1004 , 
2023-11-24_22:22:59 Peer 1005 is choked by 1006
2023-11-24_22:23:00 Peer 1005 has the preferred neighbors.
1004 , 1004 , 1004 , 
2023-11-24_22:23:00 Peer 1005 is choked by 1006
2023-11-24_22:23:01 Peer 1005 has the preferred neighbors.
1004 , 1004 , 1004 , 
2023-11-24_22:23:01 Peer 1005 is choked by 1006
2023-11-24_22:23:02 Peer 1005 has the preferred neighbors.
1004 , 1004 , 1004 , 
2023-11-24_22:23:02 Peer 1005 is choked by 1006
2023-11-24_22:23:03 Peer 1005 is choked by 1006
2023-11-24_22:23:03 Peer 1005 has the preferred neighbors.
1004 , 1004 , 1004 , 
2023-11-24_22:23:04 Peer 1005 is choked by 1006
2023-11-24_22:23:04 Peer 1005 has the preferred neighbors.
1004 , 1004 , 1004 , 
2023-11-24_22:23:05 Peer 1005 is choked by 1006
2023-11-24_22:23:05 Peer 1005 has the preferred neighbors.
1004 , 1004 , 1004 , 
2023-11-24_22:23:06 Peer 1005 is choked by 1006
2023-11-24_22:23:06 Peer 1005 has the preferred neighbors.
1004 , 1004 , 1004 , 
2023-11-24_22:23:07 Peer 1005 is choked by 1006
2023-11-24_22:23:07 Peer 1005 has the preferred neighbors.
1004 , 1004 , 1004 , 
2023-11-24_22:23:08 Peer 1005 is choked by 1006
2023-11-24_22:23:09 Peer 1005 has the preferred neighbors.
1004 , 1004 , 1004 , 
2023-11-24_22:23:09 Peer 1005 is choked by 1006
2023-11-24_22:23:10 Peer 1005 has the preferred neighbors.
1004 , 1004 , 1004 , 
2023-11-24_22:23:11 Peer 1005 is choked by 1006
2023-11-24_22:23:11 Peer 1005 has the preferred neighbors.
1004 , 1004 , 1004 , 
2023-11-24_22:23:12 Peer 1005 is choked by 1006
2023-11-24_22:23:12 Peer 1005 has the preferred neighbors.
1004 , 1004 , 1004 , 
2023-11-24_22:23:13 Peer 1005 is choked by 1006
2023-11-24_22:23:13 Peer 1005 has the preferred neighbors.
1004 , 1004 , 1004 , 
2023-11-24_22:23:14 Peer 1005 is choked by 1006
2023-11-24_22:23:14 Peer 1005 has the preferred neighbors.
1004 , 1004 , 1004 , 
2023-11-24_22:23:15 Peer 1005 is choked by 1006
2023-11-24_22:23:15 Peer 1005 has the preferred neighbors.
1004 , 1004 , 1004 , 
2023-11-24_22:23:16 Peer 1005 is choked by 1006
2023-11-24_22:23:16 Peer 1005 has the preferred neighbors.
1004 , 1004 , 1004 , 
2023-11-24_22:23:17 Peer 1005 is choked by 1006
2023-11-24_22:23:17 Peer 1005 has the preferred neighbors.
1004 , 1004 , 1004 , 
2023-11-24_22:23:18 Peer 1005 is choked by 1006
2023-11-24_22:23:18 Peer 1005 has the preferred neighbors.
1004 , 1004 , 1004 , 
2023-11-24_22:23:19 Peer 1005 is choked by 1006
2023-11-24_22:23:19 Peer 1005 has the preferred neighbors.
1004 , 1004 , 1004 , 
2023-11-24_22:23:20 Peer 1005 is choked by 1006
2023-11-24_22:23:20 Peer 1005 has the preferred neighbors.
1004 , 1004 , 1004 , 
2023-11-24_22:23:21 Peer 1005 is choked by 1006
2023-11-24_22:23:22 Peer 1005 has the preferred neighbors.
1004 , 1004 , 1004 , 
2023-11-24_22:23:22 Peer 1005 is choked by 1006
2023-11-24_22:23:23 Peer 1005 has the preferred neighbors.
1004 , 1004 , 1004 , 
2023-11-24_22:23:23 Peer 1005 is choked by 1006
2023-11-24_22:23:24 Peer 1005 has the preferred neighbors.
1004 , 1004 , 1004 , 
2023-11-24_22:23:24 Peer 1005 is choked by 1006
2023-11-24_22:23:25 Peer 1005 has the preferred neighbors.
1004 , 1004 , 1004 , 
2023-11-24_22:23:25 Peer 1005 is choked by 1006
2023-11-24_22:23:26 Peer 1005 has the preferred neighbors.
1004 , 1004 , 1004 , 
2023-11-24_22:23:26 Peer 1005 is choked by 1006
2023-11-24_22:23:27 Peer 1005 has the preferred neighbors.
1004 , 1004 , 1004 , 
2023-11-24_22:23:27 Peer 1005 is choked by 1006
2023-11-24_22:23:28 Peer 1005 has the preferred neighbors.
1004 , 1004 , 1004 , 
2023-11-24_22:23:29 Peer 1005 is choked by 1006
2023-11-24_22:23:29 Peer 1005 has the preferred neighbors.
1004 , 1004 , 1004 , 
2023-11-24_22:23:30 Peer 1005 is choked by 1006
2023-11-24_22:23:30 Peer 1005 has the preferred neighbors.
1004 , 1004 , 1004 , 
2023-11-24_22:23:31 Peer 1005 is choked by 1006
2023-11-24_22:23:31 Peer 1005 has the preferred neighbors.
1004 , 1004 , 1004 , 
2023-11-24_22:23:32 Peer 1005 is choked by 1006
2023-11-24_22:23:32 Peer 1005 has the preferred neighbors.
1004 , 1004 , 1004 , 
2023-11-24_22:23:33 Peer 1005 is choked by 1006
2023-11-24_22:23:33 Peer 1005 has the preferred neighbors.
1004 , 1004 , 1004 , 
2023-11-24_22:23:34 Peer 1005 is choked by 1006
2023-11-24_22:23:34 Peer 1005 has the preferred neighbors.
1004 , 1004 , 1004 , 
2023-11-24_22:23:35 Peer 1005 is choked by 1006
2023-11-24_22:23:35 Peer 1005 has the preferred neighbors.
1004 , 1004 , 1004 , 
2023-11-24_22:23:36 Peer 1005 is choked by 1006
2023-11-24_22:23:37 Peer 1005 has the preferred neighbors.
1004 , 1004 , 1004 , 
2023-11-24_22:23:37 Peer 1005 is choked by 1006
2023-11-24_22:23:38 Peer 1005 has the preferred neighbors.
1004 , 1004 , 1004 , 
2023-11-24_22:23:38 Peer 1005 is choked by 1006
2023-11-24_22:23:39 Peer 1005 has the preferred neighbors.
1004 , 1004 , 1004 , 
2023-11-24_22:23:39 Peer 1005 is choked by 1006
2023-11-24_22:23:40 Peer 1005 has the preferred neighbors.
1004 , 1004 , 1004 , 
2023-11-24_22:23:40 Peer 1005 is choked by 1006
2023-11-24_22:23:41 Peer 1005 has the preferred neighbors.
1004 , 1004 , 1004 , 
2023-11-24_22:23:41 Peer 1005 is choked by 1006
2023-11-24_22:23:42 Peer 1005 has the preferred neighbors.
1004 , 1004 , 1004 , 
2023-11-24_22:23:42 Peer 1005 is choked by 1006
2023-11-24_22:23:43 Peer 1005 has the preferred neighbors.
1004 , 1004 , 1004 , 
2023-11-24_22:23:43 Peer 1005 is choked by 1006
2023-11-24_22:23:44 Peer 1005 has the preferred neighbors.
1004 , 1004 , 1004 , 
2023-11-24_22:23:44 Peer 1005 is choked by 1006
2023-11-24_22:23:45 Peer 1005 has the preferred neighbors.
1004 , 1004 , 1004 , 
2023-11-24_22:23:45 Peer 1005 is choked by 1006
2023-11-24_22:23:46 Peer 1005 has the preferred neighbors.
1004 , 1004 , 1004 , 
2023-11-24_22:23:47 Peer 1005 is choked by 1006
2023-11-24_22:23:47 Peer 1005 has the preferred neighbors.
1004 , 1004 , 1004 , 
2023-11-24_22:23:48 Peer 1005 is choked by 1006
2023-11-24_22:23:48 Peer 1005 has the preferred neighbors.
1004 , 1004 , 1004 , 
2023-11-24_22:23:49 Peer 1005 is choked by 1006
2023-11-24_22:23:49 Peer 1005 has the preferred neighbors.
1004 , 1004 , 1004 , 
2023-11-24_22:23:50 Peer 1005 is choked by 1006
2023-11-24_22:23:50 Peer 1005 has the preferred neighbors.
1004 , 1004 , 1004 , 
2023-11-24_22:23:51 Peer 1005 is choked by 1006
2023-11-24_22:23:52 Peer 1005 has the preferred neighbors.
1004 , 1004 , 1004 , 
2023-11-24_22:23:52 Peer 1005 is choked by 1006
2023-11-24_22:23:53 Peer 1005 has the preferred neighbors.
1004 , 1004 , 1004 , 
2023-11-24_22:23:53 Peer 1005 is choked by 1006
2023-11-24_22:23:54 Peer 1005 has the preferred neighbors.
1004 , 1004 , 1004 , 
2023-11-24_22:23:54 Peer 1005 is choked by 1006
2023-11-24_22:23:55 Peer 1005 has the preferred neighbors.
1004 , 1004 , 1004 , 
2023-11-24_22:23:55 Peer 1005 is choked by 1006
2023-11-24_22:23:56 Peer 1005 has the preferred neighbors.
1004 , 1004 , 1004 , 
2023-11-24_22:23:56 Peer 1005 is choked by 1006
2023-11-24_22:23:57 Peer 1005 has the preferred neighbors.
1004 , 1004 , 1004 , 
2023-11-24_22:23:57 Peer 1005 is choked by 1006
2023-11-24_22:23:58 Peer 1005 has the preferred neighbors.
1004 , 1004 , 1004 , 
2023-11-24_22:23:58 Peer 1005 is choked by 1006
2023-11-24_22:23:59 Peer 1005 has the preferred neighbors.
1004 , 1004 , 1004 , 
2023-11-24_22:23:59 Peer 1005 is choked by 1006
2023-11-24_22:24:00 Peer 1005 has the preferred neighbors.
1004 , 1004 , 1004 , 
2023-11-24_22:24:00 Peer 1005 is choked by 1006
2023-11-24_22:24:01 Peer 1005 has the preferred neighbors.
1004 , 1004 , 1004 , 
2023-11-24_22:24:01 Peer 1005 is choked by 1006
2023-11-24_22:24:02 Peer 1005 has the preferred neighbors.
1004 , 1004 , 1004 , 
2023-11-24_22:24:02 Peer 1005 is choked by 1006
2023-11-24_22:24:03 Peer 1005 has the preferred neighbors.
1004 , 1004 , 1004 , 
2023-11-24_22:24:03 Peer 1005 is choked by 1006
2023-11-24_22:24:04 Peer 1005 has the preferred neighbors.
1004 , 1004 , 1004 , 
2023-11-24_22:24:04 Peer 1005 is choked by 1006
2023-11-24_22:24:05 Peer 1005 has the preferred neighbors.
1004 , 1004 , 1004 , 
2023-11-24_22:24:05 Peer 1005 is choked by 1006
2023-11-24_22:24:06 Peer 1005 has the preferred neighbors.
1004 , 1004 , 1004 , 
2023-11-24_22:24:06 Peer 1005 is choked by 1006
2023-11-24_22:24:07 Peer 1005 has the preferred neighbors.
1004 , 1004 , 1004 , 
2023-11-24_22:24:07 Peer 1005 is choked by 1006
2023-11-24_22:24:08 Peer 1005 has the preferred neighbors.
1004 , 1004 , 1004 , 
2023-11-24_22:24:09 Peer 1005 is choked by 1006
2023-11-24_22:24:09 Peer 1005 has the preferred neighbors.
1004 , 1004 , 1004 , 
2023-11-24_22:24:10 Peer 1005 is choked by 1006
2023-11-24_22:24:10 Peer 1005 has the preferred neighbors.
1004 , 1004 , 1004 , 
2023-11-24_22:24:11 Peer 1005 is choked by 1006
2023-11-24_22:24:11 Peer 1005 has the preferred neighbors.
1004 , 1004 , 1004 , 
2023-11-24_22:24:12 Peer 1005 is choked by 1006
2023-11-24_22:24:13 Peer 1005 has the preferred neighbors.
1004 , 1004 , 1004 , 
2023-11-24_22:24:13 Peer 1005 is choked by 1006
2023-11-24_22:24:14 Peer 1005 has the preferred neighbors.
1004 , 1004 , 1004 , 
2023-11-24_22:24:14 Peer 1005 is choked by 1006
2023-11-24_22:24:15 Peer 1005 has the preferred neighbors.
1004 , 1004 , 1004 , 
2023-11-24_22:24:15 Peer 1005 is choked by 1006
2023-11-24_22:24:16 Peer 1005 has the preferred neighbors.
1004 , 1004 , 1004 , 
2023-11-24_22:24:16 Peer 1005 is choked by 1006
2023-11-24_22:24:17 Peer 1005 has the preferred neighbors.
1004 , 1004 , 1004 , 
2023-11-24_22:24:17 Peer 1005 is choked by 1006
2023-11-24_22:24:18 Peer 1005 has the preferred neighbors.
1004 , 1004 , 1004 , 
2023-11-24_22:24:18 Peer 1005 is choked by 1006
2023-11-24_22:24:19 Peer 1005 has the preferred neighbors.
1004 , 1004 , 1004 , 
2023-11-24_22:24:19 Peer 1005 is choked by 1006
2023-11-24_22:24:20 Peer 1005 has the preferred neighbors.
1004 , 1004 , 1004 , 
2023-11-24_22:24:20 Peer 1005 is choked by 1006
2023-11-24_22:24:21 Peer 1005 has the preferred neighbors.
1004 , 1004 , 1004 , 
2023-11-24_22:24:21 Peer 1005 is choked by 1006
2023-11-24_22:24:22 Peer 1005 has the preferred neighbors.
1004 , 1004 , 1004 , 
2023-11-24_22:24:22 Peer 1005 is choked by 1006
2023-11-24_22:24:23 Peer 1005 has the preferred neighbors.
1004 , 1004 , 1004 , 
2023-11-24_22:24:23 Peer 1005 is choked by 1006
2023-11-24_22:24:24 Peer 1005 has the preferred neighbors.
1004 , 1004 , 1004 , 
2023-11-24_22:24:24 Peer 1005 is choked by 1006
2023-11-24_22:24:25 Peer 1005 is choked by 1006
2023-11-24_22:24:25 Peer 1005 has the preferred neighbors.
1004 , 1004 , 1004 , 
2023-11-24_22:24:26 Peer 1005 is choked by 1006
2023-11-24_22:24:26 Peer 1005 has the preferred neighbors.
1004 , 1004 , 1004 , 
2023-11-24_22:24:27 Peer 1005 is choked by 1006
2023-11-24_22:24:27 Peer 1005 has the preferred neighbors.
1004 , 1004 , 1004 , 
2023-11-24_22:24:28 Peer 1005 is choked by 1006
2023-11-24_22:24:28 Peer 1005 has the preferred neighbors.
1004 , 1004 , 1004 , 
2023-11-24_22:24:29 Peer 1005 is choked by 1006
2023-11-24_22:24:29 Peer 1005 has the preferred neighbors.
1004 , 1004 , 1004 , 
2023-11-24_22:24:30 Peer 1005 is choked by 1006
2023-11-24_22:24:30 Peer 1005 has the preferred neighbors.
1004 , 1004 , 1004 , 
2023-11-24_22:24:31 Peer 1005 is choked by 1006
2023-11-24_22:24:31 Peer 1005 has the preferred neighbors.
1004 , 1004 , 1004 , 
2023-11-24_22:24:32 Peer 1005 is choked by 1006
2023-11-24_22:24:32 Peer 1005 has the preferred neighbors.
1004 , 1004 , 1004 , 
2023-11-24_22:24:33 Peer 1005 is choked by 1006
2023-11-24_22:24:34 Peer 1005 has the preferred neighbors.
1004 , 1004 , 1004 , 
2023-11-24_22:24:34 Peer 1005 is choked by 1006
2023-11-24_22:24:35 Peer 1005 has the preferred neighbors.
1004 , 1004 , 1004 , 
2023-11-24_22:24:36 Peer 1005 is choked by 1006
2023-11-24_22:24:36 Peer 1005 has the preferred neighbors.
1004 , 1004 , 1004 , 
2023-11-24_22:24:37 Peer 1005 is choked by 1006
2023-11-24_22:24:37 Peer 1005 has the preferred neighbors.
1004 , 1004 , 1004 , 
2023-11-24_22:24:38 Peer 1005 is choked by 1006
2023-11-24_22:24:38 Peer 1005 has the preferred neighbors.
1004 , 1004 , 1004 , 
2023-11-24_22:24:39 Peer 1005 is choked by 1006
2023-11-24_22:24:39 Peer 1005 has the preferred neighbors.
1004 , 1004 , 1004 , 
2023-11-24_22:24:40 Peer 1005 is choked by 1006
2023-11-24_22:24:40 Peer 1005 has the preferred neighbors.
1004 , 1004 , 1004 , 
2023-11-24_22:24:41 Peer 1005 is choked by 1006
2023-11-24_22:24:41 Peer 1005 has the preferred neighbors.
1004 , 1004 , 1004 , 
2023-11-24_22:24:42 Peer 1005 is choked by 1006
2023-11-24_22:24:42 Peer 1005 has the preferred neighbors.
1004 , 1004 , 1004 , 
2023-11-24_22:24:43 Peer 1005 is choked by 1006
2023-11-24_22:24:43 Peer 1005 has the preferred neighbors.
1004 , 1004 , 1004 , 
2023-11-24_22:24:44 Peer 1005 is choked by 1006
2023-11-24_22:24:44 Peer 1005 has the preferred neighbors.
1004 , 1004 , 1004 , 
2023-11-24_22:24:45 Peer 1005 is choked by 1006
2023-11-24_22:24:45 Peer 1005 has the preferred neighbors.
1004 , 1004 , 1004 , 
2023-11-24_22:24:46 Peer 1005 is choked by 1006
2023-11-24_22:24:46 Peer 1005 has the preferred neighbors.
1004 , 1004 , 1004 , 
2023-11-24_22:24:47 Peer 1005 is choked by 1006
2023-11-24_22:24:47 Peer 1005 has the preferred neighbors.
1004 , 1004 , 1004 , 
2023-11-24_22:24:48 Peer 1005 is choked by 1006
2023-11-24_22:24:48 Peer 1005 has the preferred neighbors.
1004 , 1004 , 1004 , 
2023-11-24_22:24:49 Peer 1005 is choked by 1006
2023-11-24_22:24:49 Peer 1005 has the preferred neighbors.
1004 , 1004 , 1004 , 
2023-11-24_22:24:50 Peer 1005 is choked by 1006
2023-11-24_22:24:50 Peer 1005 has the preferred neighbors.
1004 , 1004 , 1004 , 
2023-11-24_22:24:51 Peer 1005 is choked by 1006
2023-11-24_22:24:52 Peer 1005 has the preferred neighbors.
1004 , 1004 , 1004 , 
2023-11-24_22:24:52 Peer 1005 is choked by 1006
2023-11-24_22:24:53 Peer 1005 has the preferred neighbors.
1004 , 1004 , 1004 , 
2023-11-24_22:24:53 Peer 1005 is choked by 1006
2023-11-24_22:24:54 Peer 1005 has the preferred neighbors.
1004 , 1004 , 1004 , 
2023-11-24_22:24:54 Peer 1005 is choked by 1006
2023-11-24_22:24:55 Peer 1005 has the preferred neighbors.
1004 , 1004 , 1004 , 
2023-11-24_22:24:55 Peer 1005 is choked by 1006
2023-11-24_22:24:56 Peer 1005 has the preferred neighbors.
1004 , 1004 , 1004 , 
2023-11-24_22:24:56 Peer 1005 is choked by 1006
2023-11-24_22:24:57 Peer 1005 has the preferred neighbors.
1004 , 1004 , 1004 , 
2023-11-24_22:24:57 Peer 1005 is choked by 1006
2023-11-24_22:24:58 Peer 1005 has the preferred neighbors.
1004 , 1004 , 1004 , 
2023-11-24_22:24:58 Peer 1005 is choked by 1006
2023-11-24_22:24:59 Peer 1005 has the preferred neighbors.
1004 , 1004 , 1004 , 
2023-11-24_22:24:59 Peer 1005 is choked by 1006
2023-11-24_22:25:00 Peer 1005 has the preferred neighbors.
1004 , 1004 , 1004 , 
2023-11-24_22:25:01 Peer 1005 is choked by 1006
2023-11-24_22:25:01 Peer 1005 has the preferred neighbors.
1004 , 1004 , 1004 , 
2023-11-24_22:25:02 Peer 1005 is choked by 1006
2023-11-24_22:25:02 Peer 1005 has the preferred neighbors.
1004 , 1004 , 1004 , 
2023-11-24_22:25:03 Peer 1005 is choked by 1006
2023-11-24_22:25:03 Peer 1005 has the preferred neighbors.
1004 , 1004 , 1004 , 
2023-11-24_22:25:04 Peer 1005 is choked by 1006
2023-11-24_22:25:04 Peer 1005 has the preferred neighbors.
1004 , 1004 , 1004 , 
2023-11-24_22:25:05 Peer 1005 is choked by 1006
2023-11-24_22:25:05 Peer 1005 has the preferred neighbors.
1004 , 1004 , 1004 , 
2023-11-24_22:25:06 Peer 1005 is choked by 1006
2023-11-24_22:25:06 Peer 1005 has the preferred neighbors.
1004 , 1004 , 1004 , 
2023-11-24_22:25:07 Peer 1005 is choked by 1006
2023-11-24_22:25:07 Peer 1005 has the preferred neighbors.
1004 , 1004 , 1004 , 
2023-11-24_22:25:08 Peer 1005 is choked by 1006
2023-11-24_22:25:08 Peer 1005 has the preferred neighbors.
1004 , 1004 , 1004 , 
2023-11-24_22:25:09 Peer 1005 is choked by 1006
2023-11-24_22:25:09 Peer 1005 has the preferred neighbors.
1004 , 1004 , 1004 , 
2023-11-24_22:25:10 Peer 1005 is choked by 1006
2023-11-24_22:25:11 Peer 1005 has the preferred neighbors.
1004 , 1004 , 1004 , 
2023-11-24_22:25:11 Peer 1005 is choked by 1006
2023-11-24_22:25:12 Peer 1005 has the preferred neighbors.
1004 , 1004 , 1004 , 
2023-11-24_22:25:12 Peer 1005 is choked by 1006
