2023-11-24_22:19:03 Peer 1006 makes a connection to Peer 1001
2023-11-24_22:19:03 Peer 1006 received a 'not interested' message from 1001
2023-11-24_22:19:03 Peer 1006 is choked by 1001
2023-11-24_22:19:04 Peer 1006 makes a connection to Peer 1002
2023-11-24_22:19:04 Peer 1006 received a 'not interested' message from 1002
2023-11-24_22:19:04 Peer 1006 is choked by 1001
2023-11-24_22:19:05 Peer 1006 makes a connection to Peer 1003
2023-11-24_22:19:05 Peer 1006 received a 'not interested' message from 1003
2023-11-24_22:19:05 Peer 1006 is choked by 1001
2023-11-24_22:19:06 Peer 1006 makes a connection to Peer 1004
2023-11-24_22:19:06 Peer 1006 received a 'interested' message from 1004
2023-11-24_22:19:06 Peer 1006 is choked by 1003
2023-11-24_22:19:06 Peer 1006 received a 'have' message from 1004 for the piece 130
2023-11-24_22:19:06 Peer 1006 received a 'have' message from 1004 for the piece 1079
2023-11-24_22:19:06 Peer 1006 received a 'have' message from 1004 for the piece 201
2023-11-24_22:19:06 Peer 1006 is choked by 1001
2023-11-24_22:19:06 Peer 1006 received a 'have' message from 1004 for the piece 425
2023-11-24_22:19:06 Peer 1006 received a 'have' message from 1004 for the piece 366
2023-11-24_22:19:07 Peer 1006 received a 'have' message from 1004 for the piece 120
2023-11-24_22:19:07 Peer 1006 makes a connection to Peer 1005
2023-11-24_22:19:07 Peer 1006 received a 'interested' message from 1005
2023-11-24_22:19:07 Peer 1006 is choked by 1003
2023-11-24_22:19:07 Peer 1006 received a 'have' message from 1004 for the piece 430
2023-11-24_22:19:07 Peer 1006 is choked by 1004
2023-11-24_22:19:07 Peer 1006 received a 'have' message from 1004 for the piece 121
2023-11-24_22:19:07 Peer 1006 is choked by 1001
2023-11-24_22:19:08 Peer 1006 is unchoked by 1004
2023-11-24_22:19:08 Peer 1006 is unchoked by 1005
2023-11-24_22:19:08 Peer 1006 has the preferred neighbors.
1004 , 1005 , 
2023-11-24_22:19:08 Peer 1006 is choked by 1005
2023-11-24_22:19:08 Peer 1006 received a 'have' message from 1005 for the piece 26
2023-11-24_22:19:08 Peer 1006 received a 'have' message from 1005 for the piece 444
2023-11-24_22:19:08 Peer 1006 is choked by 1003
2023-11-24_22:19:08 Peer 1006 received a 'have' message from 1005 for the piece 603
2023-11-24_22:19:08 Peer 1006 received a 'have' message from 1005 for the piece 719
2023-11-24_22:19:08 Peer 1006 received a 'have' message from 1005 for the piece 848
2023-11-24_22:19:08 Peer 1006 received a 'have' message from 1005 for the piece 1049
2023-11-24_22:19:08 Peer 1006 received a 'have' message from 1005 for the piece 1058
2023-11-24_22:19:08 Peer 1006 is choked by 1001
2023-11-24_22:19:08 Peer 1006 received a 'have' message from 1005 for the piece 423
2023-11-24_22:19:09 Peer 1006 received a 'have' message from 1005 for the piece 370
2023-11-24_22:19:09 Peer 1006 received a 'have' message from 1005 for the piece 747
2023-11-24_22:19:09 Peer 1006 received a 'have' message from 1005 for the piece 1408
2023-11-24_22:19:09 Peer 1006 received a 'have' message from 1005 for the piece 249
2023-11-24_22:19:09 Peer 1006 has the preferred neighbors.
1004 , 1005 , 
2023-11-24_22:19:09 Peer 1006 is choked by 1005
2023-11-24_22:19:09 Peer 1006 is choked by 1005
2023-11-24_22:19:09 Peer 1006 received a 'not interested' message from 1005
2023-11-24_22:19:09 Peer 1006 is choked by 1003
2023-11-24_22:19:10 Peer 1006 is choked by 1001
2023-11-24_22:19:10 Peer 1006 has the preferred neighbors.
1004 , 
2023-11-24_22:19:10 Peer 1006 is choked by 1003
2023-11-24_22:19:10 Peer 1006 is choked by 1001
2023-11-24_22:19:11 Peer 1006 has the preferred neighbors.
1004 , 
2023-11-24_22:19:11 Peer 1006 is choked by 1003
2023-11-24_22:19:12 Peer 1006 is choked by 1001
2023-11-24_22:19:12 Peer 1006 has the preferred neighbors.
1004 , 
2023-11-24_22:19:12 Peer 1006 is choked by 1003
2023-11-24_22:19:13 Peer 1006 is choked by 1001
2023-11-24_22:19:13 Peer 1006 has the preferred neighbors.
1004 , 
2023-11-24_22:19:13 Peer 1006 is choked by 1003
2023-11-24_22:19:14 Peer 1006 is choked by 1001
2023-11-24_22:19:14 Peer 1006 has the preferred neighbors.
1004 , 
2023-11-24_22:19:14 Peer 1006 is choked by 1003
2023-11-24_22:19:15 Peer 1006 is choked by 1001
2023-11-24_22:19:15 Peer 1006 has the preferred neighbors.
1004 , 
2023-11-24_22:19:15 Peer 1006 is choked by 1003
2023-11-24_22:19:16 Peer 1006 is choked by 1001
2023-11-24_22:19:16 Peer 1006 has the preferred neighbors.
1004 , 
2023-11-24_22:19:16 Peer 1006 is choked by 1003
2023-11-24_22:19:17 Peer 1006 is choked by 1001
2023-11-24_22:19:17 Peer 1006 has the preferred neighbors.
1004 , 
2023-11-24_22:19:17 Peer 1006 is choked by 1003
2023-11-24_22:19:18 Peer 1006 is choked by 1001
2023-11-24_22:19:18 Peer 1006 has the preferred neighbors.
1004 , 
2023-11-24_22:19:18 Peer 1006 is choked by 1003
2023-11-24_22:19:19 Peer 1006 is choked by 1001
2023-11-24_22:19:19 Peer 1006 has the preferred neighbors.
1004 , 
2023-11-24_22:19:20 Peer 1006 is choked by 1003
2023-11-24_22:19:20 Peer 1006 is choked by 1001
2023-11-24_22:19:21 Peer 1006 has the preferred neighbors.
1004 , 
2023-11-24_22:19:21 Peer 1006 is choked by 1003
2023-11-24_22:19:21 Peer 1006 is choked by 1001
2023-11-24_22:19:22 Peer 1006 has the preferred neighbors.
1004 , 
2023-11-24_22:19:22 Peer 1006 is choked by 1003
2023-11-24_22:19:22 Peer 1006 is choked by 1001
2023-11-24_22:19:23 Peer 1006 has the preferred neighbors.
1004 , 
2023-11-24_22:19:23 Peer 1006 is choked by 1003
2023-11-24_22:19:23 Peer 1006 is choked by 1001
2023-11-24_22:19:24 Peer 1006 has the preferred neighbors.
1004 , 
2023-11-24_22:19:24 Peer 1006 is choked by 1003
2023-11-24_22:19:24 Peer 1006 is choked by 1001
2023-11-24_22:19:25 Peer 1006 is choked by 1003
2023-11-24_22:19:25 Peer 1006 has the preferred neighbors.
1004 , 
2023-11-24_22:19:25 Peer 1006 is choked by 1001
2023-11-24_22:19:26 Peer 1006 is choked by 1003
2023-11-24_22:19:26 Peer 1006 has the preferred neighbors.
1004 , 
2023-11-24_22:19:26 Peer 1006 is choked by 1001
2023-11-24_22:19:27 Peer 1006 is choked by 1003
2023-11-24_22:19:27 Peer 1006 has the preferred neighbors.
1004 , 
2023-11-24_22:19:27 Peer 1006 is choked by 1001
2023-11-24_22:19:28 Peer 1006 is choked by 1003
2023-11-24_22:19:28 Peer 1006 has the preferred neighbors.
1004 , 
2023-11-24_22:19:28 Peer 1006 is choked by 1001
2023-11-24_22:19:29 Peer 1006 is choked by 1003
2023-11-24_22:19:29 Peer 1006 has the preferred neighbors.
1004 , 
2023-11-24_22:19:29 Peer 1006 is choked by 1001
2023-11-24_22:19:30 Peer 1006 is choked by 1003
2023-11-24_22:19:30 Peer 1006 has the preferred neighbors.
1004 , 
2023-11-24_22:19:30 Peer 1006 is choked by 1001
2023-11-24_22:19:31 Peer 1006 is choked by 1003
2023-11-24_22:19:31 Peer 1006 has the preferred neighbors.
1004 , 
2023-11-24_22:19:31 Peer 1006 is choked by 1001
2023-11-24_22:19:32 Peer 1006 is choked by 1003
2023-11-24_22:19:32 Peer 1006 has the preferred neighbors.
1004 , 
2023-11-24_22:19:32 Peer 1006 is choked by 1001
2023-11-24_22:19:33 Peer 1006 is choked by 1003
2023-11-24_22:19:33 Peer 1006 has the preferred neighbors.
1004 , 
2023-11-24_22:19:33 Peer 1006 is choked by 1001
2023-11-24_22:19:34 Peer 1006 is choked by 1003
2023-11-24_22:19:34 Peer 1006 has the preferred neighbors.
1004 , 
2023-11-24_22:19:35 Peer 1006 is choked by 1001
2023-11-24_22:19:35 Peer 1006 is choked by 1003
2023-11-24_22:19:35 Peer 1006 has the preferred neighbors.
1004 , 
2023-11-24_22:19:36 Peer 1006 is choked by 1001
2023-11-24_22:19:36 Peer 1006 is choked by 1003
2023-11-24_22:19:36 Peer 1006 has the preferred neighbors.
1004 , 
2023-11-24_22:19:37 Peer 1006 is choked by 1001
2023-11-24_22:19:37 Peer 1006 is choked by 1003
2023-11-24_22:19:37 Peer 1006 has the preferred neighbors.
1004 , 
2023-11-24_22:19:38 Peer 1006 is choked by 1001
2023-11-24_22:19:38 Peer 1006 is choked by 1003
2023-11-24_22:19:39 Peer 1006 has the preferred neighbors.
1004 , 
2023-11-24_22:19:39 Peer 1006 is choked by 1001
2023-11-24_22:19:39 Peer 1006 is choked by 1003
2023-11-24_22:19:40 Peer 1006 has the preferred neighbors.
1004 , 
2023-11-24_22:19:40 Peer 1006 is choked by 1001
2023-11-24_22:19:40 Peer 1006 is choked by 1003
2023-11-24_22:19:41 Peer 1006 has the preferred neighbors.
1004 , 
2023-11-24_22:19:41 Peer 1006 is choked by 1001
2023-11-24_22:19:41 Peer 1006 is choked by 1003
2023-11-24_22:19:42 Peer 1006 has the preferred neighbors.
1004 , 
2023-11-24_22:19:42 Peer 1006 is choked by 1001
2023-11-24_22:19:42 Peer 1006 is choked by 1003
2023-11-24_22:19:43 Peer 1006 has the preferred neighbors.
1004 , 
2023-11-24_22:19:43 Peer 1006 is choked by 1001
2023-11-24_22:19:43 Peer 1006 is choked by 1003
2023-11-24_22:19:44 Peer 1006 has the preferred neighbors.
1004 , 
2023-11-24_22:19:44 Peer 1006 is choked by 1001
2023-11-24_22:19:44 Peer 1006 is choked by 1003
2023-11-24_22:19:45 Peer 1006 has the preferred neighbors.
1004 , 
2023-11-24_22:19:45 Peer 1006 is choked by 1001
2023-11-24_22:19:45 Peer 1006 is choked by 1003
2023-11-24_22:19:46 Peer 1006 has the preferred neighbors.
1004 , 
2023-11-24_22:19:46 Peer 1006 is choked by 1001
2023-11-24_22:19:47 Peer 1006 is choked by 1003
2023-11-24_22:19:47 Peer 1006 has the preferred neighbors.
1004 , 
2023-11-24_22:19:47 Peer 1006 is choked by 1001
2023-11-24_22:19:48 Peer 1006 is choked by 1003
2023-11-24_22:19:48 Peer 1006 has the preferred neighbors.
1004 , 
2023-11-24_22:19:48 Peer 1006 is choked by 1001
2023-11-24_22:19:49 Peer 1006 is choked by 1003
2023-11-24_22:19:49 Peer 1006 has the preferred neighbors.
1004 , 
2023-11-24_22:19:49 Peer 1006 is choked by 1001
2023-11-24_22:19:50 Peer 1006 is choked by 1003
2023-11-24_22:19:50 Peer 1006 has the preferred neighbors.
1004 , 
2023-11-24_22:19:50 Peer 1006 is choked by 1001
2023-11-24_22:19:51 Peer 1006 is choked by 1003
2023-11-24_22:19:51 Peer 1006 has the preferred neighbors.
1004 , 
2023-11-24_22:19:51 Peer 1006 is choked by 1001
2023-11-24_22:19:52 Peer 1006 is choked by 1003
2023-11-24_22:19:52 Peer 1006 has the preferred neighbors.
1004 , 
2023-11-24_22:19:52 Peer 1006 is choked by 1001
2023-11-24_22:19:53 Peer 1006 is choked by 1003
2023-11-24_22:19:53 Peer 1006 has the preferred neighbors.
1004 , 
2023-11-24_22:19:53 Peer 1006 is choked by 1001
2023-11-24_22:19:54 Peer 1006 is choked by 1003
2023-11-24_22:19:54 Peer 1006 has the preferred neighbors.
1004 , 
2023-11-24_22:19:54 Peer 1006 is choked by 1001
2023-11-24_22:19:55 Peer 1006 is choked by 1003
2023-11-24_22:19:55 Peer 1006 has the preferred neighbors.
1004 , 
2023-11-24_22:19:55 Peer 1006 is choked by 1001
2023-11-24_22:19:56 Peer 1006 is choked by 1003
2023-11-24_22:19:56 Peer 1006 has the preferred neighbors.
1004 , 
2023-11-24_22:19:56 Peer 1006 is choked by 1001
2023-11-24_22:19:57 Peer 1006 is choked by 1003
2023-11-24_22:19:57 Peer 1006 has the preferred neighbors.
1004 , 
2023-11-24_22:19:57 Peer 1006 is choked by 1001
2023-11-24_22:19:58 Peer 1006 is choked by 1003
2023-11-24_22:19:58 Peer 1006 has the preferred neighbors.
1004 , 
2023-11-24_22:19:59 Peer 1006 is choked by 1001
2023-11-24_22:19:59 Peer 1006 is choked by 1003
2023-11-24_22:19:59 Peer 1006 has the preferred neighbors.
1004 , 
2023-11-24_22:20:00 Peer 1006 is choked by 1001
2023-11-24_22:20:00 Peer 1006 is choked by 1003
2023-11-24_22:20:00 Peer 1006 has the preferred neighbors.
1004 , 
2023-11-24_22:20:01 Peer 1006 is choked by 1001
2023-11-24_22:20:01 Peer 1006 is choked by 1003
2023-11-24_22:20:01 Peer 1006 has the preferred neighbors.
1004 , 
2023-11-24_22:20:02 Peer 1006 is choked by 1001
2023-11-24_22:20:02 Peer 1006 is choked by 1003
2023-11-24_22:20:03 Peer 1006 has the preferred neighbors.
1004 , 
2023-11-24_22:20:03 Peer 1006 is choked by 1001
2023-11-24_22:20:03 Peer 1006 is choked by 1003
2023-11-24_22:20:04 Peer 1006 has the preferred neighbors.
1004 , 
2023-11-24_22:20:04 Peer 1006 is choked by 1001
2023-11-24_22:20:04 Peer 1006 is choked by 1003
2023-11-24_22:20:05 Peer 1006 has the preferred neighbors.
1004 , 
2023-11-24_22:20:05 Peer 1006 is choked by 1001
2023-11-24_22:20:05 Peer 1006 is choked by 1003
2023-11-24_22:20:06 Peer 1006 has the preferred neighbors.
1004 , 
2023-11-24_22:20:06 Peer 1006 is choked by 1001
2023-11-24_22:20:07 Peer 1006 is choked by 1003
2023-11-24_22:20:07 Peer 1006 has the preferred neighbors.
1004 , 
2023-11-24_22:20:07 Peer 1006 is choked by 1001
2023-11-24_22:20:07 Peer 1006 is choked by 1003
2023-11-24_22:20:08 Peer 1006 has the preferred neighbors.
1004 , 
2023-11-24_22:20:08 Peer 1006 is choked by 1001
2023-11-24_22:20:08 Peer 1006 is choked by 1003
2023-11-24_22:20:09 Peer 1006 has the preferred neighbors.
1004 , 
2023-11-24_22:20:09 Peer 1006 is choked by 1001
2023-11-24_22:20:10 Peer 1006 is choked by 1003
2023-11-24_22:20:10 Peer 1006 has the preferred neighbors.
1004 , 
2023-11-24_22:20:10 Peer 1006 is choked by 1001
2023-11-24_22:20:11 Peer 1006 is choked by 1003
2023-11-24_22:20:11 Peer 1006 has the preferred neighbors.
1004 , 
2023-11-24_22:20:11 Peer 1006 is choked by 1001
2023-11-24_22:20:12 Peer 1006 is choked by 1003
2023-11-24_22:20:12 Peer 1006 has the preferred neighbors.
1004 , 
2023-11-24_22:20:12 Peer 1006 is choked by 1001
2023-11-24_22:20:13 Peer 1006 is choked by 1003
2023-11-24_22:20:13 Peer 1006 has the preferred neighbors.
1004 , 
2023-11-24_22:20:13 Peer 1006 is choked by 1001
2023-11-24_22:20:14 Peer 1006 is choked by 1003
2023-11-24_22:20:14 Peer 1006 has the preferred neighbors.
1004 , 
2023-11-24_22:20:14 Peer 1006 is choked by 1001
2023-11-24_22:20:15 Peer 1006 is choked by 1003
2023-11-24_22:20:15 Peer 1006 has the preferred neighbors.
1004 , 
2023-11-24_22:20:15 Peer 1006 is choked by 1001
2023-11-24_22:20:16 Peer 1006 is choked by 1003
2023-11-24_22:20:16 Peer 1006 has the preferred neighbors.
1004 , 
2023-11-24_22:20:16 Peer 1006 is choked by 1001
2023-11-24_22:20:17 Peer 1006 is choked by 1003
2023-11-24_22:20:17 Peer 1006 has the preferred neighbors.
1004 , 
2023-11-24_22:20:17 Peer 1006 is choked by 1001
2023-11-24_22:20:18 Peer 1006 is choked by 1003
2023-11-24_22:20:18 Peer 1006 has the preferred neighbors.
1004 , 
2023-11-24_22:20:18 Peer 1006 is choked by 1001
2023-11-24_22:20:19 Peer 1006 is choked by 1003
2023-11-24_22:20:19 Peer 1006 has the preferred neighbors.
1004 , 
2023-11-24_22:20:20 Peer 1006 is choked by 1001
2023-11-24_22:20:20 Peer 1006 is choked by 1003
2023-11-24_22:20:21 Peer 1006 has the preferred neighbors.
1004 , 
2023-11-24_22:20:21 Peer 1006 is choked by 1001
2023-11-24_22:20:21 Peer 1006 is choked by 1003
2023-11-24_22:20:22 Peer 1006 has the preferred neighbors.
1004 , 
2023-11-24_22:20:22 Peer 1006 is choked by 1001
2023-11-24_22:20:22 Peer 1006 is choked by 1003
2023-11-24_22:20:23 Peer 1006 has the preferred neighbors.
1004 , 
2023-11-24_22:20:23 Peer 1006 is choked by 1001
2023-11-24_22:20:23 Peer 1006 is choked by 1003
2023-11-24_22:20:24 Peer 1006 has the preferred neighbors.
1004 , 
2023-11-24_22:20:24 Peer 1006 is choked by 1001
2023-11-24_22:20:24 Peer 1006 is choked by 1003
2023-11-24_22:20:25 Peer 1006 is choked by 1001
2023-11-24_22:20:25 Peer 1006 has the preferred neighbors.
1004 , 
2023-11-24_22:20:25 Peer 1006 is choked by 1003
2023-11-24_22:20:26 Peer 1006 has the preferred neighbors.
1004 , 
2023-11-24_22:20:26 Peer 1006 is choked by 1001
2023-11-24_22:20:27 Peer 1006 is choked by 1003
2023-11-24_22:20:27 Peer 1006 has the preferred neighbors.
1004 , 
2023-11-24_22:20:27 Peer 1006 is choked by 1001
2023-11-24_22:20:28 Peer 1006 is choked by 1003
2023-11-24_22:20:28 Peer 1006 has the preferred neighbors.
1004 , 
2023-11-24_22:20:28 Peer 1006 is choked by 1001
2023-11-24_22:20:29 Peer 1006 is choked by 1003
2023-11-24_22:20:29 Peer 1006 has the preferred neighbors.
1004 , 
2023-11-24_22:20:29 Peer 1006 is choked by 1001
2023-11-24_22:20:30 Peer 1006 is choked by 1003
2023-11-24_22:20:30 Peer 1006 has the preferred neighbors.
1004 , 
2023-11-24_22:20:30 Peer 1006 is choked by 1001
2023-11-24_22:20:31 Peer 1006 is choked by 1003
2023-11-24_22:20:31 Peer 1006 is choked by 1001
2023-11-24_22:20:31 Peer 1006 has the preferred neighbors.
1004 , 
2023-11-24_22:20:32 Peer 1006 is choked by 1003
2023-11-24_22:20:32 Peer 1006 has the preferred neighbors.
1004 , 
2023-11-24_22:20:32 Peer 1006 is choked by 1001
2023-11-24_22:20:33 Peer 1006 is choked by 1003
2023-11-24_22:20:33 Peer 1006 is choked by 1001
2023-11-24_22:20:33 Peer 1006 has the preferred neighbors.
1004 , 
2023-11-24_22:20:34 Peer 1006 is choked by 1003
2023-11-24_22:20:34 Peer 1006 is choked by 1001
2023-11-24_22:20:34 Peer 1006 has the preferred neighbors.
1004 , 
2023-11-24_22:20:35 Peer 1006 is choked by 1003
2023-11-24_22:20:35 Peer 1006 is choked by 1001
2023-11-24_22:20:35 Peer 1006 has the preferred neighbors.
1004 , 
2023-11-24_22:20:36 Peer 1006 is choked by 1003
2023-11-24_22:20:36 Peer 1006 has the preferred neighbors.
1004 , 
2023-11-24_22:20:36 Peer 1006 is choked by 1001
2023-11-24_22:20:37 Peer 1006 is choked by 1003
2023-11-24_22:20:37 Peer 1006 has the preferred neighbors.
1004 , 
2023-11-24_22:20:37 Peer 1006 is choked by 1001
2023-11-24_22:20:38 Peer 1006 is choked by 1003
2023-11-24_22:20:38 Peer 1006 has the preferred neighbors.
1004 , 
2023-11-24_22:20:38 Peer 1006 is choked by 1001
2023-11-24_22:20:39 Peer 1006 is choked by 1003
2023-11-24_22:20:39 Peer 1006 has the preferred neighbors.
1004 , 
2023-11-24_22:20:39 Peer 1006 is choked by 1001
2023-11-24_22:20:40 Peer 1006 is choked by 1003
2023-11-24_22:20:40 Peer 1006 is choked by 1001
2023-11-24_22:20:40 Peer 1006 has the preferred neighbors.
1004 , 
2023-11-24_22:20:41 Peer 1006 is choked by 1003
2023-11-24_22:20:41 Peer 1006 is choked by 1001
2023-11-24_22:20:41 Peer 1006 has the preferred neighbors.
1004 , 
2023-11-24_22:20:42 Peer 1006 is choked by 1003
2023-11-24_22:20:42 Peer 1006 has the preferred neighbors.
1004 , 
2023-11-24_22:20:42 Peer 1006 is choked by 1001
2023-11-24_22:20:43 Peer 1006 is choked by 1003
2023-11-24_22:20:43 Peer 1006 has the preferred neighbors.
1004 , 
2023-11-24_22:20:43 Peer 1006 is choked by 1001
2023-11-24_22:20:44 Peer 1006 is choked by 1003
2023-11-24_22:20:44 Peer 1006 has the preferred neighbors.
1004 , 
2023-11-24_22:20:45 Peer 1006 is choked by 1001
2023-11-24_22:20:45 Peer 1006 is choked by 1003
2023-11-24_22:20:46 Peer 1006 has the preferred neighbors.
1004 , 
2023-11-24_22:20:46 Peer 1006 is choked by 1001
2023-11-24_22:20:46 Peer 1006 is choked by 1003
2023-11-24_22:20:47 Peer 1006 is choked by 1001
2023-11-24_22:20:47 Peer 1006 has the preferred neighbors.
1004 , 
2023-11-24_22:20:47 Peer 1006 is choked by 1003
2023-11-24_22:20:48 Peer 1006 has the preferred neighbors.
1004 , 
2023-11-24_22:20:48 Peer 1006 is choked by 1001
2023-11-24_22:20:48 Peer 1006 is choked by 1003
2023-11-24_22:20:49 Peer 1006 has the preferred neighbors.
1004 , 
2023-11-24_22:20:49 Peer 1006 is choked by 1001
2023-11-24_22:20:49 Peer 1006 is choked by 1003
2023-11-24_22:20:50 Peer 1006 has the preferred neighbors.
1004 , 
2023-11-24_22:20:50 Peer 1006 is choked by 1001
2023-11-24_22:20:50 Peer 1006 is choked by 1003
2023-11-24_22:20:51 Peer 1006 has the preferred neighbors.
1004 , 
2023-11-24_22:20:51 Peer 1006 is choked by 1001
2023-11-24_22:20:51 Peer 1006 is choked by 1003
2023-11-24_22:20:52 Peer 1006 has the preferred neighbors.
1004 , 
2023-11-24_22:20:52 Peer 1006 is choked by 1001
2023-11-24_22:20:52 Peer 1006 is choked by 1003
2023-11-24_22:20:53 Peer 1006 has the preferred neighbors.
1004 , 
2023-11-24_22:20:53 Peer 1006 is choked by 1001
2023-11-24_22:20:53 Peer 1006 is choked by 1003
2023-11-24_22:20:54 Peer 1006 has the preferred neighbors.
1004 , 
2023-11-24_22:20:54 Peer 1006 is choked by 1001
2023-11-24_22:20:55 Peer 1006 is choked by 1003
2023-11-24_22:20:55 Peer 1006 has the preferred neighbors.
1004 , 
2023-11-24_22:20:55 Peer 1006 is choked by 1001
2023-11-24_22:20:56 Peer 1006 is choked by 1003
2023-11-24_22:20:56 Peer 1006 has the preferred neighbors.
1004 , 
2023-11-24_22:20:56 Peer 1006 is choked by 1001
2023-11-24_22:20:57 Peer 1006 is choked by 1003
2023-11-24_22:20:57 Peer 1006 is choked by 1001
2023-11-24_22:20:57 Peer 1006 has the preferred neighbors.
1004 , 
2023-11-24_22:20:58 Peer 1006 is choked by 1003
2023-11-24_22:20:58 Peer 1006 is choked by 1001
2023-11-24_22:20:58 Peer 1006 has the preferred neighbors.
1004 , 
2023-11-24_22:20:59 Peer 1006 is choked by 1003
2023-11-24_22:20:59 Peer 1006 has the preferred neighbors.
1004 , 
2023-11-24_22:20:59 Peer 1006 is choked by 1001
2023-11-24_22:21:00 Peer 1006 is choked by 1003
2023-11-24_22:21:00 Peer 1006 is choked by 1001
2023-11-24_22:21:00 Peer 1006 has the preferred neighbors.
1004 , 
2023-11-24_22:21:01 Peer 1006 is choked by 1003
2023-11-24_22:21:01 Peer 1006 is choked by 1001
2023-11-24_22:21:01 Peer 1006 has the preferred neighbors.
1004 , 
2023-11-24_22:21:02 Peer 1006 is choked by 1003
2023-11-24_22:21:02 Peer 1006 is choked by 1001
2023-11-24_22:21:02 Peer 1006 has the preferred neighbors.
1004 , 
2023-11-24_22:21:03 Peer 1006 is choked by 1003
2023-11-24_22:21:03 Peer 1006 is choked by 1001
2023-11-24_22:21:03 Peer 1006 has the preferred neighbors.
1004 , 
2023-11-24_22:21:04 Peer 1006 is choked by 1003
2023-11-24_22:21:04 Peer 1006 is choked by 1001
2023-11-24_22:21:04 Peer 1006 has the preferred neighbors.
1004 , 
2023-11-24_22:21:05 Peer 1006 is choked by 1003
2023-11-24_22:21:05 Peer 1006 is choked by 1001
2023-11-24_22:21:05 Peer 1006 has the preferred neighbors.
1004 , 
2023-11-24_22:21:06 Peer 1006 is choked by 1003
2023-11-24_22:21:06 Peer 1006 is choked by 1001
2023-11-24_22:21:06 Peer 1006 has the preferred neighbors.
1004 , 
2023-11-24_22:21:07 Peer 1006 is choked by 1003
2023-11-24_22:21:07 Peer 1006 has the preferred neighbors.
1004 , 
2023-11-24_22:21:08 Peer 1006 is choked by 1001
2023-11-24_22:21:08 Peer 1006 is choked by 1003
2023-11-24_22:21:09 Peer 1006 has the preferred neighbors.
1004 , 
2023-11-24_22:21:09 Peer 1006 is choked by 1001
2023-11-24_22:21:09 Peer 1006 is choked by 1003
2023-11-24_22:21:10 Peer 1006 has the preferred neighbors.
1004 , 
2023-11-24_22:21:10 Peer 1006 is choked by 1001
2023-11-24_22:21:10 Peer 1006 is choked by 1003
2023-11-24_22:21:11 Peer 1006 has the preferred neighbors.
1004 , 
2023-11-24_22:21:11 Peer 1006 is choked by 1001
2023-11-24_22:21:11 Peer 1006 is choked by 1003
2023-11-24_22:21:12 Peer 1006 is choked by 1001
2023-11-24_22:21:12 Peer 1006 has the preferred neighbors.
1004 , 
2023-11-24_22:21:12 Peer 1006 is choked by 1003
2023-11-24_22:21:13 Peer 1006 is choked by 1001
2023-11-24_22:21:13 Peer 1006 has the preferred neighbors.
1004 , 
2023-11-24_22:21:13 Peer 1006 is choked by 1003
2023-11-24_22:21:14 Peer 1006 is choked by 1001
2023-11-24_22:21:14 Peer 1006 has the preferred neighbors.
1004 , 
2023-11-24_22:21:14 Peer 1006 is choked by 1003
2023-11-24_22:21:15 Peer 1006 has the preferred neighbors.
1004 , 
2023-11-24_22:21:15 Peer 1006 is choked by 1001
2023-11-24_22:21:15 Peer 1006 is choked by 1003
2023-11-24_22:21:16 Peer 1006 has the preferred neighbors.
1004 , 
2023-11-24_22:21:16 Peer 1006 is choked by 1001
2023-11-24_22:21:16 Peer 1006 is choked by 1003
2023-11-24_22:21:17 Peer 1006 has the preferred neighbors.
1004 , 
2023-11-24_22:21:17 Peer 1006 is choked by 1001
2023-11-24_22:21:17 Peer 1006 is choked by 1003
2023-11-24_22:21:18 Peer 1006 has the preferred neighbors.
1004 , 
2023-11-24_22:21:18 Peer 1006 is choked by 1001
2023-11-24_22:21:18 Peer 1006 is choked by 1003
2023-11-24_22:21:19 Peer 1006 has the preferred neighbors.
1004 , 
2023-11-24_22:21:19 Peer 1006 is choked by 1001
2023-11-24_22:21:19 Peer 1006 is choked by 1003
2023-11-24_22:21:20 Peer 1006 has the preferred neighbors.
1004 , 
2023-11-24_22:21:20 Peer 1006 is choked by 1001
2023-11-24_22:21:20 Peer 1006 is choked by 1003
2023-11-24_22:21:21 Peer 1006 has the preferred neighbors.
1004 , 
2023-11-24_22:21:21 Peer 1006 is choked by 1001
2023-11-24_22:21:21 Peer 1006 is choked by 1003
2023-11-24_22:21:22 Peer 1006 has the preferred neighbors.
1004 , 
2023-11-24_22:21:22 Peer 1006 is choked by 1001
2023-11-24_22:21:22 Peer 1006 is choked by 1003
2023-11-24_22:21:23 Peer 1006 has the preferred neighbors.
1004 , 
2023-11-24_22:21:23 Peer 1006 is choked by 1001
2023-11-24_22:21:23 Peer 1006 is choked by 1003
2023-11-24_22:21:24 Peer 1006 has the preferred neighbors.
1004 , 
2023-11-24_22:21:24 Peer 1006 is choked by 1001
2023-11-24_22:21:25 Peer 1006 is choked by 1003
2023-11-24_22:21:25 Peer 1006 has the preferred neighbors.
1004 , 
2023-11-24_22:21:25 Peer 1006 is choked by 1001
2023-11-24_22:21:26 Peer 1006 is choked by 1003
2023-11-24_22:21:26 Peer 1006 has the preferred neighbors.
1004 , 
2023-11-24_22:21:26 Peer 1006 is choked by 1001
2023-11-24_22:21:27 Peer 1006 is choked by 1003
2023-11-24_22:21:27 Peer 1006 is choked by 1001
2023-11-24_22:21:27 Peer 1006 has the preferred neighbors.
1004 , 
2023-11-24_22:21:28 Peer 1006 is choked by 1003
2023-11-24_22:21:28 Peer 1006 is choked by 1001
2023-11-24_22:21:28 Peer 1006 has the preferred neighbors.
1004 , 
2023-11-24_22:21:29 Peer 1006 is choked by 1003
2023-11-24_22:21:29 Peer 1006 has the preferred neighbors.
1004 , 
2023-11-24_22:21:29 Peer 1006 is choked by 1001
2023-11-24_22:21:30 Peer 1006 is choked by 1003
2023-11-24_22:21:30 Peer 1006 is choked by 1001
2023-11-24_22:21:30 Peer 1006 has the preferred neighbors.
1004 , 
2023-11-24_22:21:31 Peer 1006 is choked by 1003
2023-11-24_22:21:31 Peer 1006 has the preferred neighbors.
1004 , 
2023-11-24_22:21:31 Peer 1006 is choked by 1001
2023-11-24_22:21:32 Peer 1006 is choked by 1003
2023-11-24_22:21:32 Peer 1006 has the preferred neighbors.
1004 , 
2023-11-24_22:21:32 Peer 1006 is choked by 1001
2023-11-24_22:21:33 Peer 1006 is choked by 1003
2023-11-24_22:21:33 Peer 1006 has the preferred neighbors.
1004 , 
2023-11-24_22:21:33 Peer 1006 is choked by 1001
2023-11-24_22:21:34 Peer 1006 is choked by 1003
2023-11-24_22:21:34 Peer 1006 is choked by 1001
2023-11-24_22:21:35 Peer 1006 has the preferred neighbors.
1004 , 
2023-11-24_22:21:35 Peer 1006 is choked by 1003
2023-11-24_22:21:36 Peer 1006 has the preferred neighbors.
1004 , 
2023-11-24_22:21:36 Peer 1006 is choked by 1001
2023-11-24_22:21:36 Peer 1006 is choked by 1003
2023-11-24_22:21:37 Peer 1006 has the preferred neighbors.
1004 , 
2023-11-24_22:21:37 Peer 1006 is choked by 1001
2023-11-24_22:21:37 Peer 1006 is choked by 1003
2023-11-24_22:21:38 Peer 1006 has the preferred neighbors.
1004 , 
2023-11-24_22:21:38 Peer 1006 is choked by 1001
2023-11-24_22:21:38 Peer 1006 is choked by 1003
2023-11-24_22:21:39 Peer 1006 has the preferred neighbors.
1004 , 
2023-11-24_22:21:39 Peer 1006 is choked by 1001
2023-11-24_22:21:39 Peer 1006 is choked by 1003
2023-11-24_22:21:40 Peer 1006 has the preferred neighbors.
1004 , 
2023-11-24_22:21:40 Peer 1006 is choked by 1001
2023-11-24_22:21:40 Peer 1006 is choked by 1003
2023-11-24_22:21:41 Peer 1006 has the preferred neighbors.
1004 , 
2023-11-24_22:21:41 Peer 1006 is choked by 1001
2023-11-24_22:21:41 Peer 1006 is choked by 1003
2023-11-24_22:21:42 Peer 1006 has the preferred neighbors.
1004 , 
2023-11-24_22:21:42 Peer 1006 is choked by 1001
2023-11-24_22:21:42 Peer 1006 is choked by 1003
2023-11-24_22:21:43 Peer 1006 has the preferred neighbors.
1004 , 
2023-11-24_22:21:43 Peer 1006 is choked by 1001
2023-11-24_22:21:43 Peer 1006 is choked by 1003
2023-11-24_22:21:44 Peer 1006 has the preferred neighbors.
1004 , 
2023-11-24_22:21:44 Peer 1006 is choked by 1001
2023-11-24_22:21:44 Peer 1006 is choked by 1003
2023-11-24_22:21:45 Peer 1006 has the preferred neighbors.
1004 , 
2023-11-24_22:21:45 Peer 1006 is choked by 1001
2023-11-24_22:21:45 Peer 1006 is choked by 1003
2023-11-24_22:21:46 Peer 1006 has the preferred neighbors.
1004 , 
2023-11-24_22:21:46 Peer 1006 is choked by 1001
2023-11-24_22:21:46 Peer 1006 is choked by 1003
2023-11-24_22:21:47 Peer 1006 has the preferred neighbors.
1004 , 
2023-11-24_22:21:47 Peer 1006 is choked by 1001
2023-11-24_22:21:47 Peer 1006 is choked by 1003
2023-11-24_22:21:48 Peer 1006 has the preferred neighbors.
1004 , 
2023-11-24_22:21:48 Peer 1006 is choked by 1001
2023-11-24_22:21:49 Peer 1006 is choked by 1003
2023-11-24_22:21:49 Peer 1006 has the preferred neighbors.
1004 , 
2023-11-24_22:21:49 Peer 1006 is choked by 1001
2023-11-24_22:21:50 Peer 1006 is choked by 1003
2023-11-24_22:21:50 Peer 1006 has the preferred neighbors.
1004 , 
2023-11-24_22:21:50 Peer 1006 is choked by 1001
2023-11-24_22:21:51 Peer 1006 is choked by 1003
2023-11-24_22:21:51 Peer 1006 has the preferred neighbors.
1004 , 
2023-11-24_22:21:51 Peer 1006 is choked by 1001
2023-11-24_22:21:52 Peer 1006 is choked by 1003
2023-11-24_22:21:52 Peer 1006 has the preferred neighbors.
1004 , 
2023-11-24_22:21:52 Peer 1006 is choked by 1001
2023-11-24_22:21:53 Peer 1006 is choked by 1003
2023-11-24_22:21:53 Peer 1006 is choked by 1001
2023-11-24_22:21:53 Peer 1006 has the preferred neighbors.
1004 , 
2023-11-24_22:21:54 Peer 1006 is choked by 1003
2023-11-24_22:21:54 Peer 1006 is choked by 1001
2023-11-24_22:21:54 Peer 1006 has the preferred neighbors.
1004 , 
2023-11-24_22:21:55 Peer 1006 is choked by 1003
2023-11-24_22:21:55 Peer 1006 has the preferred neighbors.
1004 , 
2023-11-24_22:21:55 Peer 1006 is choked by 1001
2023-11-24_22:21:56 Peer 1006 is choked by 1003
2023-11-24_22:21:56 Peer 1006 has the preferred neighbors.
1004 , 
2023-11-24_22:21:57 Peer 1006 is choked by 1001
2023-11-24_22:21:57 Peer 1006 is choked by 1003
2023-11-24_22:21:58 Peer 1006 has the preferred neighbors.
1004 , 
2023-11-24_22:21:58 Peer 1006 is choked by 1001
2023-11-24_22:21:58 Peer 1006 is choked by 1003
2023-11-24_22:21:59 Peer 1006 has the preferred neighbors.
1004 , 
2023-11-24_22:21:59 Peer 1006 is choked by 1001
2023-11-24_22:21:59 Peer 1006 is choked by 1003
2023-11-24_22:22:00 Peer 1006 has the preferred neighbors.
1004 , 
2023-11-24_22:22:00 Peer 1006 is choked by 1001
2023-11-24_22:22:00 Peer 1006 is choked by 1003
2023-11-24_22:22:01 Peer 1006 has the preferred neighbors.
1004 , 
2023-11-24_22:22:01 Peer 1006 is choked by 1001
2023-11-24_22:22:01 Peer 1006 is choked by 1003
2023-11-24_22:22:02 Peer 1006 has the preferred neighbors.
1004 , 
2023-11-24_22:22:02 Peer 1006 is choked by 1001
2023-11-24_22:22:02 Peer 1006 is choked by 1003
2023-11-24_22:22:03 Peer 1006 is choked by 1001
2023-11-24_22:22:03 Peer 1006 has the preferred neighbors.
1004 , 
2023-11-24_22:22:03 Peer 1006 is choked by 1003
2023-11-24_22:22:04 Peer 1006 is choked by 1001
2023-11-24_22:22:04 Peer 1006 has the preferred neighbors.
1004 , 
2023-11-24_22:22:04 Peer 1006 is choked by 1003
2023-11-24_22:22:05 Peer 1006 is choked by 1001
2023-11-24_22:22:05 Peer 1006 has the preferred neighbors.
1004 , 
2023-11-24_22:22:05 Peer 1006 is choked by 1003
2023-11-24_22:22:06 Peer 1006 is choked by 1001
2023-11-24_22:22:06 Peer 1006 has the preferred neighbors.
1004 , 
2023-11-24_22:22:06 Peer 1006 is choked by 1003
2023-11-24_22:22:07 Peer 1006 is choked by 1001
2023-11-24_22:22:07 Peer 1006 has the preferred neighbors.
1004 , 
2023-11-24_22:22:07 Peer 1006 is choked by 1003
2023-11-24_22:22:08 Peer 1006 is choked by 1001
2023-11-24_22:22:08 Peer 1006 has the preferred neighbors.
1004 , 
2023-11-24_22:22:08 Peer 1006 is choked by 1003
2023-11-24_22:22:09 Peer 1006 has the preferred neighbors.
1004 , 
2023-11-24_22:22:09 Peer 1006 is choked by 1001
2023-11-24_22:22:09 Peer 1006 is choked by 1003
2023-11-24_22:22:10 Peer 1006 has the preferred neighbors.
1004 , 
2023-11-24_22:22:10 Peer 1006 is choked by 1001
2023-11-24_22:22:10 Peer 1006 is choked by 1003
2023-11-24_22:22:11 Peer 1006 has the preferred neighbors.
1004 , 
2023-11-24_22:22:11 Peer 1006 is choked by 1001
2023-11-24_22:22:11 Peer 1006 is choked by 1003
2023-11-24_22:22:12 Peer 1006 has the preferred neighbors.
1004 , 
2023-11-24_22:22:12 Peer 1006 is choked by 1001
2023-11-24_22:22:12 Peer 1006 is choked by 1003
2023-11-24_22:22:13 Peer 1006 has the preferred neighbors.
1004 , 
2023-11-24_22:22:13 Peer 1006 is choked by 1003
2023-11-24_22:22:13 Peer 1006 is choked by 1001
2023-11-24_22:22:14 Peer 1006 has the preferred neighbors.
1004 , 
2023-11-24_22:22:14 Peer 1006 is choked by 1001
2023-11-24_22:22:14 Peer 1006 is choked by 1003
2023-11-24_22:22:15 Peer 1006 has the preferred neighbors.
1004 , 
2023-11-24_22:22:16 Peer 1006 is choked by 1001
2023-11-24_22:22:16 Peer 1006 is choked by 1003
2023-11-24_22:22:16 Peer 1006 has the preferred neighbors.
1004 , 
2023-11-24_22:22:17 Peer 1006 is choked by 1001
2023-11-24_22:22:17 Peer 1006 is choked by 1003
2023-11-24_22:22:17 Peer 1006 has the preferred neighbors.
1004 , 
2023-11-24_22:22:18 Peer 1006 is choked by 1001
2023-11-24_22:22:18 Peer 1006 is choked by 1003
2023-11-24_22:22:18 Peer 1006 has the preferred neighbors.
1004 , 
2023-11-24_22:22:19 Peer 1006 is choked by 1001
2023-11-24_22:22:19 Peer 1006 is choked by 1003
2023-11-24_22:22:20 Peer 1006 has the preferred neighbors.
1004 , 
2023-11-24_22:22:20 Peer 1006 is choked by 1001
2023-11-24_22:22:20 Peer 1006 is choked by 1003
2023-11-24_22:22:21 Peer 1006 has the preferred neighbors.
1004 , 
2023-11-24_22:22:21 Peer 1006 is choked by 1001
2023-11-24_22:22:21 Peer 1006 is choked by 1003
2023-11-24_22:22:22 Peer 1006 has the preferred neighbors.
1004 , 
2023-11-24_22:22:22 Peer 1006 is choked by 1001
2023-11-24_22:22:22 Peer 1006 is choked by 1003
2023-11-24_22:22:23 Peer 1006 has the preferred neighbors.
1004 , 
2023-11-24_22:22:23 Peer 1006 is choked by 1001
2023-11-24_22:22:23 Peer 1006 is choked by 1003
2023-11-24_22:22:24 Peer 1006 has the preferred neighbors.
1004 , 
2023-11-24_22:22:24 Peer 1006 is choked by 1001
2023-11-24_22:22:24 Peer 1006 is choked by 1003
2023-11-24_22:22:25 Peer 1006 has the preferred neighbors.
1004 , 
2023-11-24_22:22:25 Peer 1006 is choked by 1001
2023-11-24_22:22:25 Peer 1006 is choked by 1003
2023-11-24_22:22:26 Peer 1006 has the preferred neighbors.
1004 , 
2023-11-24_22:22:26 Peer 1006 is choked by 1001
2023-11-24_22:22:26 Peer 1006 is choked by 1003
2023-11-24_22:22:27 Peer 1006 has the preferred neighbors.
1004 , 
2023-11-24_22:22:27 Peer 1006 is choked by 1003
2023-11-24_22:22:27 Peer 1006 is choked by 1001
2023-11-24_22:22:28 Peer 1006 has the preferred neighbors.
1004 , 
2023-11-24_22:22:28 Peer 1006 is choked by 1003
2023-11-24_22:22:28 Peer 1006 is choked by 1001
2023-11-24_22:22:29 Peer 1006 has the preferred neighbors.
1004 , 
2023-11-24_22:22:29 Peer 1006 is choked by 1003
2023-11-24_22:22:29 Peer 1006 is choked by 1001
2023-11-24_22:22:30 Peer 1006 has the preferred neighbors.
1004 , 
2023-11-24_22:22:30 Peer 1006 is choked by 1003
2023-11-24_22:22:30 Peer 1006 is choked by 1001
2023-11-24_22:22:31 Peer 1006 has the preferred neighbors.
1004 , 
2023-11-24_22:22:31 Peer 1006 is choked by 1003
2023-11-24_22:22:31 Peer 1006 is choked by 1001
2023-11-24_22:22:32 Peer 1006 has the preferred neighbors.
1004 , 
2023-11-24_22:22:32 Peer 1006 is choked by 1003
2023-11-24_22:22:32 Peer 1006 is choked by 1001
2023-11-24_22:22:33 Peer 1006 has the preferred neighbors.
1004 , 
2023-11-24_22:22:33 Peer 1006 is choked by 1003
2023-11-24_22:22:34 Peer 1006 is choked by 1001
2023-11-24_22:22:34 Peer 1006 has the preferred neighbors.
1004 , 
2023-11-24_22:22:35 Peer 1006 is choked by 1003
2023-11-24_22:22:35 Peer 1006 is choked by 1001
2023-11-24_22:22:36 Peer 1006 has the preferred neighbors.
1004 , 
2023-11-24_22:22:36 Peer 1006 is choked by 1003
2023-11-24_22:22:36 Peer 1006 is choked by 1001
2023-11-24_22:22:37 Peer 1006 has the preferred neighbors.
1004 , 
2023-11-24_22:22:37 Peer 1006 is choked by 1003
2023-11-24_22:22:37 Peer 1006 is choked by 1001
2023-11-24_22:22:38 Peer 1006 has the preferred neighbors.
1004 , 
2023-11-24_22:22:38 Peer 1006 is choked by 1001
2023-11-24_22:22:38 Peer 1006 is choked by 1003
2023-11-24_22:22:39 Peer 1006 is choked by 1003
2023-11-24_22:22:39 Peer 1006 is choked by 1001
2023-11-24_22:22:39 Peer 1006 has the preferred neighbors.
1004 , 
2023-11-24_22:22:40 Peer 1006 is choked by 1003
2023-11-24_22:22:40 Peer 1006 has the preferred neighbors.
1004 , 
2023-11-24_22:22:40 Peer 1006 is choked by 1001
2023-11-24_22:22:41 Peer 1006 is choked by 1003
2023-11-24_22:22:41 Peer 1006 has the preferred neighbors.
1004 , 
2023-11-24_22:22:41 Peer 1006 is choked by 1001
2023-11-24_22:22:42 Peer 1006 is choked by 1003
2023-11-24_22:22:42 Peer 1006 is choked by 1001
2023-11-24_22:22:42 Peer 1006 has the preferred neighbors.
1004 , 
2023-11-24_22:22:43 Peer 1006 is choked by 1003
2023-11-24_22:22:43 Peer 1006 is choked by 1001
2023-11-24_22:22:43 Peer 1006 has the preferred neighbors.
1004 , 
2023-11-24_22:22:44 Peer 1006 is choked by 1003
2023-11-24_22:22:44 Peer 1006 is choked by 1001
2023-11-24_22:22:44 Peer 1006 has the preferred neighbors.
1004 , 
2023-11-24_22:22:45 Peer 1006 is choked by 1003
2023-11-24_22:22:45 Peer 1006 is choked by 1001
2023-11-24_22:22:45 Peer 1006 has the preferred neighbors.
1004 , 
2023-11-24_22:22:46 Peer 1006 is choked by 1003
2023-11-24_22:22:46 Peer 1006 is choked by 1001
2023-11-24_22:22:46 Peer 1006 has the preferred neighbors.
1004 , 
2023-11-24_22:22:47 Peer 1006 is choked by 1001
2023-11-24_22:22:47 Peer 1006 is choked by 1003
2023-11-24_22:22:47 Peer 1006 has the preferred neighbors.
1004 , 
2023-11-24_22:22:48 Peer 1006 is choked by 1001
2023-11-24_22:22:48 Peer 1006 is choked by 1003
2023-11-24_22:22:48 Peer 1006 has the preferred neighbors.
1004 , 
2023-11-24_22:22:49 Peer 1006 is choked by 1001
2023-11-24_22:22:49 Peer 1006 is choked by 1003
2023-11-24_22:22:49 Peer 1006 has the preferred neighbors.
1004 , 
2023-11-24_22:22:50 Peer 1006 is choked by 1001
2023-11-24_22:22:50 Peer 1006 is choked by 1003
2023-11-24_22:22:51 Peer 1006 has the preferred neighbors.
1004 , 
2023-11-24_22:22:51 Peer 1006 is choked by 1001
2023-11-24_22:22:51 Peer 1006 is choked by 1003
2023-11-24_22:22:52 Peer 1006 has the preferred neighbors.
1004 , 
2023-11-24_22:22:52 Peer 1006 is choked by 1001
2023-11-24_22:22:52 Peer 1006 is choked by 1003
2023-11-24_22:22:53 Peer 1006 has the preferred neighbors.
1004 , 
2023-11-24_22:22:53 Peer 1006 is choked by 1001
2023-11-24_22:22:54 Peer 1006 is choked by 1003
2023-11-24_22:22:54 Peer 1006 has the preferred neighbors.
1004 , 
2023-11-24_22:22:54 Peer 1006 is choked by 1001
2023-11-24_22:22:55 Peer 1006 is choked by 1003
2023-11-24_22:22:55 Peer 1006 has the preferred neighbors.
1004 , 
2023-11-24_22:22:55 Peer 1006 is choked by 1001
2023-11-24_22:22:56 Peer 1006 is choked by 1003
2023-11-24_22:22:56 Peer 1006 has the preferred neighbors.
1004 , 
2023-11-24_22:22:56 Peer 1006 is choked by 1001
2023-11-24_22:22:57 Peer 1006 is choked by 1003
2023-11-24_22:22:57 Peer 1006 has the preferred neighbors.
1004 , 
2023-11-24_22:22:58 Peer 1006 is choked by 1001
2023-11-24_22:22:58 Peer 1006 is choked by 1003
2023-11-24_22:22:58 Peer 1006 has the preferred neighbors.
1004 , 
2023-11-24_22:22:59 Peer 1006 is choked by 1001
2023-11-24_22:22:59 Peer 1006 is choked by 1003
2023-11-24_22:22:59 Peer 1006 has the preferred neighbors.
1004 , 
2023-11-24_22:23:00 Peer 1006 is choked by 1001
2023-11-24_22:23:00 Peer 1006 is choked by 1003
2023-11-24_22:23:00 Peer 1006 has the preferred neighbors.
1004 , 
2023-11-24_22:23:01 Peer 1006 is choked by 1001
2023-11-24_22:23:01 Peer 1006 is choked by 1003
2023-11-24_22:23:01 Peer 1006 has the preferred neighbors.
1004 , 
2023-11-24_22:23:02 Peer 1006 is choked by 1001
2023-11-24_22:23:02 Peer 1006 is choked by 1003
2023-11-24_22:23:02 Peer 1006 has the preferred neighbors.
1004 , 
2023-11-24_22:23:03 Peer 1006 is choked by 1001
2023-11-24_22:23:03 Peer 1006 is choked by 1003
2023-11-24_22:23:03 Peer 1006 has the preferred neighbors.
1004 , 
2023-11-24_22:23:04 Peer 1006 is choked by 1001
2023-11-24_22:23:04 Peer 1006 is choked by 1003
2023-11-24_22:23:04 Peer 1006 has the preferred neighbors.
1004 , 
2023-11-24_22:23:05 Peer 1006 is choked by 1001
2023-11-24_22:23:05 Peer 1006 is choked by 1003
2023-11-24_22:23:05 Peer 1006 has the preferred neighbors.
1004 , 
2023-11-24_22:23:06 Peer 1006 is choked by 1001
2023-11-24_22:23:06 Peer 1006 is choked by 1003
2023-11-24_22:23:06 Peer 1006 has the preferred neighbors.
1004 , 
2023-11-24_22:23:07 Peer 1006 is choked by 1001
2023-11-24_22:23:07 Peer 1006 is choked by 1003
2023-11-24_22:23:07 Peer 1006 has the preferred neighbors.
1004 , 
2023-11-24_22:23:08 Peer 1006 is choked by 1001
2023-11-24_22:23:08 Peer 1006 is choked by 1003
2023-11-24_22:23:08 Peer 1006 has the preferred neighbors.
1004 , 
2023-11-24_22:23:09 Peer 1006 is choked by 1001
2023-11-24_22:23:09 Peer 1006 is choked by 1003
2023-11-24_22:23:09 Peer 1006 has the preferred neighbors.
1004 , 
2023-11-24_22:23:10 Peer 1006 is choked by 1001
2023-11-24_22:23:10 Peer 1006 is choked by 1003
2023-11-24_22:23:10 Peer 1006 has the preferred neighbors.
1004 , 
2023-11-24_22:23:11 Peer 1006 is choked by 1001
2023-11-24_22:23:11 Peer 1006 is choked by 1003
2023-11-24_22:23:12 Peer 1006 has the preferred neighbors.
1004 , 
2023-11-24_22:23:12 Peer 1006 is choked by 1001
2023-11-24_22:23:12 Peer 1006 is choked by 1003
2023-11-24_22:23:13 Peer 1006 has the preferred neighbors.
1004 , 
2023-11-24_22:23:13 Peer 1006 is choked by 1001
2023-11-24_22:23:13 Peer 1006 is choked by 1003
2023-11-24_22:23:14 Peer 1006 has the preferred neighbors.
1004 , 
2023-11-24_22:23:14 Peer 1006 is choked by 1001
2023-11-24_22:23:14 Peer 1006 is choked by 1003
2023-11-24_22:23:15 Peer 1006 has the preferred neighbors.
1004 , 
2023-11-24_22:23:15 Peer 1006 is choked by 1001
2023-11-24_22:23:16 Peer 1006 is choked by 1003
2023-11-24_22:23:16 Peer 1006 has the preferred neighbors.
1004 , 
2023-11-24_22:23:17 Peer 1006 is choked by 1001
2023-11-24_22:23:17 Peer 1006 is choked by 1003
2023-11-24_22:23:17 Peer 1006 has the preferred neighbors.
1004 , 
2023-11-24_22:23:18 Peer 1006 is choked by 1001
2023-11-24_22:23:18 Peer 1006 is choked by 1003
2023-11-24_22:23:18 Peer 1006 has the preferred neighbors.
1004 , 
2023-11-24_22:23:19 Peer 1006 is choked by 1001
2023-11-24_22:23:19 Peer 1006 is choked by 1003
2023-11-24_22:23:19 Peer 1006 has the preferred neighbors.
1004 , 
2023-11-24_22:23:20 Peer 1006 is choked by 1001
2023-11-24_22:23:20 Peer 1006 is choked by 1003
2023-11-24_22:23:20 Peer 1006 has the preferred neighbors.
1004 , 
2023-11-24_22:23:21 Peer 1006 is choked by 1001
2023-11-24_22:23:21 Peer 1006 has the preferred neighbors.
1004 , 
2023-11-24_22:23:21 Peer 1006 is choked by 1003
2023-11-24_22:23:22 Peer 1006 is choked by 1001
2023-11-24_22:23:22 Peer 1006 is choked by 1003
2023-11-24_22:23:22 Peer 1006 has the preferred neighbors.
1004 , 
2023-11-24_22:23:23 Peer 1006 is choked by 1001
2023-11-24_22:23:23 Peer 1006 is choked by 1003
2023-11-24_22:23:23 Peer 1006 has the preferred neighbors.
1004 , 
2023-11-24_22:23:24 Peer 1006 is choked by 1001
2023-11-24_22:23:24 Peer 1006 is choked by 1003
2023-11-24_22:23:24 Peer 1006 has the preferred neighbors.
1004 , 
2023-11-24_22:23:25 Peer 1006 is choked by 1001
2023-11-24_22:23:25 Peer 1006 is choked by 1003
2023-11-24_22:23:25 Peer 1006 has the preferred neighbors.
1004 , 
2023-11-24_22:23:26 Peer 1006 is choked by 1001
2023-11-24_22:23:26 Peer 1006 is choked by 1003
2023-11-24_22:23:26 Peer 1006 has the preferred neighbors.
1004 , 
2023-11-24_22:23:27 Peer 1006 is choked by 1001
2023-11-24_22:23:27 Peer 1006 is choked by 1003
2023-11-24_22:23:27 Peer 1006 has the preferred neighbors.
1004 , 
2023-11-24_22:23:28 Peer 1006 is choked by 1003
2023-11-24_22:23:28 Peer 1006 is choked by 1001
2023-11-24_22:23:28 Peer 1006 has the preferred neighbors.
1004 , 
2023-11-24_22:23:29 Peer 1006 is choked by 1003
2023-11-24_22:23:29 Peer 1006 is choked by 1001
2023-11-24_22:23:30 Peer 1006 has the preferred neighbors.
1004 , 
2023-11-24_22:23:30 Peer 1006 is choked by 1003
2023-11-24_22:23:30 Peer 1006 is choked by 1001
2023-11-24_22:23:31 Peer 1006 has the preferred neighbors.
1004 , 
2023-11-24_22:23:31 Peer 1006 is choked by 1003
2023-11-24_22:23:31 Peer 1006 is choked by 1001
2023-11-24_22:23:32 Peer 1006 has the preferred neighbors.
1004 , 
2023-11-24_22:23:32 Peer 1006 is choked by 1003
2023-11-24_22:23:32 Peer 1006 is choked by 1001
2023-11-24_22:23:33 Peer 1006 has the preferred neighbors.
1004 , 
2023-11-24_22:23:33 Peer 1006 is choked by 1003
2023-11-24_22:23:34 Peer 1006 is choked by 1001
2023-11-24_22:23:34 Peer 1006 has the preferred neighbors.
1004 , 
2023-11-24_22:23:34 Peer 1006 is choked by 1003
2023-11-24_22:23:35 Peer 1006 is choked by 1001
2023-11-24_22:23:35 Peer 1006 has the preferred neighbors.
1004 , 
2023-11-24_22:23:35 Peer 1006 is choked by 1003
2023-11-24_22:23:36 Peer 1006 is choked by 1001
2023-11-24_22:23:36 Peer 1006 has the preferred neighbors.
1004 , 
2023-11-24_22:23:37 Peer 1006 is choked by 1003
2023-11-24_22:23:37 Peer 1006 is choked by 1001
2023-11-24_22:23:37 Peer 1006 has the preferred neighbors.
1004 , 
2023-11-24_22:23:38 Peer 1006 is choked by 1003
2023-11-24_22:23:38 Peer 1006 is choked by 1001
2023-11-24_22:23:38 Peer 1006 has the preferred neighbors.
1004 , 
2023-11-24_22:23:39 Peer 1006 is choked by 1003
2023-11-24_22:23:39 Peer 1006 is choked by 1001
2023-11-24_22:23:39 Peer 1006 has the preferred neighbors.
1004 , 
2023-11-24_22:23:40 Peer 1006 is choked by 1003
2023-11-24_22:23:40 Peer 1006 is choked by 1001
2023-11-24_22:23:40 Peer 1006 has the preferred neighbors.
1004 , 
2023-11-24_22:23:41 Peer 1006 is choked by 1003
2023-11-24_22:23:41 Peer 1006 is choked by 1001
2023-11-24_22:23:41 Peer 1006 has the preferred neighbors.
1004 , 
2023-11-24_22:23:42 Peer 1006 is choked by 1003
2023-11-24_22:23:42 Peer 1006 is choked by 1001
2023-11-24_22:23:42 Peer 1006 has the preferred neighbors.
1004 , 
2023-11-24_22:23:43 Peer 1006 is choked by 1003
2023-11-24_22:23:43 Peer 1006 is choked by 1001
2023-11-24_22:23:43 Peer 1006 has the preferred neighbors.
1004 , 
2023-11-24_22:23:44 Peer 1006 is choked by 1003
2023-11-24_22:23:44 Peer 1006 is choked by 1001
2023-11-24_22:23:44 Peer 1006 has the preferred neighbors.
1004 , 
2023-11-24_22:23:45 Peer 1006 is choked by 1003
2023-11-24_22:23:45 Peer 1006 is choked by 1001
2023-11-24_22:23:45 Peer 1006 has the preferred neighbors.
1004 , 
2023-11-24_22:23:46 Peer 1006 is choked by 1003
2023-11-24_22:23:46 Peer 1006 is choked by 1001
2023-11-24_22:23:46 Peer 1006 has the preferred neighbors.
1004 , 
2023-11-24_22:23:47 Peer 1006 is choked by 1003
2023-11-24_22:23:47 Peer 1006 is choked by 1001
2023-11-24_22:23:48 Peer 1006 has the preferred neighbors.
1004 , 
2023-11-24_22:23:48 Peer 1006 is choked by 1001
2023-11-24_22:23:48 Peer 1006 is choked by 1003
2023-11-24_22:23:49 Peer 1006 has the preferred neighbors.
1004 , 
2023-11-24_22:23:49 Peer 1006 is choked by 1001
2023-11-24_22:23:49 Peer 1006 is choked by 1003
2023-11-24_22:23:50 Peer 1006 has the preferred neighbors.
1004 , 
2023-11-24_22:23:50 Peer 1006 is choked by 1003
2023-11-24_22:23:50 Peer 1006 is choked by 1001
2023-11-24_22:23:51 Peer 1006 has the preferred neighbors.
1004 , 
2023-11-24_22:23:51 Peer 1006 is choked by 1003
2023-11-24_22:23:51 Peer 1006 is choked by 1001
2023-11-24_22:23:52 Peer 1006 has the preferred neighbors.
1004 , 
2023-11-24_22:23:52 Peer 1006 is choked by 1003
2023-11-24_22:23:52 Peer 1006 is choked by 1001
2023-11-24_22:23:53 Peer 1006 has the preferred neighbors.
1004 , 
2023-11-24_22:23:53 Peer 1006 is choked by 1003
2023-11-24_22:23:53 Peer 1006 is choked by 1001
2023-11-24_22:23:54 Peer 1006 has the preferred neighbors.
1004 , 
2023-11-24_22:23:54 Peer 1006 is choked by 1003
2023-11-24_22:23:54 Peer 1006 is choked by 1001
2023-11-24_22:23:55 Peer 1006 has the preferred neighbors.
1004 , 
2023-11-24_22:23:55 Peer 1006 is choked by 1003
2023-11-24_22:23:55 Peer 1006 is choked by 1001
2023-11-24_22:23:56 Peer 1006 has the preferred neighbors.
1004 , 
2023-11-24_22:23:56 Peer 1006 is choked by 1003
2023-11-24_22:23:56 Peer 1006 is choked by 1001
2023-11-24_22:23:57 Peer 1006 has the preferred neighbors.
1004 , 
2023-11-24_22:23:57 Peer 1006 is choked by 1003
2023-11-24_22:23:58 Peer 1006 is choked by 1001
2023-11-24_22:23:58 Peer 1006 has the preferred neighbors.
1004 , 
2023-11-24_22:23:58 Peer 1006 is choked by 1003
2023-11-24_22:23:59 Peer 1006 is choked by 1001
2023-11-24_22:23:59 Peer 1006 has the preferred neighbors.
1004 , 
2023-11-24_22:23:59 Peer 1006 is choked by 1003
2023-11-24_22:24:00 Peer 1006 is choked by 1001
2023-11-24_22:24:00 Peer 1006 has the preferred neighbors.
1004 , 
2023-11-24_22:24:00 Peer 1006 is choked by 1003
2023-11-24_22:24:01 Peer 1006 is choked by 1001
2023-11-24_22:24:01 Peer 1006 has the preferred neighbors.
1004 , 
2023-11-24_22:24:01 Peer 1006 is choked by 1003
2023-11-24_22:24:02 Peer 1006 is choked by 1001
2023-11-24_22:24:02 Peer 1006 has the preferred neighbors.
1004 , 
2023-11-24_22:24:03 Peer 1006 is choked by 1003
2023-11-24_22:24:03 Peer 1006 is choked by 1001
2023-11-24_22:24:03 Peer 1006 has the preferred neighbors.
1004 , 
2023-11-24_22:24:04 Peer 1006 is choked by 1003
2023-11-24_22:24:04 Peer 1006 is choked by 1001
2023-11-24_22:24:04 Peer 1006 has the preferred neighbors.
1004 , 
2023-11-24_22:24:05 Peer 1006 is choked by 1003
2023-11-24_22:24:05 Peer 1006 is choked by 1001
2023-11-24_22:24:05 Peer 1006 has the preferred neighbors.
1004 , 
2023-11-24_22:24:06 Peer 1006 is choked by 1001
2023-11-24_22:24:06 Peer 1006 is choked by 1003
2023-11-24_22:24:06 Peer 1006 has the preferred neighbors.
1004 , 
2023-11-24_22:24:07 Peer 1006 is choked by 1003
2023-11-24_22:24:07 Peer 1006 is choked by 1001
2023-11-24_22:24:07 Peer 1006 has the preferred neighbors.
1004 , 
2023-11-24_22:24:08 Peer 1006 is choked by 1003
2023-11-24_22:24:08 Peer 1006 is choked by 1001
2023-11-24_22:24:08 Peer 1006 has the preferred neighbors.
1004 , 
2023-11-24_22:24:09 Peer 1006 is choked by 1001
2023-11-24_22:24:09 Peer 1006 is choked by 1003
2023-11-24_22:24:09 Peer 1006 has the preferred neighbors.
1004 , 
2023-11-24_22:24:10 Peer 1006 is choked by 1003
2023-11-24_22:24:10 Peer 1006 is choked by 1001
2023-11-24_22:24:10 Peer 1006 has the preferred neighbors.
1004 , 
2023-11-24_22:24:11 Peer 1006 is choked by 1003
2023-11-24_22:24:11 Peer 1006 is choked by 1001
2023-11-24_22:24:12 Peer 1006 has the preferred neighbors.
1004 , 
2023-11-24_22:24:12 Peer 1006 is choked by 1003
2023-11-24_22:24:12 Peer 1006 is choked by 1001
2023-11-24_22:24:13 Peer 1006 has the preferred neighbors.
1004 , 
2023-11-24_22:24:13 Peer 1006 is choked by 1003
2023-11-24_22:24:13 Peer 1006 is choked by 1001
2023-11-24_22:24:14 Peer 1006 has the preferred neighbors.
1004 , 
2023-11-24_22:24:14 Peer 1006 is choked by 1001
2023-11-24_22:24:14 Peer 1006 is choked by 1003
2023-11-24_22:24:15 Peer 1006 has the preferred neighbors.
1004 , 
2023-11-24_22:24:15 Peer 1006 is choked by 1003
2023-11-24_22:24:15 Peer 1006 is choked by 1001
2023-11-24_22:24:16 Peer 1006 has the preferred neighbors.
1004 , 
2023-11-24_22:24:16 Peer 1006 is choked by 1001
2023-11-24_22:24:16 Peer 1006 is choked by 1003
2023-11-24_22:24:17 Peer 1006 has the preferred neighbors.
1004 , 
2023-11-24_22:24:17 Peer 1006 is choked by 1001
2023-11-24_22:24:17 Peer 1006 is choked by 1003
2023-11-24_22:24:18 Peer 1006 has the preferred neighbors.
1004 , 
2023-11-24_22:24:18 Peer 1006 is choked by 1001
2023-11-24_22:24:18 Peer 1006 is choked by 1003
2023-11-24_22:24:19 Peer 1006 has the preferred neighbors.
1004 , 
2023-11-24_22:24:19 Peer 1006 is choked by 1001
2023-11-24_22:24:19 Peer 1006 is choked by 1003
2023-11-24_22:24:20 Peer 1006 has the preferred neighbors.
1004 , 
2023-11-24_22:24:20 Peer 1006 is choked by 1001
2023-11-24_22:24:20 Peer 1006 is choked by 1003
2023-11-24_22:24:21 Peer 1006 has the preferred neighbors.
1004 , 
2023-11-24_22:24:21 Peer 1006 is choked by 1001
2023-11-24_22:24:22 Peer 1006 is choked by 1003
2023-11-24_22:24:22 Peer 1006 has the preferred neighbors.
1004 , 
2023-11-24_22:24:23 Peer 1006 is choked by 1001
2023-11-24_22:24:23 Peer 1006 is choked by 1003
2023-11-24_22:24:23 Peer 1006 has the preferred neighbors.
1004 , 
2023-11-24_22:24:24 Peer 1006 is choked by 1001
2023-11-24_22:24:24 Peer 1006 is choked by 1003
2023-11-24_22:24:24 Peer 1006 has the preferred neighbors.
1004 , 
2023-11-24_22:24:25 Peer 1006 is choked by 1001
2023-11-24_22:24:25 Peer 1006 is choked by 1003
2023-11-24_22:24:25 Peer 1006 has the preferred neighbors.
1004 , 
2023-11-24_22:24:26 Peer 1006 is choked by 1001
2023-11-24_22:24:26 Peer 1006 is choked by 1003
2023-11-24_22:24:26 Peer 1006 has the preferred neighbors.
1004 , 
2023-11-24_22:24:27 Peer 1006 is choked by 1001
2023-11-24_22:24:27 Peer 1006 is choked by 1003
2023-11-24_22:24:27 Peer 1006 has the preferred neighbors.
1004 , 
2023-11-24_22:24:28 Peer 1006 is choked by 1001
2023-11-24_22:24:28 Peer 1006 is choked by 1003
2023-11-24_22:24:28 Peer 1006 has the preferred neighbors.
1004 , 
2023-11-24_22:24:29 Peer 1006 is choked by 1001
2023-11-24_22:24:29 Peer 1006 is choked by 1003
2023-11-24_22:24:29 Peer 1006 has the preferred neighbors.
1004 , 
2023-11-24_22:24:30 Peer 1006 is choked by 1001
2023-11-24_22:24:30 Peer 1006 is choked by 1003
2023-11-24_22:24:30 Peer 1006 has the preferred neighbors.
1004 , 
2023-11-24_22:24:31 Peer 1006 is choked by 1001
2023-11-24_22:24:31 Peer 1006 is choked by 1003
2023-11-24_22:24:31 Peer 1006 has the preferred neighbors.
1004 , 
2023-11-24_22:24:32 Peer 1006 is choked by 1001
2023-11-24_22:24:32 Peer 1006 is choked by 1003
2023-11-24_22:24:32 Peer 1006 has the preferred neighbors.
1004 , 
2023-11-24_22:24:33 Peer 1006 is choked by 1001
2023-11-24_22:24:33 Peer 1006 is choked by 1003
2023-11-24_22:24:33 Peer 1006 has the preferred neighbors.
1004 , 
2023-11-24_22:24:34 Peer 1006 is choked by 1001
2023-11-24_22:24:34 Peer 1006 is choked by 1003
2023-11-24_22:24:34 Peer 1006 has the preferred neighbors.
1004 , 
2023-11-24_22:24:35 Peer 1006 is choked by 1001
2023-11-24_22:24:35 Peer 1006 is choked by 1003
2023-11-24_22:24:35 Peer 1006 has the preferred neighbors.
1004 , 
2023-11-24_22:24:36 Peer 1006 is choked by 1001
2023-11-24_22:24:36 Peer 1006 is choked by 1003
2023-11-24_22:24:37 Peer 1006 has the preferred neighbors.
1004 , 
2023-11-24_22:24:37 Peer 1006 is choked by 1001
2023-11-24_22:24:37 Peer 1006 is choked by 1003
2023-11-24_22:24:38 Peer 1006 has the preferred neighbors.
1004 , 
2023-11-24_22:24:38 Peer 1006 is choked by 1001
2023-11-24_22:24:39 Peer 1006 is choked by 1003
2023-11-24_22:24:39 Peer 1006 has the preferred neighbors.
1004 , 
2023-11-24_22:24:39 Peer 1006 is choked by 1001
2023-11-24_22:24:40 Peer 1006 is choked by 1003
2023-11-24_22:24:40 Peer 1006 has the preferred neighbors.
1004 , 
2023-11-24_22:24:40 Peer 1006 is choked by 1001
2023-11-24_22:24:41 Peer 1006 is choked by 1003
2023-11-24_22:24:41 Peer 1006 has the preferred neighbors.
1004 , 
2023-11-24_22:24:41 Peer 1006 is choked by 1001
2023-11-24_22:24:42 Peer 1006 has the preferred neighbors.
1004 , 
2023-11-24_22:24:42 Peer 1006 is choked by 1003
2023-11-24_22:24:42 Peer 1006 is choked by 1001
2023-11-24_22:24:43 Peer 1006 has the preferred neighbors.
1004 , 
2023-11-24_22:24:43 Peer 1006 is choked by 1003
2023-11-24_22:24:43 Peer 1006 is choked by 1001
2023-11-24_22:24:44 Peer 1006 has the preferred neighbors.
1004 , 
2023-11-24_22:24:44 Peer 1006 is choked by 1003
2023-11-24_22:24:44 Peer 1006 is choked by 1001
2023-11-24_22:24:45 Peer 1006 has the preferred neighbors.
1004 , 
2023-11-24_22:24:45 Peer 1006 is choked by 1003
2023-11-24_22:24:46 Peer 1006 is choked by 1001
2023-11-24_22:24:46 Peer 1006 has the preferred neighbors.
1004 , 
2023-11-24_22:24:46 Peer 1006 is choked by 1003
2023-11-24_22:24:47 Peer 1006 is choked by 1001
2023-11-24_22:24:47 Peer 1006 has the preferred neighbors.
1004 , 
2023-11-24_22:24:47 Peer 1006 is choked by 1003
2023-11-24_22:24:48 Peer 1006 is choked by 1001
2023-11-24_22:24:48 Peer 1006 has the preferred neighbors.
1004 , 
2023-11-24_22:24:48 Peer 1006 is choked by 1003
2023-11-24_22:24:49 Peer 1006 is choked by 1001
2023-11-24_22:24:49 Peer 1006 has the preferred neighbors.
1004 , 
2023-11-24_22:24:49 Peer 1006 is choked by 1003
2023-11-24_22:24:50 Peer 1006 is choked by 1001
2023-11-24_22:24:50 Peer 1006 has the preferred neighbors.
1004 , 
2023-11-24_22:24:50 Peer 1006 is choked by 1003
2023-11-24_22:24:51 Peer 1006 is choked by 1001
2023-11-24_22:24:51 Peer 1006 has the preferred neighbors.
1004 , 
2023-11-24_22:24:51 Peer 1006 is choked by 1003
2023-11-24_22:24:52 Peer 1006 is choked by 1001
2023-11-24_22:24:52 Peer 1006 has the preferred neighbors.
1004 , 
2023-11-24_22:24:52 Peer 1006 is choked by 1003
2023-11-24_22:24:53 Peer 1006 is choked by 1001
2023-11-24_22:24:53 Peer 1006 has the preferred neighbors.
1004 , 
2023-11-24_22:24:53 Peer 1006 is choked by 1003
2023-11-24_22:24:54 Peer 1006 is choked by 1001
2023-11-24_22:24:54 Peer 1006 is choked by 1003
2023-11-24_22:24:54 Peer 1006 has the preferred neighbors.
1004 , 
2023-11-24_22:24:55 Peer 1006 is choked by 1001
2023-11-24_22:24:55 Peer 1006 has the preferred neighbors.
1004 , 
2023-11-24_22:24:55 Peer 1006 is choked by 1003
2023-11-24_22:24:56 Peer 1006 is choked by 1001
2023-11-24_22:24:56 Peer 1006 has the preferred neighbors.
1004 , 
2023-11-24_22:24:56 Peer 1006 is choked by 1003
2023-11-24_22:24:57 Peer 1006 is choked by 1001
2023-11-24_22:24:57 Peer 1006 is choked by 1003
2023-11-24_22:24:57 Peer 1006 has the preferred neighbors.
1004 , 
2023-11-24_22:24:58 Peer 1006 is choked by 1001
2023-11-24_22:24:58 Peer 1006 has the preferred neighbors.
1004 , 
2023-11-24_22:24:58 Peer 1006 is choked by 1003
2023-11-24_22:24:59 Peer 1006 is choked by 1001
2023-11-24_22:24:59 Peer 1006 is choked by 1003
2023-11-24_22:24:59 Peer 1006 has the preferred neighbors.
1004 , 
2023-11-24_22:25:00 Peer 1006 is choked by 1001
2023-11-24_22:25:00 Peer 1006 is choked by 1003
2023-11-24_22:25:01 Peer 1006 has the preferred neighbors.
1004 , 
2023-11-24_22:25:01 Peer 1006 is choked by 1001
2023-11-24_22:25:02 Peer 1006 has the preferred neighbors.
1004 , 
2023-11-24_22:25:02 Peer 1006 is choked by 1003
2023-11-24_22:25:02 Peer 1006 is choked by 1001
2023-11-24_22:25:03 Peer 1006 has the preferred neighbors.
1004 , 
2023-11-24_22:25:03 Peer 1006 is choked by 1003
2023-11-24_22:25:03 Peer 1006 is choked by 1001
2023-11-24_22:25:04 Peer 1006 is choked by 1003
2023-11-24_22:25:04 Peer 1006 has the preferred neighbors.
1004 , 
2023-11-24_22:25:04 Peer 1006 is choked by 1001
2023-11-24_22:25:05 Peer 1006 is choked by 1003
2023-11-24_22:25:05 Peer 1006 has the preferred neighbors.
1004 , 
2023-11-24_22:25:06 Peer 1006 is choked by 1001
2023-11-24_22:25:06 Peer 1006 is choked by 1003
2023-11-24_22:25:06 Peer 1006 has the preferred neighbors.
1004 , 
2023-11-24_22:25:07 Peer 1006 is choked by 1001
2023-11-24_22:25:07 Peer 1006 is choked by 1003
2023-11-24_22:25:07 Peer 1006 has the preferred neighbors.
1004 , 
2023-11-24_22:25:08 Peer 1006 is choked by 1001
2023-11-24_22:25:08 Peer 1006 is choked by 1003
2023-11-24_22:25:08 Peer 1006 has the preferred neighbors.
1004 , 
2023-11-24_22:25:09 Peer 1006 is choked by 1001
2023-11-24_22:25:09 Peer 1006 is choked by 1003
2023-11-24_22:25:09 Peer 1006 has the preferred neighbors.
1004 , 
2023-11-24_22:25:10 Peer 1006 is choked by 1001
2023-11-24_22:25:10 Peer 1006 is choked by 1003
2023-11-24_22:25:10 Peer 1006 has the preferred neighbors.
1004 , 
2023-11-24_22:25:11 Peer 1006 is choked by 1001
2023-11-24_22:25:11 Peer 1006 is choked by 1003
2023-11-24_22:25:11 Peer 1006 has the preferred neighbors.
1004 , 
2023-11-24_22:25:12 Peer 1006 is choked by 1001
2023-11-24_22:25:12 Peer 1006 has the preferred neighbors.
1004 , 
2023-11-24_22:25:12 Peer 1006 is choked by 1003
